[2016.04.15-21.39.15:742][  0]Log file open, 04/15/16 16:39:15
[2016.04.15-21.39.15:742][  0]LogInit:Display: Running engine for game: ProyectoUE2
[2016.04.15-21.39.15:742][  0]LogPlatformFile: Not using cached read wrapper
[2016.04.15-21.39.15:742][  0]LogInit:Display: RandInit(1108550126) SRandInit(1108550128).
[2016.04.15-21.39.15:742][  0]LogTaskGraph: Started task graph with 4 named threads and 5 total threads.
[2016.04.15-21.39.15:742][  0]LogStats: Stats thread started at 0.260562
[2016.04.15-21.39.15:742][  0]LogInit: Version: 4.10.4-2872498+++depot+UE4-Releases+4.10
[2016.04.15-21.39.15:742][  0]LogInit: API Version: 2758231
[2016.04.15-21.39.15:742][  0]LogInit: Compiled (64-bit): Feb 18 2016 15:47:04
[2016.04.15-21.39.15:742][  0]LogInit: Compiled with Visual C++: 19.00.23026.00
[2016.04.15-21.39.15:742][  0]LogInit: Build Configuration: Development
[2016.04.15-21.39.15:742][  0]LogInit: Branch Name: ++depot+UE4-Releases+4.10
[2016.04.15-21.39.15:742][  0]LogInit: Command line:  
[2016.04.15-21.39.15:742][  0]LogInit: Base directory: C:/Program Files (x86)/Epic Games/4.10/Engine/Binaries/Win64/
[2016.04.15-21.39.15:742][  0]LogInit: Rocket: 1
[2016.04.15-21.39.15:912][  0]LogInit: Using libcurl 7.41.0
[2016.04.15-21.39.15:912][  0]LogInit:  - built for x86_64-pc-win32
[2016.04.15-21.39.15:912][  0]LogInit:  - supports SSL with WinSSL
[2016.04.15-21.39.15:912][  0]LogInit:  - other features:
[2016.04.15-21.39.15:912][  0]LogInit:      CURL_VERSION_SSL
[2016.04.15-21.39.15:912][  0]LogInit:      CURL_VERSION_IPV6
[2016.04.15-21.39.15:912][  0]LogInit:      CURL_VERSION_ASYNCHDNS
[2016.04.15-21.39.15:912][  0]LogInit:      CURL_VERSION_LARGEFILE
[2016.04.15-21.39.15:912][  0]LogInit:      CURL_VERSION_IDN
[2016.04.15-21.39.15:912][  0]LogInit:  CurlRequestOptions (configurable via config and command line):
[2016.04.15-21.39.15:912][  0]LogInit:  - bVerifyPeer = true  - Libcurl will verify peer certificate
[2016.04.15-21.39.15:912][  0]LogInit:  - bUseHttpProxy = false  - Libcurl will NOT use HTTP proxy
[2016.04.15-21.39.15:912][  0]LogInit:  - bDontReuseConnections = false  - Libcurl will reuse connections
[2016.04.15-21.39.15:912][  0]LogInit:  - CertBundlePath = nullptr  - Libcurl will use whatever was configured at build time.
[2016.04.15-21.39.16:161][  0]LogInit: Presizing for 0 objects not considered by GC, pre-allocating 0 bytes.
[2016.04.15-21.39.16:181][  0]LogInit: Object subsystem initialized
[2016.04.15-21.39.16:184][  0]LogInit: Selected Device Profile: [Windows]
[2016.04.15-21.39.16:184][  0]LogInit: Applying CVar settings loaded from the selected device profile: [Windows]
[2016.04.15-21.39.16:223][  0]LogInit: Computer: ACER
[2016.04.15-21.39.16:223][  0]LogInit: User: MieL
[2016.04.15-21.39.16:223][  0]LogInit: CPU Page size=4096, Cores=2
[2016.04.15-21.39.16:223][  0]LogInit: High frequency timer resolution =1.656323 MHz
[2016.04.15-21.39.16:223][  0]LogMemory: Memory total: Physical=5.9GB (6GB approx)
[2016.04.15-21.39.16:224][  0]LogMemory: Platform Memory Stats for Windows
[2016.04.15-21.39.16:224][  0]LogMemory: Process Physical Memory: 54.69 MB used, 54.69 MB peak
[2016.04.15-21.39.16:224][  0]LogMemory: Process Virtual Memory: 55.32 MB used, 55.32 MB peak
[2016.04.15-21.39.16:224][  0]LogMemory: Physical Memory: 2117.32 MB used, 6024.27 MB total
[2016.04.15-21.39.16:224][  0]LogMemory: Virtual Memory: 358.64 MB used, 134217728.00 MB total
[2016.04.15-21.39.17:097][  0]LogTextLocalizationManager: No specific translations for ('es-MX') exist, so ('es') translations will be used.
[2016.04.15-21.39.19:137][  0]LogD3D11RHI: Found D3D11 adapter 0: Intel(R) HD Graphics Family (Feature Level 11_0)
[2016.04.15-21.39.19:137][  0]LogD3D11RHI: Adapter has 32MB of dedicated video memory, 0MB of dedicated system memory, and 1760MB of shared system memory, 1 output[s]
[2016.04.15-21.39.19:142][  0]LogD3D11RHI: Found D3D11 adapter 1: Microsoft Basic Render Driver (Feature Level 11_0)
[2016.04.15-21.39.19:142][  0]LogD3D11RHI: Adapter has 0MB of dedicated video memory, 0MB of dedicated system memory, and 256MB of shared system memory, 0 output[s]
[2016.04.15-21.39.19:142][  0]LogD3D11RHI: Chosen D3D11 Adapter Id = 0
[2016.04.15-21.39.19:154][  0]LogD3D11RHI: !Direct3DDevice
[2016.04.15-21.39.19:154][  0]LogRHI: Texture pool is 638 MB (70% of 912 MB)
[2016.04.15-21.39.19:174][  0]LogD3D11RHI: Async texture creation enabled
[2016.04.15-21.39.19:194][  0]LogShaderCompilers: Guid format shader working directory is -21 characters bigger than the processId version (../../../../../../Users/User/Documents/Unreal Projects/ProyectoUE2/Intermediate/Shaders/WorkingDirectory/6340/).
[2016.04.15-21.39.19:195][  0]LogShaderCompilers: Cleaned the shader compiler working directory 'C:/Users/User/AppData/Local/Temp/UnrealShaderWorkingDir/D1AFD96B4FF2BFE8EC9753A841D5BF87/'.
[2016.04.15-21.39.19:195][  0]LogShaderCompilers:Display: Using Local Shader Compiler.
[2016.04.15-21.39.23:368][  0]LogTemp:Display: Loaded TP AllDesktopTargetPlatform
[2016.04.15-21.39.23:450][  0]LogTemp:Display: Loaded TP WindowsClientTargetPlatform
[2016.04.15-21.39.23:527][  0]LogTemp:Display: Loaded TP WindowsNoEditorTargetPlatform
[2016.04.15-21.39.23:606][  0]LogTemp:Display: Loaded TP WindowsServerTargetPlatform
[2016.04.15-21.39.23:678][  0]LogTemp:Display: Loaded TP WindowsTargetPlatform
[2016.04.15-21.39.23:723][  0]LogTemp:Display: Loaded TP AndroidTargetPlatform
[2016.04.15-21.39.23:784][  0]LogTemp:Display: Loaded TP Android_ASTCTargetPlatform
[2016.04.15-21.39.23:832][  0]LogTemp:Display: Loaded TP Android_ATCTargetPlatform
[2016.04.15-21.39.23:881][  0]LogTemp:Display: Loaded TP Android_DXTTargetPlatform
[2016.04.15-21.39.23:930][  0]LogTemp:Display: Loaded TP Android_ETC1TargetPlatform
[2016.04.15-21.39.23:983][  0]LogTemp:Display: Loaded TP Android_ETC2TargetPlatform
[2016.04.15-21.39.24:091][  0]LogTemp:Display: Loaded TP Android_MultiTargetPlatform
[2016.04.15-21.39.24:092][  0]LogTemp:Display: Loaded TP Android_PVRTCTargetPlatform
[2016.04.15-21.39.24:165][  0]LogTemp:Display: Loaded TP HTML5TargetPlatform
[2016.04.15-21.39.24:370][  0]LogTemp:Display: Loaded TP IOSTargetPlatform
[2016.04.15-21.39.24:422][  0]LogTemp:Display: Loaded TP LinuxNoEditorTargetPlatform
[2016.04.15-21.39.24:474][  0]LogTemp:Display: Loaded TP LinuxServerTargetPlatform
[2016.04.15-21.39.24:540][  0]LogTemp:Display: Loaded TP LinuxTargetPlatform
[2016.04.15-21.39.24:541][  0]LogTargetPlatformManager:Display: Building Assets For Windows
[2016.04.15-21.39.26:010][  0]LogDerivedDataCache:Display: Max Cache Size: 512 MB
[2016.04.15-21.39.26:165][  0]LogDerivedDataCache: Loaded boot cache 0.15s 41MB C:/Users/User/AppData/Local/UnrealEngine/4.10/DerivedDataCache/Boot.ddc.
[2016.04.15-21.39.26:165][  0]LogDerivedDataCache:Display: Loaded Boot cache: C:/Users/User/AppData/Local/UnrealEngine/4.10/DerivedDataCache/Boot.ddc
[2016.04.15-21.39.26:165][  0]LogDerivedDataCache: FDerivedDataBackendGraph:  Pak pak cache file ../../../../../../Users/User/Documents/Unreal Projects/ProyectoUE2/DerivedDataCache/DDC.ddp not found, will not use a pak cache.
[2016.04.15-21.39.26:165][  0]LogDerivedDataCache: Unable to find inner node Pak for hierarchical cache Hierarchy.
[2016.04.15-21.39.26:166][  0]LogDerivedDataCache: FDerivedDataBackendGraph:  CompressedPak pak cache file ../../../../../../Users/User/Documents/Unreal Projects/ProyectoUE2/DerivedDataCache/Compressed.ddp not found, will not use a pak cache.
[2016.04.15-21.39.26:166][  0]LogDerivedDataCache: Unable to find inner node CompressedPak for hierarchical cache Hierarchy.
[2016.04.15-21.39.26:404][  0]LogDerivedDataCache:Display: Pak cache opened for reading ../../../Engine/DerivedDataCache/Compressed.ddp.
[2016.04.15-21.39.26:420][  0]LogDerivedDataCache: Using Local data cache path C:/Users/User/AppData/Local/UnrealEngine/Common/DerivedDataCache: Writable
[2016.04.15-21.39.27:276][  0]LogInit: Selected Device Profile: [Windows]
[2016.04.15-21.39.27:283][  0]LogContentStreaming: Texture pool size is 0.000000MB
[2016.04.15-21.39.27:970][  0]LogMeshUtilities: No automatic mesh reduction module available
[2016.04.15-21.39.27:970][  0]LogMeshUtilities: No automatic mesh merging module available
[2016.04.15-21.39.29:441][  0]LogInit: WinSock: version 1.1 (2.2), MaxSocks=32767, MaxUdp=65467
[2016.04.15-21.39.37:158][  0]UdpMessaging: Initializing bridge on interface 0.0.0.0:0 to multicast group 230.0.0.1:6666.
[2016.04.15-21.39.38:263][  0]LogAssetRegistry: FAssetRegistry took 0.0123 seconds to start up
[2016.04.15-21.39.41:616][  0]SourceControl: Información El control de código fuente está desactivado
[2016.04.15-21.39.41:623][  0]SourceControl: Información El control de código fuente está desactivado
[2016.04.15-21.39.42:000][  0]SourceControl: Información El control de código fuente está desactivado
[2016.04.15-21.39.42:149][  0]SourceControl: Información El control de código fuente está desactivado
[2016.04.15-21.39.44:713][  0]LogObj: 28633 objects as part of root set at end of initial load.
[2016.04.15-21.39.44:713][  0]LogUObjectAllocator: 6099744 out of 0 bytes used by permanent object pool.
[2016.04.15-21.39.45:095][  0]LogEngine: Initializing Engine...
[2016.04.15-21.39.45:121][  0]LogHMD: Can't find Oculus library dev build: is proper Runtime installed? Version: 0.8.0.0
[2016.04.15-21.39.45:160][  0]LogHMD: SteamVR failed to initialize.  Err: 110
[2016.04.15-21.39.45:795][  0]LogAIModule: Creating AISystem for world NewWorld
[2016.04.15-21.39.45:813][  0]LogInit: XAudio2 using 'Altavoces (Realtek High Definition Audio)' : 2 channels at 48 kHz using 32 bits per sample (channel mask 0x3)
[2016.04.15-21.39.46:473][  0]LogInit: FAudioDevice initialized.
[2016.04.15-21.39.46:533][  0]LogDerivedDataCache: Saved boot cache 0.06s 41MB C:/Users/User/AppData/Local/UnrealEngine/4.10/DerivedDataCache/Boot.ddc.
[2016.04.15-21.39.46:543][  0]LogInit: Texture streaming: Enabled
[2016.04.15-21.39.46:648][  0]LogAnalytics: Creating configured Analytics provider AnalyticsET
[2016.04.15-21.39.46:648][  0]LogAnalytics: [UEEditor.Rocket.Release] APIServer = http://et2.epicgames.com/ET2/. AppVersion = 4.10.4-2872498+++depot+UE4-Releases+4.10
[2016.04.15-21.39.46:648][  0]LogAnalytics: [UEEditor.Rocket.Release] SetUserId 7d6e982040bdfa2d37207091dd9f6648|703d63ca085b4982a6f34989b8311170|423990dd-a1b8-4259-9077-6163d5ea4614
[2016.04.15-21.39.46:648][  0]LogAnalytics: [UEEditor.Rocket.Release] AnalyticsET::StartSession
[2016.04.15-21.39.46:719][  0]LogInit: Transaction tracking system initialized
[2016.04.15-21.39.47:178][  0]BlueprintLog: New page: Cargar el editor
[2016.04.15-21.39.49:336][  0]LocalizationService: Información Localization service is disabled
[2016.04.15-21.39.50:341][  0]LogLinker:Warning: No puede encontrar el archivo '/Game/ThirdPersonBP/ThirdPersonOverview'
[2016.04.15-21.39.50:341][  0]LogLinker:Warning: No puede encontrar el archivo '/Game/ThirdPersonBP/ThirdPersonOverview'
[2016.04.15-21.39.50:341][  0]LogUObjectGlobals:Warning: Error al encontrar el objeto 'Class /Game/ThirdPersonBP/ThirdPersonOverview.ThirdPersonOverview_C'
[2016.04.15-21.39.51:155][  0]LogConsoleResponse:Display: 
[2016.04.15-21.39.51:854][  0]LogCook:Display: Done creating registry. It took  0.00s.
[2016.04.15-21.39.52:744][  0]LogFileCache: Scanning file cache for directory 'C:/Users/User/Documents/Unreal Projects/ProyectoUE2/Content/' took 0.06s
[2016.04.15-21.39.52:879][  0]SourceControl: Información El control de código fuente está desactivado
[2016.04.15-21.39.52:879][  0]Cmd: MAP LOAD FILE="../../../../../../Users/User/Documents/Unreal Projects/ProyectoUE2/Content/Game/Maps/Menu.umap" TEMPLATE=0 SHOWPROGRESS=1 FEATURELEVEL=3
[2016.04.15-21.39.52:881][  0]LightingResults: New page: Diseñar la iluminación
[2016.04.15-21.39.52:894][  0]MapCheck: New page: Revisión del mapa
[2016.04.15-21.39.52:894][  0]LightingResults: New page: Diseñar la iluminación
[2016.04.15-21.39.52:953][  0]LogParticles: Destroying 0 GPU particle simulations for FXSystem 0x000000CB7A7EB420
[2016.04.15-21.39.54:541][  0]LogAIModule: Creating AISystem for world Menu
[2016.04.15-21.39.54:555][  0]LogEditorServer: Finished looking for orphan Actors (0.000 secs)
[2016.04.15-21.39.54:556][  0]Cmd: MAP CHECKDEP NOCLEARLOG
[2016.04.15-21.39.54:946][  0]MapCheck: Información Map check complete: 0 Error(s), 0 Warning(s), took 389.331ms to complete.
[2016.04.15-21.39.54:946][  0]LogFileHelpers: Loading map 'Menu' took 2.067
[2016.04.15-21.39.55:287][  0]LogCollectionManager: Loaded 0 collections in 0.012719 seconds
[2016.04.15-21.39.55:355][  0]LogFileCache: Scanning file cache for directory 'C:/Users/User/Documents/Unreal Projects/ProyectoUE2/Saved/Collections/' took 0.01s
[2016.04.15-21.39.55:355][  0]LogFileCache: Scanning file cache for directory 'C:/Users/User/Documents/Unreal Projects/ProyectoUE2/Content/Developers/MieL/Collections/' took 0.01s
[2016.04.15-21.39.55:355][  0]LogFileCache: Scanning file cache for directory 'C:/Users/User/Documents/Unreal Projects/ProyectoUE2/Content/Collections/' took 0.01s
[2016.04.15-21.39.55:355][  0]LogCollectionManager: Rebuilt the GUID cache for 0 collections in 0.000007 seconds
[2016.04.15-21.39.55:388][  0]LogContentBrowser: Native class hierarchy populated in 0.0332 seconds. Added 1893 classes and 338 folders.
[2016.04.15-21.39.55:421][  0]LogContentBrowser: Native class hierarchy updated for 'WidgetCarousel' in 0.0015 seconds. Added 0 classes and 0 folders.
[2016.04.15-21.39.55:753][  0]LogContentBrowser: Native class hierarchy updated for 'AddContentDialog' in 0.0013 seconds. Added 0 classes and 0 folders.
[2016.04.15-21.39.55:928][  0]LogContentBrowser: Native class hierarchy updated for 'SceneOutliner' in 0.0014 seconds. Added 1 classes and 2 folders.
[2016.04.15-21.39.56:180][  0]LogCrashTracker: Crashtracker disabled due to settings.
[2016.04.15-21.39.56:200][  0]LogUObjectGlobals:Warning: Error al encontrar el objeto 'Class Ninguno.'
[2016.04.15-21.39.56:233][  0]LogLoad: Full Startup: 43.15 seconds (BP compile: 0.22 seconds)
[2016.04.15-21.39.56:253][  0]LogWindowsTextInputMethodSystem:Display: IME system now deactivated.
[2016.04.15-21.39.56:254][  0]LogWindowsTextInputMethodSystem:Display: IME system now deactivated.
[2016.04.15-21.39.56:278][  0]LogOcInput: Can't find Oculus library dev build: is proper Runtime installed? Version: 0.8.0.0
[2016.04.15-21.39.56:466][  0]LogContentStreaming: Texture pool size now 200 MB
[2016.04.15-21.39.56:908][  0]LogRenderer: Reallocating scene render targets to support 824x376 (Frame:2).
[2016.04.15-21.39.59:660][  8]LogAssetRegistry: Asset discovery search completed in 21.4095 seconds
[2016.04.15-21.39.59:660][  8]LogCollectionManager: Rebuilt the object cache for 0 collections in 0.000001 seconds (found 0 objects)
[2016.04.15-21.39.59:661][  8]LogCollectionManager: Fixed up redirectors for 0 collections in 0.000060 seconds (updated 0 objects)
[2016.04.15-21.43.00:450][814]Cmd: CAMERA ALIGN ACTIVEVIEWPORTONLY
[2016.04.15-21.43.00:450][814]Can't find target actor or component.
[2016.04.15-21.43.00:579][821]Cmd: CAMERA ALIGN ACTIVEVIEWPORTONLY
[2016.04.15-21.43.00:579][821]Can't find target actor or component.
[2016.04.15-21.43.01:022][847]Cmd: CAMERA ALIGN ACTIVEVIEWPORTONLY
[2016.04.15-21.43.01:022][847]Can't find target actor or component.
[2016.04.15-21.47.17:129][508]LogAIModule: Creating AISystem for world NivelTutorial
[2016.04.15-21.47.17:322][508]Cmd: MAP LOAD FILE="../../../../../../Users/User/Documents/Unreal Projects/ProyectoUE2/Content/Game/Maps/NivelTutorial.umap" TEMPLATE=0 SHOWPROGRESS=1 FEATURELEVEL=3
[2016.04.15-21.47.17:322][508]LightingResults: New page: Diseñar la iluminación
[2016.04.15-21.47.17:437][508]LoadErrors: New page: Cargando mapa: NivelTutorial.umap
[2016.04.15-21.47.17:439][508]MapCheck: New page: Revisión del mapa
[2016.04.15-21.47.17:439][508]LightingResults: New page: Diseñar la iluminación
[2016.04.15-21.47.17:510][508]LogParticles: Destroying 0 GPU particle simulations for FXSystem 0x000000CB6E0D56C0
[2016.04.15-21.47.17:671][508]LogEditorServer: Finished looking for orphan Actors (0.000 secs)
[2016.04.15-21.47.17:841][508]Cmd: MAP CHECKDEP NOCLEARLOG
[2016.04.15-21.47.18:395][508]MapCheck: Información Map check complete: 0 Error(s), 0 Warning(s), took 553.912ms to complete.
[2016.04.15-21.47.18:399][508]LogFileHelpers: Loading map 'NivelTutorial' took 1.081
[2016.04.15-21.52.13:259][318]LogAIModule: Creating AISystem for world Menu
[2016.04.15-21.52.13:370][318]Cmd: MAP LOAD FILE="../../../../../../Users/User/Documents/Unreal Projects/ProyectoUE2/Content/Game/Maps/Menu.umap" TEMPLATE=0 SHOWPROGRESS=1 FEATURELEVEL=3
[2016.04.15-21.52.13:371][318]LightingResults: New page: Diseñar la iluminación
[2016.04.15-21.52.13:487][318]LoadErrors: New page: Cargando mapa: Menu.umap
[2016.04.15-21.52.13:493][318]MapCheck: New page: Revisión del mapa
[2016.04.15-21.52.13:494][318]LightingResults: New page: Diseñar la iluminación
[2016.04.15-21.52.13:575][318]LogParticles: Destroying 0 GPU particle simulations for FXSystem 0x000000CB04551580
[2016.04.15-21.52.13:780][318]LogEditorServer: Finished looking for orphan Actors (0.000 secs)
[2016.04.15-21.52.13:998][318]Cmd: MAP CHECKDEP NOCLEARLOG
[2016.04.15-21.52.14:603][318]MapCheck: Información Map check complete: 0 Error(s), 0 Warning(s), took 603.498ms to complete.
[2016.04.15-21.52.14:605][318]LogFileHelpers: Loading map 'Menu' took 1.239
[2016.04.15-21.52.16:503][421]LogBlueprintUserMessages: Early PlayInEditor Detection: Level '/Game/Game/Maps/Menu.Menu:PersistentLevel' has LevelScriptBlueprint '/Game/Game/Maps/Menu.Menu:PersistentLevel.Menu' with GeneratedClass '/Game/Game/Maps/Menu.Menu_C' with ClassGeneratedBy '/Game/Game/Maps/Menu.Menu:PersistentLevel.Menu'
[2016.04.15-21.52.16:503][421]LogPlayLevel: PlayLevel: No blueprints needed recompiling
[2016.04.15-21.52.16:504][421]PIE: New page: Sesión PIE (reproducción en el editor): Menu (15/04/2016 11:52:16)
[2016.04.15-21.52.16:504][421]LogPlayLevel: Creating play world package: /Game/Game/Maps/UEDPIE_0_Menu
[2016.04.15-21.52.16:518][421]LogPlayLevel: PIE: StaticDuplicateObject took: (0.014207s)
[2016.04.15-21.52.16:519][421]LogAIModule: Creating AISystem for world Menu
[2016.04.15-21.52.16:520][421]LogPlayLevel: PIE: World Init took: (0.001464s)
[2016.04.15-21.52.16:520][421]LogPlayLevel: PIE: Created PIE world by copying editor world from /Game/Game/Maps/Menu.Menu to /Game/Game/Maps/UEDPIE_0_Menu.Menu (0.016146s)
[2016.04.15-21.52.16:581][421]LogInit: XAudio2 using 'Altavoces (Realtek High Definition Audio)' : 2 channels at 48 kHz using 32 bits per sample (channel mask 0x3)
[2016.04.15-21.52.16:603][421]LogInit: FAudioDevice initialized.
[2016.04.15-21.52.16:714][421]LogWorld: Game class is 'GameMode'
[2016.04.15-21.52.16:719][421]LogWorld: Bringing World /Game/Game/Maps/UEDPIE_0_Menu.Menu up for play (max tick rate 60) at 2016.04.15-16.52.16
[2016.04.15-21.52.16:719][421]LogActor:Warning: GameSession /Game/Game/Maps/UEDPIE_0_Menu.Menu:PersistentLevel.GameSession_0 has natively added scene component(s), but none of them were set as the actor's RootComponent - picking one arbitrarily
[2016.04.15-21.52.16:720][421]LogActor:Warning: GameNetworkManager /Game/Game/Maps/UEDPIE_0_Menu.Menu:PersistentLevel.GameNetworkManager_0 has natively added scene component(s), but none of them were set as the actor's RootComponent - picking one arbitrarily
[2016.04.15-21.52.16:720][421]LogWorld: Bringing up level for play took: 0.004719
[2016.04.15-21.52.16:728][421]PIE: Información Tiempo de inicio de la reproducción en el editor para  /Game/Game/Maps/UEDPIE_0_Menu -0.105
[2016.04.15-21.52.16:728][421]LogBlueprintUserMessages: Late PlayInEditor Detection: Level '/Game/Game/Maps/Menu.Menu:PersistentLevel' has LevelScriptBlueprint '/Game/Game/Maps/Menu.Menu:PersistentLevel.Menu' with GeneratedClass '/Game/Game/Maps/Menu.Menu_C' with ClassGeneratedBy '/Game/Game/Maps/Menu.Menu:PersistentLevel.Menu'
[2016.04.15-21.52.31:318][210]LogPackageName: SearchForPackageOnDisk took   0.337s to resolve Nivel1.umap.
[2016.04.15-21.52.31:791][211]LogPackageName: SearchForPackageOnDisk took   0.458s to resolve Nivel1.umap.
[2016.04.15-21.52.31:791][211]LogNet: Browse: /Game/Game/Maps/Nivel1
[2016.04.15-21.52.31:792][211]LogLoad: LoadMap: /Game/Game/Maps/Nivel1
[2016.04.15-21.52.31:882][211]LogParticles: Destroying 0 GPU particle simulations for FXSystem 0x000000CB6B607880
[2016.04.15-21.52.31:882][211]Cmd: MEM
[2016.04.15-21.52.31:959][211]LogMemory: Platform Memory Stats for Windows
[2016.04.15-21.52.31:959][211]LogMemory: Process Physical Memory: 563.05 MB used, 576.47 MB peak
[2016.04.15-21.52.31:959][211]LogMemory: Process Virtual Memory: 542.72 MB used, 542.95 MB peak
[2016.04.15-21.52.31:959][211]LogMemory: Physical Memory: 3410.19 MB used, 6024.27 MB total
[2016.04.15-21.52.31:959][211]LogMemory: Virtual Memory: 1213.93 MB used, 134217728.00 MB total
[2016.04.15-21.52.31:959][211]LogMemory: 
[2016.04.15-21.52.31:959][211]Allocator Stats for TBB: (not implemented)
[2016.04.15-21.53.05:024][211]LogAIModule: Creating AISystem for world Nivel1
[2016.04.15-21.53.05:025][211]LogWorld: Game class is 'ThirdPersonGameMode_C'
[2016.04.15-21.53.05:131][211]LogWorld: Bringing World /Game/Game/Maps/UEDPIE_0_Nivel1.Nivel1 up for play (max tick rate 60) at 2016.04.15-16.53.05
[2016.04.15-21.53.05:131][211]LogActor:Warning: GameSession /Game/Game/Maps/UEDPIE_0_Nivel1.Nivel1:PersistentLevel.GameSession_1 has natively added scene component(s), but none of them were set as the actor's RootComponent - picking one arbitrarily
[2016.04.15-21.53.05:132][211]LogActor:Warning: GameNetworkManager /Game/Game/Maps/UEDPIE_0_Nivel1.Nivel1:PersistentLevel.GameNetworkManager_1 has natively added scene component(s), but none of them were set as the actor's RootComponent - picking one arbitrarily
[2016.04.15-21.53.05:136][211]LogWorld: Bringing up level for play took: 0.108720
[2016.04.15-21.53.05:140][211]LogGameMode: Warning - PATHS NOT DEFINED or NO PLAYERSTART with positive rating
[2016.04.15-21.53.05:141][211]LogSpawn:Warning: SpawnActor failed because no class was specified
[2016.04.15-21.53.23:637][176]LogBlueprintUserMessages: Early EndPlayMap Detection: Level '/Game/Game/Maps/Menu.Menu:PersistentLevel' has LevelScriptBlueprint '/Game/Game/Maps/Menu.Menu:PersistentLevel.Menu' with GeneratedClass '/Game/Game/Maps/Menu.Menu_C' with ClassGeneratedBy '/Game/Game/Maps/Menu.Menu:PersistentLevel.Menu'
[2016.04.15-21.53.23:801][176]LogBlueprintUserMessages: Late EndPlayMap Detection: Level '/Game/Game/Maps/Menu.Menu:PersistentLevel' has LevelScriptBlueprint '/Game/Game/Maps/Menu.Menu:PersistentLevel.Menu' with GeneratedClass '/Game/Game/Maps/Menu.Menu_C' with ClassGeneratedBy '/Game/Game/Maps/Menu.Menu:PersistentLevel.Menu'
[2016.04.15-21.53.23:952][176]LogParticles: Destroying 0 GPU particle simulations for FXSystem 0x000000CB0F08B7E0
[2016.04.15-21.53.24:101][176]LogRenderer: Reallocating scene render targets to support 824x564 (Frame:1789).
[2016.04.15-21.53.27:378][347]LogBlueprintUserMessages: Early PlayInEditor Detection: Level '/Game/Game/Maps/Menu.Menu:PersistentLevel' has LevelScriptBlueprint '/Game/Game/Maps/Menu.Menu:PersistentLevel.Menu' with GeneratedClass '/Game/Game/Maps/Menu.Menu_C' with ClassGeneratedBy '/Game/Game/Maps/Menu.Menu:PersistentLevel.Menu'
[2016.04.15-21.53.27:378][347]LogPlayLevel: PlayLevel: No blueprints needed recompiling
[2016.04.15-21.53.27:378][347]PIE: New page: Sesión PIE (reproducción en el editor): Menu (15/04/2016 11:53:27)
[2016.04.15-21.53.27:379][347]LogPlayLevel: Creating play world package: /Game/Game/Maps/UEDPIE_0_Menu
[2016.04.15-21.53.27:390][347]LogPlayLevel: PIE: StaticDuplicateObject took: (0.011544s)
[2016.04.15-21.53.27:392][347]LogAIModule: Creating AISystem for world Menu
[2016.04.15-21.53.27:392][347]LogPlayLevel: PIE: World Init took: (0.002076s)
[2016.04.15-21.53.27:393][347]LogPlayLevel: PIE: Created PIE world by copying editor world from /Game/Game/Maps/Menu.Menu to /Game/Game/Maps/UEDPIE_0_Menu.Menu (0.014157s)
[2016.04.15-21.53.27:478][347]LogInit: XAudio2 using 'Altavoces (Realtek High Definition Audio)' : 2 channels at 48 kHz using 32 bits per sample (channel mask 0x3)
[2016.04.15-21.53.27:507][347]LogInit: FAudioDevice initialized.
[2016.04.15-21.53.27:564][347]LogWorld: Game class is 'GameMode'
[2016.04.15-21.53.27:571][347]LogWorld: Bringing World /Game/Game/Maps/UEDPIE_0_Menu.Menu up for play (max tick rate 60) at 2016.04.15-16.53.27
[2016.04.15-21.53.27:571][347]LogActor:Warning: GameSession /Game/Game/Maps/UEDPIE_0_Menu.Menu:PersistentLevel.GameSession_2 has natively added scene component(s), but none of them were set as the actor's RootComponent - picking one arbitrarily
[2016.04.15-21.53.27:572][347]LogActor:Warning: GameNetworkManager /Game/Game/Maps/UEDPIE_0_Menu.Menu:PersistentLevel.GameNetworkManager_2 has natively added scene component(s), but none of them were set as the actor's RootComponent - picking one arbitrarily
[2016.04.15-21.53.27:572][347]LogWorld: Bringing up level for play took: 0.006918
[2016.04.15-21.53.27:579][347]PIE: Información Tiempo de inicio de la reproducción en el editor para  /Game/Game/Maps/UEDPIE_0_Menu 0.747
[2016.04.15-21.53.27:580][347]LogBlueprintUserMessages: Late PlayInEditor Detection: Level '/Game/Game/Maps/Menu.Menu:PersistentLevel' has LevelScriptBlueprint '/Game/Game/Maps/Menu.Menu:PersistentLevel.Menu' with GeneratedClass '/Game/Game/Maps/Menu.Menu_C' with ClassGeneratedBy '/Game/Game/Maps/Menu.Menu:PersistentLevel.Menu'
[2016.04.15-21.53.35:161][722]LogPackageName: SearchForPackageOnDisk took   0.703s to resolve Nivel1.umap.
[2016.04.15-21.53.35:752][723]LogPackageName: SearchForPackageOnDisk took   0.574s to resolve Nivel1.umap.
[2016.04.15-21.53.35:752][723]LogNet: Browse: /Game/Game/Maps/Nivel1
[2016.04.15-21.53.35:752][723]LogLoad: LoadMap: /Game/Game/Maps/Nivel1
[2016.04.15-21.53.35:836][723]LogParticles: Destroying 0 GPU particle simulations for FXSystem 0x000000CB0F088D60
[2016.04.15-21.53.35:836][723]Cmd: MEM
[2016.04.15-21.53.35:913][723]LogMemory: Platform Memory Stats for Windows
[2016.04.15-21.53.35:913][723]LogMemory: Process Physical Memory: 884.51 MB used, 900.17 MB peak
[2016.04.15-21.53.35:913][723]LogMemory: Process Virtual Memory: 870.94 MB used, 880.01 MB peak
[2016.04.15-21.53.35:913][723]LogMemory: Physical Memory: 3701.08 MB used, 6024.27 MB total
[2016.04.15-21.53.35:914][723]LogMemory: Virtual Memory: 1547.15 MB used, 134217728.00 MB total
[2016.04.15-21.53.35:914][723]LogMemory: 
[2016.04.15-21.53.35:914][723]Allocator Stats for TBB: (not implemented)
[2016.04.15-21.53.37:944][723]LogAIModule: Creating AISystem for world Nivel1
[2016.04.15-21.53.37:945][723]LogWorld: Game class is 'ThirdPersonGameMode_C'
[2016.04.15-21.53.37:981][723]LogWorld: Bringing World /Game/Game/Maps/UEDPIE_0_Nivel1.Nivel1 up for play (max tick rate 60) at 2016.04.15-16.53.37
[2016.04.15-21.53.37:981][723]LogActor:Warning: GameSession /Game/Game/Maps/UEDPIE_0_Nivel1.Nivel1:PersistentLevel.GameSession_3 has natively added scene component(s), but none of them were set as the actor's RootComponent - picking one arbitrarily
[2016.04.15-21.53.37:981][723]LogActor:Warning: GameNetworkManager /Game/Game/Maps/UEDPIE_0_Nivel1.Nivel1:PersistentLevel.GameNetworkManager_3 has natively added scene component(s), but none of them were set as the actor's RootComponent - picking one arbitrarily
[2016.04.15-21.53.37:983][723]LogWorld: Bringing up level for play took: 0.036469
[2016.04.15-21.53.37:985][723]LogGameMode: Warning - PATHS NOT DEFINED or NO PLAYERSTART with positive rating
[2016.04.15-21.53.37:986][723]LogSpawn:Warning: SpawnActor failed because no class was specified
[2016.04.15-21.53.52:971][605]LogBlueprintUserMessages: Early EndPlayMap Detection: Level '/Game/Game/Maps/Menu.Menu:PersistentLevel' has LevelScriptBlueprint '/Game/Game/Maps/Menu.Menu:PersistentLevel.Menu' with GeneratedClass '/Game/Game/Maps/Menu.Menu_C' with ClassGeneratedBy '/Game/Game/Maps/Menu.Menu:PersistentLevel.Menu'
[2016.04.15-21.53.53:008][605]LogBlueprintUserMessages: Late EndPlayMap Detection: Level '/Game/Game/Maps/Menu.Menu:PersistentLevel' has LevelScriptBlueprint '/Game/Game/Maps/Menu.Menu:PersistentLevel.Menu' with GeneratedClass '/Game/Game/Maps/Menu.Menu_C' with ClassGeneratedBy '/Game/Game/Maps/Menu.Menu:PersistentLevel.Menu'
[2016.04.15-21.53.53:056][605]LogParticles: Destroying 0 GPU particle simulations for FXSystem 0x000000CB7B6DAB60
[2016.04.15-21.54.01:352][ 83]LogBlueprintUserMessages: Early PlayInEditor Detection: Level '/Game/Game/Maps/Menu.Menu:PersistentLevel' has LevelScriptBlueprint '/Game/Game/Maps/Menu.Menu:PersistentLevel.Menu' with GeneratedClass '/Game/Game/Maps/Menu.Menu_C' with ClassGeneratedBy '/Game/Game/Maps/Menu.Menu:PersistentLevel.Menu'
[2016.04.15-21.54.01:352][ 83]LogPlayLevel: PlayLevel: No blueprints needed recompiling
[2016.04.15-21.54.01:352][ 83]PIE: New page: Sesión PIE (reproducción en el editor): Menu (15/04/2016 11:54:01)
[2016.04.15-21.54.01:353][ 83]LogPlayLevel: Creating play world package: /Game/Game/Maps/UEDPIE_0_Menu
[2016.04.15-21.54.01:370][ 83]LogPlayLevel: PIE: StaticDuplicateObject took: (0.017571s)
[2016.04.15-21.54.01:372][ 83]LogAIModule: Creating AISystem for world Menu
[2016.04.15-21.54.01:373][ 83]LogPlayLevel: PIE: World Init took: (0.002577s)
[2016.04.15-21.54.01:373][ 83]LogPlayLevel: PIE: Created PIE world by copying editor world from /Game/Game/Maps/Menu.Menu to /Game/Game/Maps/UEDPIE_0_Menu.Menu (0.020821s)
[2016.04.15-21.54.01:499][ 83]LogInit: XAudio2 using 'Altavoces (Realtek High Definition Audio)' : 2 channels at 48 kHz using 32 bits per sample (channel mask 0x3)
[2016.04.15-21.54.01:536][ 83]LogInit: FAudioDevice initialized.
[2016.04.15-21.54.01:622][ 83]LogWorld: Game class is 'GameMode'
[2016.04.15-21.54.01:632][ 83]LogWorld: Bringing World /Game/Game/Maps/UEDPIE_0_Menu.Menu up for play (max tick rate 60) at 2016.04.15-16.54.01
[2016.04.15-21.54.01:632][ 83]LogActor:Warning: GameSession /Game/Game/Maps/UEDPIE_0_Menu.Menu:PersistentLevel.GameSession_4 has natively added scene component(s), but none of them were set as the actor's RootComponent - picking one arbitrarily
[2016.04.15-21.54.01:633][ 83]LogActor:Warning: GameNetworkManager /Game/Game/Maps/UEDPIE_0_Menu.Menu:PersistentLevel.GameNetworkManager_4 has natively added scene component(s), but none of them were set as the actor's RootComponent - picking one arbitrarily
[2016.04.15-21.54.01:634][ 83]LogWorld: Bringing up level for play took: 0.010051
[2016.04.15-21.54.01:646][ 83]PIE: Información Tiempo de inicio de la reproducción en el editor para  /Game/Game/Maps/UEDPIE_0_Menu 0.813
[2016.04.15-21.54.01:647][ 83]LogBlueprintUserMessages: Late PlayInEditor Detection: Level '/Game/Game/Maps/Menu.Menu:PersistentLevel' has LevelScriptBlueprint '/Game/Game/Maps/Menu.Menu:PersistentLevel.Menu' with GeneratedClass '/Game/Game/Maps/Menu.Menu_C' with ClassGeneratedBy '/Game/Game/Maps/Menu.Menu:PersistentLevel.Menu'
[2016.04.15-21.54.08:865][445]LogPackageName: SearchForPackageOnDisk took   0.630s to resolve Nivel1.umap.
[2016.04.15-21.54.09:491][446]LogPackageName: SearchForPackageOnDisk took   0.593s to resolve Nivel1.umap.
[2016.04.15-21.54.09:491][446]LogNet: Browse: /Game/Game/Maps/Nivel1
[2016.04.15-21.54.09:497][446]LogLoad: LoadMap: /Game/Game/Maps/Nivel1
[2016.04.15-21.54.09:596][446]LogParticles: Destroying 0 GPU particle simulations for FXSystem 0x000000CB7B701760
[2016.04.15-21.54.09:596][446]Cmd: MEM
[2016.04.15-21.54.09:682][446]LogMemory: Platform Memory Stats for Windows
[2016.04.15-21.54.09:682][446]LogMemory: Process Physical Memory: 891.16 MB used, 905.95 MB peak
[2016.04.15-21.54.09:682][446]LogMemory: Process Virtual Memory: 882.64 MB used, 882.64 MB peak
[2016.04.15-21.54.09:682][446]LogMemory: Physical Memory: 3650.98 MB used, 6024.27 MB total
[2016.04.15-21.54.09:682][446]LogMemory: Virtual Memory: 1560.27 MB used, 134217728.00 MB total
[2016.04.15-21.54.09:682][446]LogMemory: 
[2016.04.15-21.54.09:682][446]Allocator Stats for TBB: (not implemented)
[2016.04.15-21.54.11:089][446]LogAIModule: Creating AISystem for world Nivel1
[2016.04.15-21.54.11:091][446]LogWorld: Game class is 'ThirdPersonGameMode_C'
[2016.04.15-21.54.11:140][446]LogWorld: Bringing World /Game/Game/Maps/UEDPIE_0_Nivel1.Nivel1 up for play (max tick rate 60) at 2016.04.15-16.54.11
[2016.04.15-21.54.11:140][446]LogActor:Warning: GameSession /Game/Game/Maps/UEDPIE_0_Nivel1.Nivel1:PersistentLevel.GameSession_5 has natively added scene component(s), but none of them were set as the actor's RootComponent - picking one arbitrarily
[2016.04.15-21.54.11:141][446]LogActor:Warning: GameNetworkManager /Game/Game/Maps/UEDPIE_0_Nivel1.Nivel1:PersistentLevel.GameNetworkManager_5 has natively added scene component(s), but none of them were set as the actor's RootComponent - picking one arbitrarily
[2016.04.15-21.54.11:142][446]LogWorld: Bringing up level for play took: 0.049220
[2016.04.15-21.54.11:144][446]LogGameMode: Warning - PATHS NOT DEFINED or NO PLAYERSTART with positive rating
[2016.04.15-21.54.11:146][446]LogSpawn:Warning: SpawnActor failed because no class was specified
[2016.04.15-21.54.33:648][677]LogPackageName: SearchForPackageOnDisk took   0.277s to resolve Nivel2.umap.
[2016.04.15-21.54.33:925][678]LogPackageName: SearchForPackageOnDisk took   0.264s to resolve Nivel2.umap.
[2016.04.15-21.54.33:925][678]LogNet: Browse: /Game/Game/Maps/Nivel2
[2016.04.15-21.54.33:925][678]LogLoad: LoadMap: /Game/Game/Maps/Nivel2
[2016.04.15-21.54.33:989][678]LogParticles: Destroying 0 GPU particle simulations for FXSystem 0x000000CB0A776B60
[2016.04.15-21.54.33:989][678]Cmd: MEM
[2016.04.15-21.54.34:036][678]LogMemory: Platform Memory Stats for Windows
[2016.04.15-21.54.34:036][678]LogMemory: Process Physical Memory: 900.12 MB used, 908.96 MB peak
[2016.04.15-21.54.34:036][678]LogMemory: Process Virtual Memory: 885.16 MB used, 887.73 MB peak
[2016.04.15-21.54.34:036][678]LogMemory: Physical Memory: 3640.62 MB used, 6024.27 MB total
[2016.04.15-21.54.34:036][678]LogMemory: Virtual Memory: 1578.79 MB used, 134217728.00 MB total
[2016.04.15-21.54.34:036][678]LogMemory: 
[2016.04.15-21.54.34:036][678]Allocator Stats for TBB: (not implemented)
[2016.04.15-21.54.39:830][678]LogAIModule: Creating AISystem for world Nivel2
[2016.04.15-21.54.39:832][678]LogWorld: Game class is 'ThirdPersonGameMode_C'
[2016.04.15-21.54.39:910][678]LogWorld: Bringing World /Game/Game/Maps/UEDPIE_0_Nivel2.Nivel2 up for play (max tick rate 60) at 2016.04.15-16.54.39
[2016.04.15-21.54.39:910][678]LogActor:Warning: GameSession /Game/Game/Maps/UEDPIE_0_Nivel2.Nivel2:PersistentLevel.GameSession_6 has natively added scene component(s), but none of them were set as the actor's RootComponent - picking one arbitrarily
[2016.04.15-21.54.39:911][678]LogActor:Warning: GameNetworkManager /Game/Game/Maps/UEDPIE_0_Nivel2.Nivel2:PersistentLevel.GameNetworkManager_6 has natively added scene component(s), but none of them were set as the actor's RootComponent - picking one arbitrarily
[2016.04.15-21.54.39:918][678]LogWorld: Bringing up level for play took: 0.083745
[2016.04.15-21.54.39:923][678]LogSpawn:Warning: SpawnActor failed because no class was specified
[2016.04.15-21.58.07:391][241]Set new viewmode: Wireframe
[2016.04.15-21.58.08:160][283]Set new viewmode: Wireframe
[2016.04.15-21.58.09:515][352]LogBlueprintUserMessages: Early EndPlayMap Detection: Level '/Game/Game/Maps/Menu.Menu:PersistentLevel' has LevelScriptBlueprint '/Game/Game/Maps/Menu.Menu:PersistentLevel.Menu' with GeneratedClass '/Game/Game/Maps/Menu.Menu_C' with ClassGeneratedBy '/Game/Game/Maps/Menu.Menu:PersistentLevel.Menu'
[2016.04.15-21.58.09:565][352]LogBlueprintUserMessages: Late EndPlayMap Detection: Level '/Game/Game/Maps/Menu.Menu:PersistentLevel' has LevelScriptBlueprint '/Game/Game/Maps/Menu.Menu:PersistentLevel.Menu' with GeneratedClass '/Game/Game/Maps/Menu.Menu_C' with ClassGeneratedBy '/Game/Game/Maps/Menu.Menu:PersistentLevel.Menu'
[2016.04.15-21.58.09:654][352]LogParticles: Destroying 0 GPU particle simulations for FXSystem 0x000000CB07284D60
[2016.04.15-21.58.19:183][834]LogAIModule: Creating AISystem for world Nivel2
[2016.04.15-21.58.19:305][834]Cmd: MAP LOAD FILE="../../../../../../Users/User/Documents/Unreal Projects/ProyectoUE2/Content/Game/Maps/Nivel2.umap" TEMPLATE=0 SHOWPROGRESS=1 FEATURELEVEL=3
[2016.04.15-21.58.19:306][834]LightingResults: New page: Diseñar la iluminación
[2016.04.15-21.58.19:437][834]LoadErrors: New page: Cargando mapa: Nivel2.umap
[2016.04.15-21.58.19:439][834]MapCheck: New page: Revisión del mapa
[2016.04.15-21.58.19:439][834]LightingResults: New page: Diseñar la iluminación
[2016.04.15-21.58.19:517][834]LogParticles: Destroying 0 GPU particle simulations for FXSystem 0x000000CB04550400
[2016.04.15-21.58.19:825][834]LogEditorServer: Finished looking for orphan Actors (0.000 secs)
[2016.04.15-21.58.20:021][834]Cmd: MAP CHECKDEP NOCLEARLOG
[2016.04.15-21.58.23:639][834]MapCheck: Información Map check complete: 0 Error(s), 0 Warning(s), took 3,616.766ms to complete.
[2016.04.15-21.58.23:643][834]LogFileHelpers: Loading map 'Nivel2' took 4.341
[2016.04.15-21.58.38:304][527]LogRenderer: Reallocating scene render targets to support 828x564 (Frame:16365).
[2016.04.15-21.58.38:605][528]LogRenderer: Reallocating scene render targets to support 1104x564 (Frame:16367).
[2016.04.15-21.58.45:269][819]EditorErrors: New page: Actor attachment
[2016.04.15-21.58.52:524][250]Cmd: TRANSACTION UNDO
[2016.04.15-21.58.52:524][250]LogEditorTransaction: Undo Attach actors
[2016.04.15-21.59.40:890][560]LogEditorViewport: Clicking on Actor (LMB): StaticMeshActor (Floor2)
[2016.04.15-22.00.24:201][779]Cmd: TRANSACTION UNDO
[2016.04.15-22.00.24:201][779]LogEditorTransaction: Undo Scale Actors
[2016.04.15-22.00.24:697][795]Cmd: TRANSACTION UNDO
[2016.04.15-22.00.24:697][795]LogEditorTransaction: Undo Scale Actors
[2016.04.15-22.08.19:059][818]LogActorComponent: UnregisterComponent: (/Engine/Transient.CharMoveComp) Not registered. Aborting.
[2016.04.15-22.08.19:059][818]LogActorComponent: UnregisterComponent: (/Engine/Transient.PawnSensing_GEN_VARIABLE) Not registered. Aborting.
[2016.04.15-22.08.19:138][818]LogFileHelpers: Editor autosave (incl. sublevels) for '/Game/Game/Maps/Nivel2' took 0.080
[2016.04.15-22.22.45:612][508]Cmd: OBJ SAVEPACKAGE PACKAGE="/Game/Game/Maps/Nivel2" FILE="../../../../../../Users/User/Documents/Unreal Projects/ProyectoUE2/Content/Game/Maps/Nivel2.umap" SILENT=true AUTOSAVING=false KEEPDIRTY=false
[2016.04.15-22.22.47:085][508]LogSavePackage: Save=364.202515ms
[2016.04.15-22.22.47:085][508]LogSavePackage: Moving '../../../../../../Users/User/Documents/Unreal Projects/ProyectoUE2/Saved/Nivel29B87258D4C22F082FD18E29252C465CD.tmp' to '../../../../../../Users/User/Documents/Unreal Projects/ProyectoUE2/Content/Game/Maps/Nivel2.umap'
[2016.04.15-22.22.47:091][508]LogSavePackage: Total save time: 1441.209234ms
[2016.04.15-22.22.47:091][508]LogSavePackage:Display: Finished SavePackage ../../../../../../Users/User/Documents/Unreal Projects/ProyectoUE2/Content/Game/Maps/Nivel2.umap
[2016.04.15-22.22.48:671][572]LogWindowsTextInputMethodSystem:Display: IME system now deactivated.
[2016.04.15-22.22.48:671][572]LogWindowsTextInputMethodSystem:Display: IME system now deactivated.
[2016.04.15-22.22.48:973][573]Cmd: QUIT_EDITOR
[2016.04.15-22.22.50:212][573]LogExit: Preparing to exit.
[2016.04.15-22.22.50:663][573]LogExit: Editor shut down
[2016.04.15-22.22.50:665][573]LogExit: Transaction tracking system shut down
[2016.04.15-22.22.50:667][573]LogParticles: Destroying 0 GPU particle simulations for FXSystem 0x000000CB07285800
[2016.04.15-22.22.50:668][573]LogParticles: Destroying 0 GPU particle simulations for FXSystem 0x000000CB03C20540
[2016.04.15-22.22.50:668][573]LogParticles: Destroying 0 GPU particle simulations for FXSystem 0x000000CB042C5300
[2016.04.15-22.22.50:669][573]LogParticles: Destroying 0 GPU particle simulations for FXSystem 0x000000CB045BC5E0
[2016.04.15-22.22.50:999][573]LogParticles: Destroying 0 GPU particle simulations for FXSystem 0x000000CB0904E8E0
[2016.04.15-22.22.50:999][573]LogExit: Object subsystem successfully closed.
[2016.04.15-22.22.51:021][573]LogD3D11RHI: Shutdown
[2016.04.15-22.22.51:021][573]LogD3D11RHI: CleanupD3DDevice
[2016.04.15-22.22.51:261][573]LogD3D11RHI: ~FD3D11DynamicRHI
[2016.04.15-22.22.51:320][573]LogModuleManager: Shutting down and abandoning module CookingStats (199)
[2016.04.15-22.22.51:320][573]LogModuleManager: Shutting down and abandoning module CrashTracker (198)
[2016.04.15-22.22.51:320][573]LogModuleManager: Shutting down and abandoning module SceneOutliner (197)
[2016.04.15-22.22.51:320][573]LogModuleManager: Shutting down and abandoning module SuperSearch (196)
[2016.04.15-22.22.51:320][573]LogModuleManager: Shutting down and abandoning module WidgetCarousel (195)
[2016.04.15-22.22.51:320][573]LogModuleManager: Shutting down and abandoning module AddContentDialog (194)
[2016.04.15-22.22.51:321][573]LogModuleManager: Shutting down and abandoning module EditorWidgets (193)
[2016.04.15-22.22.51:322][573]LogModuleManager: Shutting down and abandoning module CollectionManager (192)
[2016.04.15-22.22.51:322][573]LogModuleManager: Shutting down and abandoning module StatsViewer (191)
[2016.04.15-22.22.51:322][573]LogModuleManager: Shutting down and abandoning module FoliageEdit (190)
[2016.04.15-22.22.51:322][573]LogModuleManager: Shutting down and abandoning module LandscapeEditor (189)
[2016.04.15-22.22.51:322][573]LogModuleManager: Shutting down and abandoning module ActorPickerMode (188)
[2016.04.15-22.22.51:322][573]LogModuleManager: Shutting down and abandoning module GeometryMode (187)
[2016.04.15-22.22.51:322][573]LogModuleManager: Shutting down and abandoning module TextureAlignMode (186)
[2016.04.15-22.22.51:322][573]LogModuleManager: Shutting down and abandoning module BspMode (185)
[2016.04.15-22.22.51:322][573]LogModuleManager: Shutting down and abandoning module PlacementMode (184)
[2016.04.15-22.22.51:322][573]LogModuleManager: Shutting down and abandoning module AutomationWorker (183)
[2016.04.15-22.22.51:322][573]LogModuleManager: Shutting down and abandoning module CharacterAI (182)
[2016.04.15-22.22.51:322][573]LogModuleManager: Shutting down and abandoning module SmartSnapping (181)
[2016.04.15-22.22.51:322][573]LogModuleManager: Shutting down and abandoning module ViewportSnapping (180)
[2016.04.15-22.22.51:322][573]LogModuleManager: Shutting down and abandoning module LogVisualizer (179)
[2016.04.15-22.22.51:322][573]LogModuleManager: Shutting down and abandoning module GameProjectGeneration (178)
[2016.04.15-22.22.51:322][573]LogModuleManager: Shutting down and abandoning module IntroTutorials (177)
[2016.04.15-22.22.51:323][573]LogModuleManager: Shutting down and abandoning module EditorLiveStreaming (176)
[2016.04.15-22.22.51:323][573]LogModuleManager: Shutting down and abandoning module IOSPlatformEditor (175)
[2016.04.15-22.22.51:323][573]LogModuleManager: Shutting down and abandoning module HTML5PlatformEditor (174)
[2016.04.15-22.22.51:323][573]LogModuleManager: Shutting down and abandoning module AndroidDeviceDetection (173)
[2016.04.15-22.22.51:478][573]LogModuleManager: Shutting down and abandoning module AndroidPlatformEditor (172)
[2016.04.15-22.22.51:478][573]LogModuleManager: Shutting down and abandoning module IOSRuntimeSettings (171)
[2016.04.15-22.22.51:478][573]LogModuleManager: Shutting down and abandoning module AndroidRuntimeSettings (170)
[2016.04.15-22.22.51:478][573]LogModuleManager: Shutting down and abandoning module MergeActors (169)
[2016.04.15-22.22.51:478][573]LogModuleManager: Shutting down and abandoning module SizeMap (168)
[2016.04.15-22.22.51:478][573]LogModuleManager: Shutting down and abandoning module TreeMap (167)
[2016.04.15-22.22.51:478][573]LogModuleManager: Shutting down and abandoning module ReferenceViewer (166)
[2016.04.15-22.22.51:478][573]LogModuleManager: Shutting down and abandoning module LocalizationService (165)
[2016.04.15-22.22.51:478][573]LogModuleManager: Shutting down and abandoning module LocalizationDashboard (164)
[2016.04.15-22.22.51:479][573]LogModuleManager: Shutting down and abandoning module HardwareTargeting (163)
[2016.04.15-22.22.51:479][573]LogModuleManager: Shutting down and abandoning module DeviceProfileEditor (162)
[2016.04.15-22.22.51:479][573]LogModuleManager: Shutting down and abandoning module UndoHistory (161)
[2016.04.15-22.22.51:479][573]LogModuleManager: Shutting down and abandoning module GameplayTagsEditor (160)
[2016.04.15-22.22.51:479][573]LogModuleManager: Shutting down and abandoning module UserFeedback (159)
[2016.04.15-22.22.51:479][573]LogModuleManager: Shutting down and abandoning module XmlParser (158)
[2016.04.15-22.22.51:479][573]LogModuleManager: Shutting down and abandoning module Blutility (157)
[2016.04.15-22.22.51:479][573]LogModuleManager: Shutting down and abandoning module ProjectTargetPlatformEditor (156)
[2016.04.15-22.22.51:479][573]LogModuleManager: Shutting down and abandoning module ProjectSettingsViewer (155)
[2016.04.15-22.22.51:479][573]LogModuleManager: Shutting down and abandoning module InputBindingEditor (154)
[2016.04.15-22.22.51:479][573]LogModuleManager: Shutting down and abandoning module EditorSettingsViewer (153)
[2016.04.15-22.22.51:479][573]LogModuleManager: Shutting down and abandoning module SettingsEditor (152)
[2016.04.15-22.22.51:479][573]LogModuleManager: Shutting down and abandoning module ProjectLauncher (151)
[2016.04.15-22.22.51:479][573]LogModuleManager: Shutting down and abandoning module SessionFrontend (150)
[2016.04.15-22.22.51:479][573]LogModuleManager: Shutting down and abandoning module ProfilerClient (149)
[2016.04.15-22.22.51:479][573]LogModuleManager: Shutting down and abandoning module TargetDeviceServices (148)
[2016.04.15-22.22.51:479][573]LogModuleManager: Shutting down and abandoning module DeviceManager (147)
[2016.04.15-22.22.51:479][573]LogModuleManager: Shutting down and abandoning module AutomationController (146)
[2016.04.15-22.22.51:479][573]LogModuleManager: Shutting down and abandoning module AutomationWindow (145)
[2016.04.15-22.22.51:479][573]LogModuleManager: Shutting down and abandoning module Layers (144)
[2016.04.15-22.22.51:479][573]LogModuleManager: Shutting down and abandoning module ComponentVisualizers (143)
[2016.04.15-22.22.51:479][573]LogModuleManager: Shutting down and abandoning module DetailCustomizations (142)
[2016.04.15-22.22.51:479][573]LogModuleManager: Shutting down and abandoning module PackagesDialog (141)
[2016.04.15-22.22.51:480][573]LogModuleManager: Shutting down and abandoning module Persona (140)
[2016.04.15-22.22.51:480][573]LogModuleManager: Shutting down and abandoning module Kismet (139)
[2016.04.15-22.22.51:480][573]LogModuleManager: Shutting down and abandoning module GraphEditor (138)
[2016.04.15-22.22.51:480][573]LogModuleManager: Shutting down and abandoning module ClassViewer (137)
[2016.04.15-22.22.51:480][573]LogModuleManager: Shutting down and abandoning module Toolbox (136)
[2016.04.15-22.22.51:480][573]LogModuleManager: Shutting down and abandoning module ModuleUI (135)
[2016.04.15-22.22.51:480][573]LogModuleManager: Shutting down and abandoning module MovieSceneTools (134)
[2016.04.15-22.22.51:480][573]LogModuleManager: Shutting down and abandoning module OutputLog (133)
[2016.04.15-22.22.51:480][573]LogModuleManager: Shutting down and abandoning module GammaUI (132)
[2016.04.15-22.22.51:480][573]LogModuleManager: Shutting down and abandoning module Documentation (131)
[2016.04.15-22.22.51:480][573]LogModuleManager: Shutting down and abandoning module GameLiveStreaming (130)
[2016.04.15-22.22.51:480][573]LogModuleManager: Shutting down and abandoning module StreamingPauseRendering (129)
[2016.04.15-22.22.51:480][573]LogModuleManager: Shutting down and abandoning module AnalyticsET (128)
[2016.04.15-22.22.51:480][573]LogModuleManager: Shutting down and abandoning module Analytics (127)
[2016.04.15-22.22.51:480][573]LogModuleManager: Shutting down and abandoning module AITestSuite (126)
[2016.04.15-22.22.51:480][573]LogModuleManager: Shutting down and abandoning module GameplayDebugger (125)
[2016.04.15-22.22.51:480][573]LogModuleManager: Shutting down and abandoning module AIModule (124)
[2016.04.15-22.22.51:480][573]LogModuleManager: Shutting down and abandoning module ProfilerService (123)
[2016.04.15-22.22.51:520][573]LogModuleManager: Shutting down and abandoning module TaskGraph (122)
[2016.04.15-22.22.51:520][573]LogModuleManager: Shutting down and abandoning module SlateRemote (121)
[2016.04.15-22.22.51:520][573]LogModuleManager: Shutting down and abandoning module SteamVRController (120)
[2016.04.15-22.22.51:520][573]LogModuleManager: Shutting down and abandoning module SteamVR (119)
[2016.04.15-22.22.51:520][573]LogModuleManager: Shutting down and abandoning module ProceduralMeshComponent (118)
[2016.04.15-22.22.51:520][573]LogModuleManager: Shutting down and abandoning module OculusLibrary (117)
[2016.04.15-22.22.51:520][573]LogModuleManager: Shutting down and abandoning module OculusInput (116)
[2016.04.15-22.22.51:520][573]LogModuleManager: Shutting down and abandoning module LeapMotionController (115)
[2016.04.15-22.22.51:539][573]LogModuleManager: Shutting down and abandoning module CustomMeshComponent (114)
[2016.04.15-22.22.51:539][573]LogModuleManager: Shutting down and abandoning module CableComponent (113)
[2016.04.15-22.22.51:539][573]LogModuleManager: Shutting down and abandoning module ArchVisCharacter (112)
[2016.04.15-22.22.51:539][573]LogModuleManager: Shutting down and abandoning module MessagingDebugger (111)
[2016.04.15-22.22.51:539][573]LogModuleManager: Shutting down and abandoning module MediaPlayerEditor (110)
[2016.04.15-22.22.51:539][573]LogModuleManager: Shutting down and abandoning module HTML5Networking (109)
[2016.04.15-22.22.51:539][573]LogModuleManager: Shutting down and abandoning module SpeedTreeImporter (108)
[2016.04.15-22.22.51:539][573]LogModuleManager: Shutting down and abandoning module PluginBrowser (107)
[2016.04.15-22.22.51:539][573]LogModuleManager: Shutting down and abandoning module EpicSurvey (106)
[2016.04.15-22.22.51:539][573]LogModuleManager: Shutting down and abandoning module DesktopPlatform (105)
[2016.04.15-22.22.51:539][573]LogModuleManager: Shutting down and abandoning module VisualStudioSourceCodeAccess (104)
[2016.04.15-22.22.51:539][573]LogModuleManager: Shutting down and abandoning module UObjectPlugin (103)
[2016.04.15-22.22.51:539][573]LogModuleManager: Shutting down and abandoning module SubversionSourceControl (102)
[2016.04.15-22.22.51:539][573]LogModuleManager: Shutting down and abandoning module PerforceSourceControl (101)
[2016.04.15-22.22.51:539][573]LogModuleManager: Shutting down and abandoning module SourceControl (100)
[2016.04.15-22.22.51:539][573]LogModuleManager: Shutting down and abandoning module GitSourceControl (99)
[2016.04.15-22.22.51:539][573]LogModuleManager: Shutting down and abandoning module LightPropagationVolumeEditor (98)
[2016.04.15-22.22.51:539][573]LogModuleManager: Shutting down and abandoning module PaperTiledImporter (97)
[2016.04.15-22.22.51:539][573]LogModuleManager: Shutting down and abandoning module PaperSpriteSheetImporter (96)
[2016.04.15-22.22.51:539][573]LogModuleManager: Shutting down and abandoning module MeshPaint (95)
[2016.04.15-22.22.51:539][573]LogModuleManager: Shutting down and abandoning module SlateReflector (94)
[2016.04.15-22.22.51:539][573]LogModuleManager: Shutting down and abandoning module HotReload (93)
[2016.04.15-22.22.51:539][573]LogModuleManager: Shutting down and abandoning module MainFrame (92)
[2016.04.15-22.22.51:539][573]LogModuleManager: Shutting down and abandoning module LevelEditor (91)
[2016.04.15-22.22.51:541][573]LogModuleManager: Shutting down and abandoning module DirectoryWatcher (90)
[2016.04.15-22.22.51:542][573]LogModuleManager: Shutting down and abandoning module AssetRegistry (89)
[2016.04.15-22.22.51:595][573]LogModuleManager: Shutting down and abandoning module ContentBrowser (88)
[2016.04.15-22.22.51:596][573]LogModuleManager: Shutting down and abandoning module Paper2DEditor (87)
[2016.04.15-22.22.51:596][573]LogModuleManager: Shutting down and abandoning module UdpMessaging (86)
[2016.04.15-22.22.51:696][573]LogModuleManager: Shutting down and abandoning module LightPropagationVolumeRuntime (85)
[2016.04.15-22.22.51:696][573]LogModuleManager: Shutting down and abandoning module Paper2D (84)
[2016.04.15-22.22.51:696][573]LogModuleManager: Shutting down and abandoning module WindowsMoviePlayer (83)
[2016.04.15-22.22.51:701][573]LogModuleManager: Shutting down and abandoning module Media (82)
[2016.04.15-22.22.51:701][573]LogModuleManager: Shutting down and abandoning module WmfMedia (81)
[2016.04.15-22.22.51:702][573]LogModuleManager: Shutting down and abandoning module OnlineBlueprintSupport (80)
[2016.04.15-22.22.51:702][573]LogModuleManager: Shutting down and abandoning module GameplayTasksEditor (79)
[2016.04.15-22.22.51:702][573]LogModuleManager: Shutting down and abandoning module PropertyEditor (78)
[2016.04.15-22.22.51:702][573]LogModuleManager: Shutting down and abandoning module BehaviorTreeEditor (77)
[2016.04.15-22.22.51:702][573]LogModuleManager: Shutting down and abandoning module FunctionalTesting (76)
[2016.04.15-22.22.51:702][573]LogModuleManager: Shutting down and abandoning module CollisionAnalyzer (75)
[2016.04.15-22.22.51:702][573]LogModuleManager: Shutting down and abandoning module WorkspaceMenuStructure (74)
[2016.04.15-22.22.51:702][573]LogModuleManager: Shutting down and abandoning module MessageLog (73)
[2016.04.15-22.22.51:702][573]LogModuleManager: Shutting down and abandoning module Sequencer (72)
[2016.04.15-22.22.51:702][573]LogModuleManager: Shutting down and abandoning module AssetTools (71)
[2016.04.15-22.22.51:702][573]LogModuleManager: Shutting down and abandoning module UMGEditor (70)
[2016.04.15-22.22.51:702][573]LogModuleManager: Shutting down and abandoning module UMG (69)
[2016.04.15-22.22.51:702][573]LogModuleManager: Shutting down and abandoning module Slate (68)
[2016.04.15-22.22.51:702][573]LogModuleManager: Shutting down and abandoning module EditorStyle (67)
[2016.04.15-22.22.51:707][573]LogModuleManager: Shutting down and abandoning module SessionServices (66)
[2016.04.15-22.22.51:707][573]LogModuleManager: Shutting down and abandoning module SourceCodeAccess (65)
[2016.04.15-22.22.51:707][573]LogModuleManager: Shutting down and abandoning module HeadMountedDisplay (64)
[2016.04.15-22.22.51:707][573]LogModuleManager: Shutting down and abandoning module XAudio2 (63)
[2016.04.15-22.22.51:707][573]LogModuleManager: Shutting down and abandoning module Networking (61)
[2016.04.15-22.22.51:707][573]LogModuleManager: Shutting down and abandoning module Core (60)
[2016.04.15-22.22.51:707][573]LogModuleManager: Shutting down and abandoning module KismetCompiler (59)
[2016.04.15-22.22.51:707][573]LogModuleManager: Shutting down and abandoning module PhysXFormats (58)
[2016.04.15-22.22.51:707][573]LogModuleManager: Shutting down and abandoning module MeshUtilities (57)
[2016.04.15-22.22.51:707][573]LogModuleManager: Shutting down and abandoning module DerivedDataCache (56)
[2016.04.15-22.22.51:760][573]LogDerivedDataCache: Shutdown
[2016.04.15-22.22.51:760][573]LogModuleManager: Shutting down and abandoning module ShaderFormatOpenGL (55)
[2016.04.15-22.22.51:760][573]LogModuleManager: Shutting down and abandoning module ShaderFormatD3D (54)
[2016.04.15-22.22.51:760][573]LogModuleManager: Shutting down and abandoning module MetalShaderFormat (53)
[2016.04.15-22.22.51:760][573]LogModuleManager: Shutting down and abandoning module TextureFormatUncompressed (52)
[2016.04.15-22.22.51:760][573]LogModuleManager: Shutting down and abandoning module TextureFormatPVR (51)
[2016.04.15-22.22.51:760][573]LogModuleManager: Shutting down and abandoning module TextureFormatIntelISPCTexComp (50)
[2016.04.15-22.22.51:760][573]LogModuleManager: Shutting down and abandoning module TextureFormatDXT (49)
[2016.04.15-22.22.51:760][573]LogModuleManager: Shutting down and abandoning module ImageWrapper (48)
[2016.04.15-22.22.51:760][573]LogModuleManager: Shutting down and abandoning module TextureFormatASTC (47)
[2016.04.15-22.22.51:760][573]LogModuleManager: Shutting down and abandoning module TextureFormatAndroid (46)
[2016.04.15-22.22.51:760][573]LogModuleManager: Shutting down and abandoning module AudioFormatOpus (45)
[2016.04.15-22.22.51:760][573]LogModuleManager: Shutting down and abandoning module AudioFormatOgg (44)
[2016.04.15-22.22.51:760][573]LogModuleManager: Shutting down and abandoning module AudioFormatADPCM (43)
[2016.04.15-22.22.51:761][573]LogModuleManager: Shutting down and abandoning module LinuxTargetPlatform (42)
[2016.04.15-22.22.51:761][573]LogModuleManager: Shutting down and abandoning module LinuxServerTargetPlatform (41)
[2016.04.15-22.22.51:761][573]LogModuleManager: Shutting down and abandoning module LinuxNoEditorTargetPlatform (40)
[2016.04.15-22.22.51:761][573]LogModuleManager: Shutting down and abandoning module Messaging (39)
[2016.04.15-22.22.51:761][573]LogModuleManager: Shutting down and abandoning module IOSTargetPlatform (38)
[2016.04.15-22.22.51:761][573]LogModuleManager: Shutting down and abandoning module HTML5TargetPlatform (37)
[2016.04.15-22.22.51:761][573]LogModuleManager: Shutting down and abandoning module Android_PVRTCTargetPlatform (36)
[2016.04.15-22.22.51:761][573]LogModuleManager: Shutting down and abandoning module Android_MultiTargetPlatform (35)
[2016.04.15-22.22.51:761][573]LogModuleManager: Shutting down and abandoning module Android_ETC2TargetPlatform (34)
[2016.04.15-22.22.51:761][573]LogModuleManager: Shutting down and abandoning module Android_ETC1TargetPlatform (33)
[2016.04.15-22.22.51:761][573]LogModuleManager: Shutting down and abandoning module Android_DXTTargetPlatform (32)
[2016.04.15-22.22.51:761][573]LogModuleManager: Shutting down and abandoning module Android_ATCTargetPlatform (31)
[2016.04.15-22.22.51:761][573]LogModuleManager: Shutting down and abandoning module Android_ASTCTargetPlatform (30)
[2016.04.15-22.22.51:761][573]LogModuleManager: Shutting down and abandoning module AndroidTargetPlatform (29)
[2016.04.15-22.22.51:761][573]LogModuleManager: Shutting down and abandoning module WindowsTargetPlatform (28)
[2016.04.15-22.22.51:761][573]LogModuleManager: Shutting down and abandoning module WindowsServerTargetPlatform (27)
[2016.04.15-22.22.51:761][573]LogModuleManager: Shutting down and abandoning module WindowsNoEditorTargetPlatform (26)
[2016.04.15-22.22.51:761][573]LogModuleManager: Shutting down and abandoning module WindowsClientTargetPlatform (25)
[2016.04.15-22.22.51:761][573]LogModuleManager: Shutting down and abandoning module AllDesktopTargetPlatform (24)
[2016.04.15-22.22.51:761][573]LogModuleManager: Shutting down and abandoning module TargetPlatform (23)
[2016.04.15-22.22.51:761][573]LogModuleManager: Shutting down and abandoning module InputCore (22)
[2016.04.15-22.22.51:761][573]LogModuleManager: Shutting down and abandoning module Settings (21)
[2016.04.15-22.22.51:761][573]LogModuleManager: Shutting down and abandoning module OnlineSubsystem (19)
[2016.04.15-22.22.51:761][573]LogModuleManager: Shutting down and abandoning module HTTP (18)
[2016.04.15-22.22.54:764][573]LogModuleManager: Shutting down and abandoning module XMPP (17)
[2016.04.15-22.22.54:764][573]LogModuleManager: Shutting down and abandoning module OculusRift (16)
[2016.04.15-22.22.54:764][573]LogModuleManager: Shutting down and abandoning module ExampleDeviceProfileSelector (15)
[2016.04.15-22.22.54:764][573]LogModuleManager: Shutting down and abandoning module TextureCompressor (14)
[2016.04.15-22.22.54:764][573]LogModuleManager: Shutting down and abandoning module ShaderCore (13)
[2016.04.15-22.22.54:764][573]LogModuleManager: Shutting down and abandoning module Landscape (12)
[2016.04.15-22.22.54:764][573]LogModuleManager: Shutting down and abandoning module SlateRHIRenderer (11)
[2016.04.15-22.22.54:766][573]LogModuleManager: Shutting down and abandoning module OpenGLDrv (10)
[2016.04.15-22.22.54:766][573]LogModuleManager: Shutting down and abandoning module D3D11RHI (9)
[2016.04.15-22.22.54:766][573]LogModuleManager: Shutting down and abandoning module AnimGraphRuntime (8)
[2016.04.15-22.22.54:766][573]LogModuleManager: Shutting down and abandoning module Renderer (7)
[2016.04.15-22.22.54:766][573]LogModuleManager: Shutting down and abandoning module Engine (6)
[2016.04.15-22.22.54:766][573]LogModuleManager: Shutting down and abandoning module CoreUObject (5)
[2016.04.15-22.22.54:766][573]LogModuleManager: Shutting down and abandoning module NetworkFile (4)
[2016.04.15-22.22.54:766][573]LogModuleManager: Shutting down and abandoning module StreamingFile (3)
[2016.04.15-22.22.54:766][573]LogModuleManager: Shutting down and abandoning module SandboxFile (2)
[2016.04.15-22.22.54:766][573]LogModuleManager: Shutting down and abandoning module PakFile (1)
[2016.04.15-22.22.54:768][573]LogExit: Exiting.
[2016.04.15-22.22.54:770][573]Log file closed, 04/15/16 17:22:54
