[2016.04.15-21.16.00:342][  0]Log file open, 04/15/16 16:16:00
[2016.04.15-21.16.00:342][  0]LogInit:Display: Running engine for game: ProyectoUE2
[2016.04.15-21.16.00:342][  0]LogPlatformFile: Not using cached read wrapper
[2016.04.15-21.16.00:342][  0]LogInit:Display: RandInit(-1200401513) SRandInit(-1200401513).
[2016.04.15-21.16.00:342][  0]LogTaskGraph: Started task graph with 4 named threads and 5 total threads.
[2016.04.15-21.16.00:342][  0]LogStats: Stats thread started at 0.098258
[2016.04.15-21.16.00:342][  0]LogInit: Version: 4.10.4-2872498+++depot+UE4-Releases+4.10
[2016.04.15-21.16.00:342][  0]LogInit: API Version: 2758231
[2016.04.15-21.16.00:342][  0]LogInit: Compiled (64-bit): Feb 18 2016 15:47:04
[2016.04.15-21.16.00:342][  0]LogInit: Compiled with Visual C++: 19.00.23026.00
[2016.04.15-21.16.00:342][  0]LogInit: Build Configuration: Development
[2016.04.15-21.16.00:342][  0]LogInit: Branch Name: ++depot+UE4-Releases+4.10
[2016.04.15-21.16.00:342][  0]LogInit: Command line: -EpicPortal 
[2016.04.15-21.16.00:342][  0]LogInit: Base directory: C:/Program Files (x86)/Epic Games/4.10/Engine/Binaries/Win64/
[2016.04.15-21.16.00:342][  0]LogInit: Rocket: 1
[2016.04.15-21.16.00:378][  0]LogInit: Using libcurl 7.41.0
[2016.04.15-21.16.00:378][  0]LogInit:  - built for x86_64-pc-win32
[2016.04.15-21.16.00:378][  0]LogInit:  - supports SSL with WinSSL
[2016.04.15-21.16.00:378][  0]LogInit:  - other features:
[2016.04.15-21.16.00:378][  0]LogInit:      CURL_VERSION_SSL
[2016.04.15-21.16.00:378][  0]LogInit:      CURL_VERSION_IPV6
[2016.04.15-21.16.00:378][  0]LogInit:      CURL_VERSION_ASYNCHDNS
[2016.04.15-21.16.00:378][  0]LogInit:      CURL_VERSION_LARGEFILE
[2016.04.15-21.16.00:378][  0]LogInit:      CURL_VERSION_IDN
[2016.04.15-21.16.00:378][  0]LogInit:  CurlRequestOptions (configurable via config and command line):
[2016.04.15-21.16.00:378][  0]LogInit:  - bVerifyPeer = true  - Libcurl will verify peer certificate
[2016.04.15-21.16.00:378][  0]LogInit:  - bUseHttpProxy = false  - Libcurl will NOT use HTTP proxy
[2016.04.15-21.16.00:378][  0]LogInit:  - bDontReuseConnections = false  - Libcurl will reuse connections
[2016.04.15-21.16.00:378][  0]LogInit:  - CertBundlePath = nullptr  - Libcurl will use whatever was configured at build time.
[2016.04.15-21.16.00:394][  0]LogInit: Presizing for 0 objects not considered by GC, pre-allocating 0 bytes.
[2016.04.15-21.16.00:404][  0]LogInit: Object subsystem initialized
[2016.04.15-21.16.00:406][  0]LogInit: Selected Device Profile: [Windows]
[2016.04.15-21.16.00:406][  0]LogInit: Applying CVar settings loaded from the selected device profile: [Windows]
[2016.04.15-21.16.00:430][  0]LogInit: Computer: ACER
[2016.04.15-21.16.00:430][  0]LogInit: User: MieL
[2016.04.15-21.16.00:430][  0]LogInit: CPU Page size=4096, Cores=2
[2016.04.15-21.16.00:430][  0]LogInit: High frequency timer resolution =1.656323 MHz
[2016.04.15-21.16.00:430][  0]LogMemory: Memory total: Physical=5.9GB (6GB approx)
[2016.04.15-21.16.00:430][  0]LogMemory: Platform Memory Stats for Windows
[2016.04.15-21.16.00:430][  0]LogMemory: Process Physical Memory: 54.80 MB used, 54.80 MB peak
[2016.04.15-21.16.00:430][  0]LogMemory: Process Virtual Memory: 55.41 MB used, 55.41 MB peak
[2016.04.15-21.16.00:430][  0]LogMemory: Physical Memory: 2537.30 MB used, 6024.27 MB total
[2016.04.15-21.16.00:430][  0]LogMemory: Virtual Memory: 358.64 MB used, 134217728.00 MB total
[2016.04.15-21.16.00:499][  0]LogTextLocalizationManager: No specific translations for ('es-MX') exist, so ('es') translations will be used.
[2016.04.15-21.16.01:079][  0]LogD3D11RHI: Found D3D11 adapter 0: Intel(R) HD Graphics Family (Feature Level 11_0)
[2016.04.15-21.16.01:079][  0]LogD3D11RHI: Adapter has 32MB of dedicated video memory, 0MB of dedicated system memory, and 1760MB of shared system memory, 1 output[s]
[2016.04.15-21.16.01:081][  0]LogD3D11RHI: Found D3D11 adapter 1: Microsoft Basic Render Driver (Feature Level 11_0)
[2016.04.15-21.16.01:081][  0]LogD3D11RHI: Adapter has 0MB of dedicated video memory, 0MB of dedicated system memory, and 256MB of shared system memory, 0 output[s]
[2016.04.15-21.16.01:081][  0]LogD3D11RHI: Chosen D3D11 Adapter Id = 0
[2016.04.15-21.16.01:087][  0]LogD3D11RHI: !Direct3DDevice
[2016.04.15-21.16.01:087][  0]LogRHI: Texture pool is 638 MB (70% of 912 MB)
[2016.04.15-21.16.01:097][  0]LogD3D11RHI: Async texture creation enabled
[2016.04.15-21.16.01:104][  0]LogShaderCompilers: Guid format shader working directory is -21 characters bigger than the processId version (../../../../../../Users/User/Documents/Unreal Projects/ProyectoUE2/Intermediate/Shaders/WorkingDirectory/7872/).
[2016.04.15-21.16.01:105][  0]LogShaderCompilers: Cleaned the shader compiler working directory 'C:/Users/User/AppData/Local/Temp/UnrealShaderWorkingDir/67723FFF4A1252420E94058881ABF071/'.
[2016.04.15-21.16.01:105][  0]LogShaderCompilers:Display: Using Local Shader Compiler.
[2016.04.15-21.16.02:968][  0]LogTemp:Display: Loaded TP AllDesktopTargetPlatform
[2016.04.15-21.16.02:981][  0]LogTemp:Display: Loaded TP WindowsClientTargetPlatform
[2016.04.15-21.16.02:994][  0]LogTemp:Display: Loaded TP WindowsNoEditorTargetPlatform
[2016.04.15-21.16.03:006][  0]LogTemp:Display: Loaded TP WindowsServerTargetPlatform
[2016.04.15-21.16.03:016][  0]LogTemp:Display: Loaded TP WindowsTargetPlatform
[2016.04.15-21.16.03:027][  0]LogTemp:Display: Loaded TP AndroidTargetPlatform
[2016.04.15-21.16.03:033][  0]LogTemp:Display: Loaded TP Android_ASTCTargetPlatform
[2016.04.15-21.16.03:041][  0]LogTemp:Display: Loaded TP Android_ATCTargetPlatform
[2016.04.15-21.16.03:048][  0]LogTemp:Display: Loaded TP Android_DXTTargetPlatform
[2016.04.15-21.16.03:057][  0]LogTemp:Display: Loaded TP Android_ETC1TargetPlatform
[2016.04.15-21.16.03:068][  0]LogTemp:Display: Loaded TP Android_ETC2TargetPlatform
[2016.04.15-21.16.03:086][  0]LogTemp:Display: Loaded TP Android_MultiTargetPlatform
[2016.04.15-21.16.03:086][  0]LogTemp:Display: Loaded TP Android_PVRTCTargetPlatform
[2016.04.15-21.16.03:089][  0]LogTemp:Display: Loaded TP HTML5TargetPlatform
[2016.04.15-21.16.03:114][  0]LogTemp:Display: Loaded TP IOSTargetPlatform
[2016.04.15-21.16.03:120][  0]LogTemp:Display: Loaded TP LinuxNoEditorTargetPlatform
[2016.04.15-21.16.03:128][  0]LogTemp:Display: Loaded TP LinuxServerTargetPlatform
[2016.04.15-21.16.03:134][  0]LogTemp:Display: Loaded TP LinuxTargetPlatform
[2016.04.15-21.16.03:134][  0]LogTargetPlatformManager:Display: Building Assets For Windows
[2016.04.15-21.16.03:344][  0]LogDerivedDataCache:Display: Max Cache Size: 512 MB
[2016.04.15-21.16.03:418][  0]LogDerivedDataCache: Loaded boot cache 0.07s 41MB C:/Users/User/AppData/Local/UnrealEngine/4.10/DerivedDataCache/Boot.ddc.
[2016.04.15-21.16.03:418][  0]LogDerivedDataCache:Display: Loaded Boot cache: C:/Users/User/AppData/Local/UnrealEngine/4.10/DerivedDataCache/Boot.ddc
[2016.04.15-21.16.03:419][  0]LogDerivedDataCache: FDerivedDataBackendGraph:  Pak pak cache file ../../../../../../Users/User/Documents/Unreal Projects/ProyectoUE2/DerivedDataCache/DDC.ddp not found, will not use a pak cache.
[2016.04.15-21.16.03:419][  0]LogDerivedDataCache: Unable to find inner node Pak for hierarchical cache Hierarchy.
[2016.04.15-21.16.03:419][  0]LogDerivedDataCache: FDerivedDataBackendGraph:  CompressedPak pak cache file ../../../../../../Users/User/Documents/Unreal Projects/ProyectoUE2/DerivedDataCache/Compressed.ddp not found, will not use a pak cache.
[2016.04.15-21.16.03:419][  0]LogDerivedDataCache: Unable to find inner node CompressedPak for hierarchical cache Hierarchy.
[2016.04.15-21.16.03:535][  0]LogDerivedDataCache:Display: Pak cache opened for reading ../../../Engine/DerivedDataCache/Compressed.ddp.
[2016.04.15-21.16.03:548][  0]LogDerivedDataCache: Using Local data cache path C:/Users/User/AppData/Local/UnrealEngine/Common/DerivedDataCache: Writable
[2016.04.15-21.16.03:922][  0]LogInit: Selected Device Profile: [Windows]
[2016.04.15-21.16.03:927][  0]LogContentStreaming: Texture pool size is 0.000000MB
[2016.04.15-21.16.04:146][  0]LogMeshUtilities: No automatic mesh reduction module available
[2016.04.15-21.16.04:146][  0]LogMeshUtilities: No automatic mesh merging module available
[2016.04.15-21.16.04:625][  0]LogInit: WinSock: version 1.1 (2.2), MaxSocks=32767, MaxUdp=65467
[2016.04.15-21.16.07:108][  0]UdpMessaging: Initializing bridge on interface 0.0.0.0:0 to multicast group 230.0.0.1:6666.
[2016.04.15-21.16.07:253][  0]LogAssetRegistry: FAssetRegistry took 0.0113 seconds to start up
[2016.04.15-21.16.07:659][  0]SourceControl: Información El control de código fuente está desactivado
[2016.04.15-21.16.07:661][  0]SourceControl: Información El control de código fuente está desactivado
[2016.04.15-21.16.07:690][  0]SourceControl: Información El control de código fuente está desactivado
[2016.04.15-21.16.07:720][  0]SourceControl: Información El control de código fuente está desactivado
[2016.04.15-21.16.08:375][  0]LogObj: 28633 objects as part of root set at end of initial load.
[2016.04.15-21.16.08:375][  0]LogUObjectAllocator: 6099752 out of 0 bytes used by permanent object pool.
[2016.04.15-21.16.08:477][  0]LogEngine: Initializing Engine...
[2016.04.15-21.16.08:485][  0]LogHMD: Can't find Oculus library dev build: is proper Runtime installed? Version: 0.8.0.0
[2016.04.15-21.16.08:486][  0]LogHMD: SteamVR failed to initialize.  Err: 110
[2016.04.15-21.16.08:786][  0]LogAIModule: Creating AISystem for world NewWorld
[2016.04.15-21.16.08:793][  0]LogInit: XAudio2 using 'Altavoces (Realtek High Definition Audio)' : 2 channels at 48 kHz using 32 bits per sample (channel mask 0x3)
[2016.04.15-21.16.08:834][  0]LogInit: FAudioDevice initialized.
[2016.04.15-21.16.08:875][  0]LogDerivedDataCache: Saved boot cache 0.04s 41MB C:/Users/User/AppData/Local/UnrealEngine/4.10/DerivedDataCache/Boot.ddc.
[2016.04.15-21.16.08:880][  0]LogInit: Texture streaming: Enabled
[2016.04.15-21.16.08:897][  0]LogAnalytics: Creating configured Analytics provider AnalyticsET
[2016.04.15-21.16.08:897][  0]LogAnalytics: [UEEditor.Rocket.Release] APIServer = http://et2.epicgames.com/ET2/. AppVersion = 4.10.4-2872498+++depot+UE4-Releases+4.10
[2016.04.15-21.16.08:898][  0]LogAnalytics: [UEEditor.Rocket.Release] SetUserId 7d6e982040bdfa2d37207091dd9f6648|703d63ca085b4982a6f34989b8311170|423990dd-a1b8-4259-9077-6163d5ea4614
[2016.04.15-21.16.08:898][  0]LogAnalytics: [UEEditor.Rocket.Release] AnalyticsET::StartSession
[2016.04.15-21.16.08:914][  0]LogInit: Transaction tracking system initialized
[2016.04.15-21.16.08:977][  0]BlueprintLog: New page: Cargar el editor
[2016.04.15-21.16.09:160][  0]LocalizationService: Información Localization service is disabled
[2016.04.15-21.16.09:317][  0]LogLinker:Warning: No puede encontrar el archivo '/Game/ThirdPersonBP/ThirdPersonOverview'
[2016.04.15-21.16.09:317][  0]LogLinker:Warning: No puede encontrar el archivo '/Game/ThirdPersonBP/ThirdPersonOverview'
[2016.04.15-21.16.09:317][  0]LogUObjectGlobals:Warning: Error al encontrar el objeto 'Class /Game/ThirdPersonBP/ThirdPersonOverview.ThirdPersonOverview_C'
[2016.04.15-21.16.09:586][  0]LogConsoleResponse:Display: 
[2016.04.15-21.16.09:999][  0]LogCook:Display: Done creating registry. It took  0.00s.
[2016.04.15-21.16.10:142][  0]LogFileCache: Scanning file cache for directory 'C:/Users/User/Documents/Unreal Projects/ProyectoUE2/Content/' took 0.24s
[2016.04.15-21.16.10:142][  0]SourceControl: Información El control de código fuente está desactivado
[2016.04.15-21.16.10:143][  0]Cmd: MAP LOAD FILE="../../../../../../Users/User/Documents/Unreal Projects/ProyectoUE2/Content/Game/Maps/Menu.umap" TEMPLATE=0 SHOWPROGRESS=1 FEATURELEVEL=3
[2016.04.15-21.16.10:144][  0]LightingResults: New page: Diseñar la iluminación
[2016.04.15-21.16.10:149][  0]MapCheck: New page: Revisión del mapa
[2016.04.15-21.16.10:150][  0]LightingResults: New page: Diseñar la iluminación
[2016.04.15-21.16.10:178][  0]LogParticles: Destroying 0 GPU particle simulations for FXSystem 0x000000E65793B420
[2016.04.15-21.16.11:384][  0]LogAIModule: Creating AISystem for world Menu
[2016.04.15-21.16.11:391][  0]LogEditorServer: Finished looking for orphan Actors (0.000 secs)
[2016.04.15-21.16.11:392][  0]Cmd: MAP CHECKDEP NOCLEARLOG
[2016.04.15-21.16.11:570][  0]MapCheck: Información Map check complete: 0 Error(s), 0 Warning(s), took 178.604ms to complete.
[2016.04.15-21.16.11:570][  0]LogFileHelpers: Loading map 'Menu' took 1.428
[2016.04.15-21.16.12:199][  0]LogCollectionManager: Loaded 0 collections in 0.008332 seconds
[2016.04.15-21.16.12:297][  0]LogFileCache: Scanning file cache for directory 'C:/Users/User/Documents/Unreal Projects/ProyectoUE2/Saved/Collections/' took 0.01s
[2016.04.15-21.16.12:297][  0]LogFileCache: Scanning file cache for directory 'C:/Users/User/Documents/Unreal Projects/ProyectoUE2/Content/Developers/MieL/Collections/' took 0.01s
[2016.04.15-21.16.12:297][  0]LogFileCache: Scanning file cache for directory 'C:/Users/User/Documents/Unreal Projects/ProyectoUE2/Content/Collections/' took 0.01s
[2016.04.15-21.16.12:297][  0]LogCollectionManager: Rebuilt the GUID cache for 0 collections in 0.000003 seconds
[2016.04.15-21.16.12:311][  0]LogContentBrowser: Native class hierarchy populated in 0.0135 seconds. Added 1893 classes and 338 folders.
[2016.04.15-21.16.12:353][  0]LogContentBrowser: Native class hierarchy updated for 'WidgetCarousel' in 0.0006 seconds. Added 0 classes and 0 folders.
[2016.04.15-21.16.13:888][  0]LogContentBrowser: Native class hierarchy updated for 'AddContentDialog' in 0.0007 seconds. Added 0 classes and 0 folders.
[2016.04.15-21.16.13:942][  0]LogContentBrowser: Native class hierarchy updated for 'SceneOutliner' in 0.0008 seconds. Added 1 classes and 2 folders.
[2016.04.15-21.16.14:385][  0]LogCrashTracker: Crashtracker disabled due to settings.
[2016.04.15-21.16.14:403][  0]LogUObjectGlobals:Warning: Error al encontrar el objeto 'Class Ninguno.'
[2016.04.15-21.16.14:447][  0]LogLoad: Full Startup: 15.22 seconds (BP compile: 0.11 seconds)
[2016.04.15-21.16.14:455][  0]LogWindowsTextInputMethodSystem:Display: IME system now deactivated.
[2016.04.15-21.16.14:456][  0]LogWindowsTextInputMethodSystem:Display: IME system now deactivated.
[2016.04.15-21.16.14:464][  0]LogOcInput: Can't find Oculus library dev build: is proper Runtime installed? Version: 0.8.0.0
[2016.04.15-21.16.15:039][  0]LogContentStreaming: Texture pool size now 200 MB
[2016.04.15-21.16.15:378][  0]LogRenderer: Reallocating scene render targets to support 1228x256 (Frame:2).
[2016.04.15-21.16.16:746][  5]LogAssetRegistry: Asset discovery search completed in 9.5047 seconds
[2016.04.15-21.16.16:746][  5]LogCollectionManager: Rebuilt the object cache for 0 collections in 0.000001 seconds (found 0 objects)
[2016.04.15-21.16.16:746][  5]LogCollectionManager: Fixed up redirectors for 0 collections in 0.000031 seconds (updated 0 objects)
[2016.04.15-21.16.32:931][732]LogRenderer: Reallocating scene render targets to support 1228x376 (Frame:10).
[2016.04.15-21.17.20:743][691]LogAIModule: Creating AISystem for world Nivel1
[2016.04.15-21.17.20:747][691]LogParticles:Warning: InitializeSystem called on an unregistered component. Template=/Game/StarterContent/Particles/P_Fire.P_Fire Component=/Game/Game/Maps/Nivel1.Nivel1:PersistentLevel.P_Fire.ParticleSystemComponent0
[2016.04.15-21.17.20:758][691]LogParticles:Warning: InitializeSystem called on an unregistered component. Template=/Game/StarterContent/Particles/P_Smoke.P_Smoke Component=/Game/Game/Maps/Nivel1.Nivel1:PersistentLevel.P_Smoke_4.ParticleSystemComponent0
[2016.04.15-21.17.20:759][691]LogParticles:Warning: InitializeSystem called on an unregistered component. Template=/Game/StarterContent/Particles/P_Smoke.P_Smoke Component=/Game/Game/Maps/Nivel1.Nivel1:PersistentLevel.P_Smoke2_7.ParticleSystemComponent0
[2016.04.15-21.17.20:759][691]LogParticles:Warning: InitializeSystem called on an unregistered component. Template=/Game/StarterContent/Particles/P_Fire.P_Fire Component=/Game/Game/Maps/Nivel1.Nivel1:PersistentLevel.P_Fire2_10.ParticleSystemComponent0
[2016.04.15-21.17.20:759][691]LogParticles:Warning: InitializeSystem called on an unregistered component. Template=/Game/StarterContent/Particles/P_Fire.P_Fire Component=/Game/Game/Maps/Nivel1.Nivel1:PersistentLevel.P_Fire3_13.ParticleSystemComponent0
[2016.04.15-21.17.20:915][691]Cmd: MAP LOAD FILE="../../../../../../Users/User/Documents/Unreal Projects/ProyectoUE2/Content/Game/Maps/Nivel1.umap" TEMPLATE=0 SHOWPROGRESS=1 FEATURELEVEL=3
[2016.04.15-21.17.20:916][691]LightingResults: New page: Diseñar la iluminación
[2016.04.15-21.17.20:968][691]LoadErrors: New page: Cargando mapa: Nivel1.umap
[2016.04.15-21.17.20:969][691]MapCheck: New page: Revisión del mapa
[2016.04.15-21.17.20:969][691]LightingResults: New page: Diseñar la iluminación
[2016.04.15-21.17.21:002][691]LogParticles: Destroying 0 GPU particle simulations for FXSystem 0x000000E644FED6C0
[2016.04.15-21.17.21:155][691]LogEditorServer: Finished looking for orphan Actors (0.000 secs)
[2016.04.15-21.17.21:226][691]Cmd: MAP CHECKDEP NOCLEARLOG
[2016.04.15-21.17.21:577][691]MapCheck: Información Map check complete: 0 Error(s), 0 Warning(s), took 350.878ms to complete.
[2016.04.15-21.17.21:579][691]LogFileHelpers: Loading map 'Nivel1' took 0.666
[2016.04.15-21.29.07:034][497]LogWindowsTextInputMethodSystem:Display: IME system now deactivated.
[2016.04.15-21.29.07:035][497]LogWindowsTextInputMethodSystem:Display: IME system now deactivated.
[2016.04.15-21.29.07:387][498]Cmd: QUIT_EDITOR
[2016.04.15-21.29.07:702][498]LogExit: Preparing to exit.
[2016.04.15-21.29.08:635][498]LogExit: Editor shut down
[2016.04.15-21.29.08:640][498]LogExit: Transaction tracking system shut down
[2016.04.15-21.29.08:645][498]LogParticles: Destroying 0 GPU particle simulations for FXSystem 0x000000E658D7E980
[2016.04.15-21.29.08:645][498]LogParticles: Destroying 0 GPU particle simulations for FXSystem 0x000000E65ECEB880
[2016.04.15-21.29.08:646][498]LogParticles: Destroying 0 GPU particle simulations for FXSystem 0x000000E65E60F240
[2016.04.15-21.29.08:650][498]LogParticles: Destroying 0 GPU particle simulations for FXSystem 0x000000E644FEDA80
[2016.04.15-21.29.08:650][498]LogParticles: Destroying 0 GPU particle simulations for FXSystem 0x000000E65EC30CC0
[2016.04.15-21.29.08:948][498]LogExit: Object subsystem successfully closed.
[2016.04.15-21.29.08:968][498]LogD3D11RHI: Shutdown
[2016.04.15-21.29.08:968][498]LogD3D11RHI: CleanupD3DDevice
[2016.04.15-21.29.09:045][498]LogD3D11RHI: ~FD3D11DynamicRHI
[2016.04.15-21.29.09:104][498]LogModuleManager: Shutting down and abandoning module CrashTracker (198)
[2016.04.15-21.29.09:104][498]LogModuleManager: Shutting down and abandoning module SceneOutliner (197)
[2016.04.15-21.29.09:104][498]LogModuleManager: Shutting down and abandoning module SuperSearch (196)
[2016.04.15-21.29.09:104][498]LogModuleManager: Shutting down and abandoning module WidgetCarousel (195)
[2016.04.15-21.29.09:104][498]LogModuleManager: Shutting down and abandoning module AddContentDialog (194)
[2016.04.15-21.29.09:109][498]LogModuleManager: Shutting down and abandoning module EditorWidgets (193)
[2016.04.15-21.29.09:109][498]LogModuleManager: Shutting down and abandoning module CollectionManager (192)
[2016.04.15-21.29.09:109][498]LogModuleManager: Shutting down and abandoning module StatsViewer (191)
[2016.04.15-21.29.09:109][498]LogModuleManager: Shutting down and abandoning module FoliageEdit (190)
[2016.04.15-21.29.09:109][498]LogModuleManager: Shutting down and abandoning module LandscapeEditor (189)
[2016.04.15-21.29.09:109][498]LogModuleManager: Shutting down and abandoning module ActorPickerMode (188)
[2016.04.15-21.29.09:109][498]LogModuleManager: Shutting down and abandoning module GeometryMode (187)
[2016.04.15-21.29.09:109][498]LogModuleManager: Shutting down and abandoning module TextureAlignMode (186)
[2016.04.15-21.29.09:109][498]LogModuleManager: Shutting down and abandoning module BspMode (185)
[2016.04.15-21.29.09:109][498]LogModuleManager: Shutting down and abandoning module PlacementMode (184)
[2016.04.15-21.29.09:109][498]LogModuleManager: Shutting down and abandoning module AutomationWorker (183)
[2016.04.15-21.29.09:110][498]LogModuleManager: Shutting down and abandoning module CharacterAI (182)
[2016.04.15-21.29.09:110][498]LogModuleManager: Shutting down and abandoning module SmartSnapping (181)
[2016.04.15-21.29.09:110][498]LogModuleManager: Shutting down and abandoning module ViewportSnapping (180)
[2016.04.15-21.29.09:110][498]LogModuleManager: Shutting down and abandoning module LogVisualizer (179)
[2016.04.15-21.29.09:110][498]LogModuleManager: Shutting down and abandoning module GameProjectGeneration (178)
[2016.04.15-21.29.09:110][498]LogModuleManager: Shutting down and abandoning module IntroTutorials (177)
[2016.04.15-21.29.09:110][498]LogModuleManager: Shutting down and abandoning module EditorLiveStreaming (176)
[2016.04.15-21.29.09:110][498]LogModuleManager: Shutting down and abandoning module IOSPlatformEditor (175)
[2016.04.15-21.29.09:110][498]LogModuleManager: Shutting down and abandoning module HTML5PlatformEditor (174)
[2016.04.15-21.29.09:110][498]LogModuleManager: Shutting down and abandoning module AndroidDeviceDetection (173)
[2016.04.15-21.29.09:635][498]LogModuleManager: Shutting down and abandoning module AndroidPlatformEditor (172)
[2016.04.15-21.29.09:635][498]LogModuleManager: Shutting down and abandoning module IOSRuntimeSettings (171)
[2016.04.15-21.29.09:635][498]LogModuleManager: Shutting down and abandoning module AndroidRuntimeSettings (170)
[2016.04.15-21.29.09:635][498]LogModuleManager: Shutting down and abandoning module MergeActors (169)
[2016.04.15-21.29.09:635][498]LogModuleManager: Shutting down and abandoning module SizeMap (168)
[2016.04.15-21.29.09:635][498]LogModuleManager: Shutting down and abandoning module TreeMap (167)
[2016.04.15-21.29.09:635][498]LogModuleManager: Shutting down and abandoning module ReferenceViewer (166)
[2016.04.15-21.29.09:635][498]LogModuleManager: Shutting down and abandoning module LocalizationService (165)
[2016.04.15-21.29.09:635][498]LogModuleManager: Shutting down and abandoning module LocalizationDashboard (164)
[2016.04.15-21.29.09:635][498]LogModuleManager: Shutting down and abandoning module HardwareTargeting (163)
[2016.04.15-21.29.09:635][498]LogModuleManager: Shutting down and abandoning module DeviceProfileEditor (162)
[2016.04.15-21.29.09:635][498]LogModuleManager: Shutting down and abandoning module UndoHistory (161)
[2016.04.15-21.29.09:635][498]LogModuleManager: Shutting down and abandoning module GameplayTagsEditor (160)
[2016.04.15-21.29.09:635][498]LogModuleManager: Shutting down and abandoning module UserFeedback (159)
[2016.04.15-21.29.09:635][498]LogModuleManager: Shutting down and abandoning module XmlParser (158)
[2016.04.15-21.29.09:635][498]LogModuleManager: Shutting down and abandoning module Blutility (157)
[2016.04.15-21.29.09:635][498]LogModuleManager: Shutting down and abandoning module ProjectTargetPlatformEditor (156)
[2016.04.15-21.29.09:636][498]LogModuleManager: Shutting down and abandoning module ProjectSettingsViewer (155)
[2016.04.15-21.29.09:636][498]LogModuleManager: Shutting down and abandoning module InputBindingEditor (154)
[2016.04.15-21.29.09:636][498]LogModuleManager: Shutting down and abandoning module EditorSettingsViewer (153)
[2016.04.15-21.29.09:636][498]LogModuleManager: Shutting down and abandoning module SettingsEditor (152)
[2016.04.15-21.29.09:636][498]LogModuleManager: Shutting down and abandoning module ProjectLauncher (151)
[2016.04.15-21.29.09:636][498]LogModuleManager: Shutting down and abandoning module SessionFrontend (150)
[2016.04.15-21.29.09:636][498]LogModuleManager: Shutting down and abandoning module ProfilerClient (149)
[2016.04.15-21.29.09:636][498]LogModuleManager: Shutting down and abandoning module TargetDeviceServices (148)
[2016.04.15-21.29.09:636][498]LogModuleManager: Shutting down and abandoning module DeviceManager (147)
[2016.04.15-21.29.09:636][498]LogModuleManager: Shutting down and abandoning module AutomationController (146)
[2016.04.15-21.29.09:636][498]LogModuleManager: Shutting down and abandoning module AutomationWindow (145)
[2016.04.15-21.29.09:636][498]LogModuleManager: Shutting down and abandoning module Layers (144)
[2016.04.15-21.29.09:636][498]LogModuleManager: Shutting down and abandoning module ComponentVisualizers (143)
[2016.04.15-21.29.09:636][498]LogModuleManager: Shutting down and abandoning module DetailCustomizations (142)
[2016.04.15-21.29.09:636][498]LogModuleManager: Shutting down and abandoning module PackagesDialog (141)
[2016.04.15-21.29.09:636][498]LogModuleManager: Shutting down and abandoning module Persona (140)
[2016.04.15-21.29.09:636][498]LogModuleManager: Shutting down and abandoning module Kismet (139)
[2016.04.15-21.29.09:636][498]LogModuleManager: Shutting down and abandoning module GraphEditor (138)
[2016.04.15-21.29.09:636][498]LogModuleManager: Shutting down and abandoning module ClassViewer (137)
[2016.04.15-21.29.09:636][498]LogModuleManager: Shutting down and abandoning module Toolbox (136)
[2016.04.15-21.29.09:636][498]LogModuleManager: Shutting down and abandoning module ModuleUI (135)
[2016.04.15-21.29.09:637][498]LogModuleManager: Shutting down and abandoning module MovieSceneTools (134)
[2016.04.15-21.29.09:637][498]LogModuleManager: Shutting down and abandoning module OutputLog (133)
[2016.04.15-21.29.09:637][498]LogModuleManager: Shutting down and abandoning module GammaUI (132)
[2016.04.15-21.29.09:637][498]LogModuleManager: Shutting down and abandoning module Documentation (131)
[2016.04.15-21.29.09:637][498]LogModuleManager: Shutting down and abandoning module GameLiveStreaming (130)
[2016.04.15-21.29.09:637][498]LogModuleManager: Shutting down and abandoning module StreamingPauseRendering (129)
[2016.04.15-21.29.09:637][498]LogModuleManager: Shutting down and abandoning module AnalyticsET (128)
[2016.04.15-21.29.09:637][498]LogModuleManager: Shutting down and abandoning module Analytics (127)
[2016.04.15-21.29.09:637][498]LogModuleManager: Shutting down and abandoning module AITestSuite (126)
[2016.04.15-21.29.09:637][498]LogModuleManager: Shutting down and abandoning module GameplayDebugger (125)
[2016.04.15-21.29.09:637][498]LogModuleManager: Shutting down and abandoning module AIModule (124)
[2016.04.15-21.29.09:637][498]LogModuleManager: Shutting down and abandoning module ProfilerService (123)
[2016.04.15-21.29.09:689][498]LogModuleManager: Shutting down and abandoning module TaskGraph (122)
[2016.04.15-21.29.09:689][498]LogModuleManager: Shutting down and abandoning module SlateRemote (121)
[2016.04.15-21.29.09:690][498]LogModuleManager: Shutting down and abandoning module SteamVRController (120)
[2016.04.15-21.29.09:690][498]LogModuleManager: Shutting down and abandoning module SteamVR (119)
[2016.04.15-21.29.09:690][498]LogModuleManager: Shutting down and abandoning module ProceduralMeshComponent (118)
[2016.04.15-21.29.09:690][498]LogModuleManager: Shutting down and abandoning module OculusLibrary (117)
[2016.04.15-21.29.09:690][498]LogModuleManager: Shutting down and abandoning module OculusInput (116)
[2016.04.15-21.29.09:690][498]LogModuleManager: Shutting down and abandoning module LeapMotionController (115)
[2016.04.15-21.29.09:713][498]LogModuleManager: Shutting down and abandoning module CustomMeshComponent (114)
[2016.04.15-21.29.09:713][498]LogModuleManager: Shutting down and abandoning module CableComponent (113)
[2016.04.15-21.29.09:713][498]LogModuleManager: Shutting down and abandoning module ArchVisCharacter (112)
[2016.04.15-21.29.09:713][498]LogModuleManager: Shutting down and abandoning module MessagingDebugger (111)
[2016.04.15-21.29.09:714][498]LogModuleManager: Shutting down and abandoning module MediaPlayerEditor (110)
[2016.04.15-21.29.09:714][498]LogModuleManager: Shutting down and abandoning module HTML5Networking (109)
[2016.04.15-21.29.09:714][498]LogModuleManager: Shutting down and abandoning module SpeedTreeImporter (108)
[2016.04.15-21.29.09:714][498]LogModuleManager: Shutting down and abandoning module PluginBrowser (107)
[2016.04.15-21.29.09:714][498]LogModuleManager: Shutting down and abandoning module EpicSurvey (106)
[2016.04.15-21.29.09:714][498]LogModuleManager: Shutting down and abandoning module DesktopPlatform (105)
[2016.04.15-21.29.09:714][498]LogModuleManager: Shutting down and abandoning module VisualStudioSourceCodeAccess (104)
[2016.04.15-21.29.09:714][498]LogModuleManager: Shutting down and abandoning module UObjectPlugin (103)
[2016.04.15-21.29.09:714][498]LogModuleManager: Shutting down and abandoning module SubversionSourceControl (102)
[2016.04.15-21.29.09:714][498]LogModuleManager: Shutting down and abandoning module PerforceSourceControl (101)
[2016.04.15-21.29.09:714][498]LogModuleManager: Shutting down and abandoning module SourceControl (100)
[2016.04.15-21.29.09:714][498]LogModuleManager: Shutting down and abandoning module GitSourceControl (99)
[2016.04.15-21.29.09:714][498]LogModuleManager: Shutting down and abandoning module LightPropagationVolumeEditor (98)
[2016.04.15-21.29.09:714][498]LogModuleManager: Shutting down and abandoning module PaperTiledImporter (97)
[2016.04.15-21.29.09:714][498]LogModuleManager: Shutting down and abandoning module PaperSpriteSheetImporter (96)
[2016.04.15-21.29.09:714][498]LogModuleManager: Shutting down and abandoning module MeshPaint (95)
[2016.04.15-21.29.09:714][498]LogModuleManager: Shutting down and abandoning module SlateReflector (94)
[2016.04.15-21.29.09:714][498]LogModuleManager: Shutting down and abandoning module HotReload (93)
[2016.04.15-21.29.09:714][498]LogModuleManager: Shutting down and abandoning module MainFrame (92)
[2016.04.15-21.29.09:714][498]LogModuleManager: Shutting down and abandoning module LevelEditor (91)
[2016.04.15-21.29.09:716][498]LogModuleManager: Shutting down and abandoning module DirectoryWatcher (90)
[2016.04.15-21.29.09:723][498]LogModuleManager: Shutting down and abandoning module AssetRegistry (89)
[2016.04.15-21.29.09:811][498]LogModuleManager: Shutting down and abandoning module ContentBrowser (88)
[2016.04.15-21.29.09:812][498]LogModuleManager: Shutting down and abandoning module Paper2DEditor (87)
[2016.04.15-21.29.09:812][498]LogModuleManager: Shutting down and abandoning module UdpMessaging (86)
[2016.04.15-21.29.09:914][498]LogModuleManager: Shutting down and abandoning module LightPropagationVolumeRuntime (85)
[2016.04.15-21.29.09:914][498]LogModuleManager: Shutting down and abandoning module Paper2D (84)
[2016.04.15-21.29.09:914][498]LogModuleManager: Shutting down and abandoning module WindowsMoviePlayer (83)
[2016.04.15-21.29.09:921][498]LogModuleManager: Shutting down and abandoning module Media (82)
[2016.04.15-21.29.09:921][498]LogModuleManager: Shutting down and abandoning module WmfMedia (81)
[2016.04.15-21.29.09:922][498]LogModuleManager: Shutting down and abandoning module OnlineBlueprintSupport (80)
[2016.04.15-21.29.09:922][498]LogModuleManager: Shutting down and abandoning module GameplayTasksEditor (79)
[2016.04.15-21.29.09:922][498]LogModuleManager: Shutting down and abandoning module PropertyEditor (78)
[2016.04.15-21.29.09:922][498]LogModuleManager: Shutting down and abandoning module BehaviorTreeEditor (77)
[2016.04.15-21.29.09:922][498]LogModuleManager: Shutting down and abandoning module FunctionalTesting (76)
[2016.04.15-21.29.09:922][498]LogModuleManager: Shutting down and abandoning module CollisionAnalyzer (75)
[2016.04.15-21.29.09:922][498]LogModuleManager: Shutting down and abandoning module WorkspaceMenuStructure (74)
[2016.04.15-21.29.09:922][498]LogModuleManager: Shutting down and abandoning module MessageLog (73)
[2016.04.15-21.29.09:922][498]LogModuleManager: Shutting down and abandoning module Sequencer (72)
[2016.04.15-21.29.09:922][498]LogModuleManager: Shutting down and abandoning module AssetTools (71)
[2016.04.15-21.29.09:922][498]LogModuleManager: Shutting down and abandoning module UMGEditor (70)
[2016.04.15-21.29.09:922][498]LogModuleManager: Shutting down and abandoning module UMG (69)
[2016.04.15-21.29.09:922][498]LogModuleManager: Shutting down and abandoning module Slate (68)
[2016.04.15-21.29.09:923][498]LogModuleManager: Shutting down and abandoning module EditorStyle (67)
[2016.04.15-21.29.09:929][498]LogModuleManager: Shutting down and abandoning module SessionServices (66)
[2016.04.15-21.29.09:929][498]LogModuleManager: Shutting down and abandoning module SourceCodeAccess (65)
[2016.04.15-21.29.09:929][498]LogModuleManager: Shutting down and abandoning module HeadMountedDisplay (64)
[2016.04.15-21.29.09:929][498]LogModuleManager: Shutting down and abandoning module XAudio2 (63)
[2016.04.15-21.29.09:929][498]LogModuleManager: Shutting down and abandoning module Networking (61)
[2016.04.15-21.29.09:929][498]LogModuleManager: Shutting down and abandoning module Core (60)
[2016.04.15-21.29.09:929][498]LogModuleManager: Shutting down and abandoning module KismetCompiler (59)
[2016.04.15-21.29.09:929][498]LogModuleManager: Shutting down and abandoning module PhysXFormats (58)
[2016.04.15-21.29.09:929][498]LogModuleManager: Shutting down and abandoning module MeshUtilities (57)
[2016.04.15-21.29.09:929][498]LogModuleManager: Shutting down and abandoning module DerivedDataCache (56)
[2016.04.15-21.29.10:000][498]LogDerivedDataCache: Shutdown
[2016.04.15-21.29.10:000][498]LogModuleManager: Shutting down and abandoning module ShaderFormatOpenGL (55)
[2016.04.15-21.29.10:000][498]LogModuleManager: Shutting down and abandoning module ShaderFormatD3D (54)
[2016.04.15-21.29.10:000][498]LogModuleManager: Shutting down and abandoning module MetalShaderFormat (53)
[2016.04.15-21.29.10:000][498]LogModuleManager: Shutting down and abandoning module TextureFormatUncompressed (52)
[2016.04.15-21.29.10:000][498]LogModuleManager: Shutting down and abandoning module TextureFormatPVR (51)
[2016.04.15-21.29.10:000][498]LogModuleManager: Shutting down and abandoning module TextureFormatIntelISPCTexComp (50)
[2016.04.15-21.29.10:000][498]LogModuleManager: Shutting down and abandoning module TextureFormatDXT (49)
[2016.04.15-21.29.10:000][498]LogModuleManager: Shutting down and abandoning module ImageWrapper (48)
[2016.04.15-21.29.10:000][498]LogModuleManager: Shutting down and abandoning module TextureFormatASTC (47)
[2016.04.15-21.29.10:000][498]LogModuleManager: Shutting down and abandoning module TextureFormatAndroid (46)
[2016.04.15-21.29.10:000][498]LogModuleManager: Shutting down and abandoning module AudioFormatOpus (45)
[2016.04.15-21.29.10:000][498]LogModuleManager: Shutting down and abandoning module AudioFormatOgg (44)
[2016.04.15-21.29.10:000][498]LogModuleManager: Shutting down and abandoning module AudioFormatADPCM (43)
[2016.04.15-21.29.10:000][498]LogModuleManager: Shutting down and abandoning module LinuxTargetPlatform (42)
[2016.04.15-21.29.10:000][498]LogModuleManager: Shutting down and abandoning module LinuxServerTargetPlatform (41)
[2016.04.15-21.29.10:000][498]LogModuleManager: Shutting down and abandoning module LinuxNoEditorTargetPlatform (40)
[2016.04.15-21.29.10:000][498]LogModuleManager: Shutting down and abandoning module Messaging (39)
[2016.04.15-21.29.10:000][498]LogModuleManager: Shutting down and abandoning module IOSTargetPlatform (38)
[2016.04.15-21.29.10:000][498]LogModuleManager: Shutting down and abandoning module HTML5TargetPlatform (37)
[2016.04.15-21.29.10:000][498]LogModuleManager: Shutting down and abandoning module Android_PVRTCTargetPlatform (36)
[2016.04.15-21.29.10:000][498]LogModuleManager: Shutting down and abandoning module Android_MultiTargetPlatform (35)
[2016.04.15-21.29.10:000][498]LogModuleManager: Shutting down and abandoning module Android_ETC2TargetPlatform (34)
[2016.04.15-21.29.10:000][498]LogModuleManager: Shutting down and abandoning module Android_ETC1TargetPlatform (33)
[2016.04.15-21.29.10:000][498]LogModuleManager: Shutting down and abandoning module Android_DXTTargetPlatform (32)
[2016.04.15-21.29.10:000][498]LogModuleManager: Shutting down and abandoning module Android_ATCTargetPlatform (31)
[2016.04.15-21.29.10:000][498]LogModuleManager: Shutting down and abandoning module Android_ASTCTargetPlatform (30)
[2016.04.15-21.29.10:001][498]LogModuleManager: Shutting down and abandoning module AndroidTargetPlatform (29)
[2016.04.15-21.29.10:001][498]LogModuleManager: Shutting down and abandoning module WindowsTargetPlatform (28)
[2016.04.15-21.29.10:001][498]LogModuleManager: Shutting down and abandoning module WindowsServerTargetPlatform (27)
[2016.04.15-21.29.10:001][498]LogModuleManager: Shutting down and abandoning module WindowsNoEditorTargetPlatform (26)
[2016.04.15-21.29.10:001][498]LogModuleManager: Shutting down and abandoning module WindowsClientTargetPlatform (25)
[2016.04.15-21.29.10:001][498]LogModuleManager: Shutting down and abandoning module AllDesktopTargetPlatform (24)
[2016.04.15-21.29.10:001][498]LogModuleManager: Shutting down and abandoning module TargetPlatform (23)
[2016.04.15-21.29.10:001][498]LogModuleManager: Shutting down and abandoning module InputCore (22)
[2016.04.15-21.29.10:001][498]LogModuleManager: Shutting down and abandoning module Settings (21)
[2016.04.15-21.29.10:001][498]LogModuleManager: Shutting down and abandoning module OnlineSubsystem (19)
[2016.04.15-21.29.10:001][498]LogModuleManager: Shutting down and abandoning module HTTP (18)
[2016.04.15-21.29.13:004][498]LogModuleManager: Shutting down and abandoning module XMPP (17)
[2016.04.15-21.29.13:004][498]LogModuleManager: Shutting down and abandoning module OculusRift (16)
[2016.04.15-21.29.13:004][498]LogModuleManager: Shutting down and abandoning module ExampleDeviceProfileSelector (15)
[2016.04.15-21.29.13:004][498]LogModuleManager: Shutting down and abandoning module TextureCompressor (14)
[2016.04.15-21.29.13:004][498]LogModuleManager: Shutting down and abandoning module ShaderCore (13)
[2016.04.15-21.29.13:004][498]LogModuleManager: Shutting down and abandoning module Landscape (12)
[2016.04.15-21.29.13:004][498]LogModuleManager: Shutting down and abandoning module SlateRHIRenderer (11)
[2016.04.15-21.29.13:007][498]LogModuleManager: Shutting down and abandoning module OpenGLDrv (10)
[2016.04.15-21.29.13:007][498]LogModuleManager: Shutting down and abandoning module D3D11RHI (9)
[2016.04.15-21.29.13:007][498]LogModuleManager: Shutting down and abandoning module AnimGraphRuntime (8)
[2016.04.15-21.29.13:007][498]LogModuleManager: Shutting down and abandoning module Renderer (7)
[2016.04.15-21.29.13:007][498]LogModuleManager: Shutting down and abandoning module Engine (6)
[2016.04.15-21.29.13:007][498]LogModuleManager: Shutting down and abandoning module CoreUObject (5)
[2016.04.15-21.29.13:007][498]LogModuleManager: Shutting down and abandoning module NetworkFile (4)
[2016.04.15-21.29.13:007][498]LogModuleManager: Shutting down and abandoning module StreamingFile (3)
[2016.04.15-21.29.13:007][498]LogModuleManager: Shutting down and abandoning module SandboxFile (2)
[2016.04.15-21.29.13:007][498]LogModuleManager: Shutting down and abandoning module PakFile (1)
[2016.04.15-21.29.13:009][498]LogExit: Exiting.
[2016.04.15-21.29.13:011][498]Log file closed, 04/15/16 16:29:13
