[2016.04.20-09.01.17:660][  0]Log file open, 04/20/16 04:01:17
[2016.04.20-09.01.17:660][  0]LogInit:Display: Running engine for game: ProyectoUE2
[2016.04.20-09.01.17:660][  0]LogPlatformFile: Not using cached read wrapper
[2016.04.20-09.01.17:660][  0]LogInit:Display: RandInit(1576133054) SRandInit(1576133055).
[2016.04.20-09.01.17:660][  0]LogTaskGraph: Started task graph with 4 named threads and 7 total threads.
[2016.04.20-09.01.17:660][  0]LogStats: Stats thread started at 0.096838
[2016.04.20-09.01.17:660][  0]LogInit: Version: 4.10.4-2872498+++depot+UE4-Releases+4.10
[2016.04.20-09.01.17:660][  0]LogInit: API Version: 2758231
[2016.04.20-09.01.17:660][  0]LogInit: Compiled (64-bit): Feb 18 2016 15:47:04
[2016.04.20-09.01.17:660][  0]LogInit: Compiled with Visual C++: 19.00.23026.00
[2016.04.20-09.01.17:660][  0]LogInit: Build Configuration: Development
[2016.04.20-09.01.17:660][  0]LogInit: Branch Name: ++depot+UE4-Releases+4.10
[2016.04.20-09.01.17:660][  0]LogInit: Command line:  
[2016.04.20-09.01.17:660][  0]LogInit: Base directory: C:/Program Files/Epic Games/4.10/Engine/Binaries/Win64/
[2016.04.20-09.01.17:661][  0]LogInit: Rocket: 1
[2016.04.20-09.01.17:724][  0]LogInit: Using libcurl 7.41.0
[2016.04.20-09.01.17:724][  0]LogInit:  - built for x86_64-pc-win32
[2016.04.20-09.01.17:724][  0]LogInit:  - supports SSL with WinSSL
[2016.04.20-09.01.17:724][  0]LogInit:  - other features:
[2016.04.20-09.01.17:724][  0]LogInit:      CURL_VERSION_SSL
[2016.04.20-09.01.17:724][  0]LogInit:      CURL_VERSION_IPV6
[2016.04.20-09.01.17:724][  0]LogInit:      CURL_VERSION_ASYNCHDNS
[2016.04.20-09.01.17:724][  0]LogInit:      CURL_VERSION_LARGEFILE
[2016.04.20-09.01.17:724][  0]LogInit:      CURL_VERSION_IDN
[2016.04.20-09.01.17:724][  0]LogInit:  CurlRequestOptions (configurable via config and command line):
[2016.04.20-09.01.17:724][  0]LogInit:  - bVerifyPeer = true  - Libcurl will verify peer certificate
[2016.04.20-09.01.17:724][  0]LogInit:  - bUseHttpProxy = false  - Libcurl will NOT use HTTP proxy
[2016.04.20-09.01.17:724][  0]LogInit:  - bDontReuseConnections = false  - Libcurl will reuse connections
[2016.04.20-09.01.17:724][  0]LogInit:  - CertBundlePath = nullptr  - Libcurl will use whatever was configured at build time.
[2016.04.20-09.01.17:738][  0]LogInit: Presizing for 0 objects not considered by GC, pre-allocating 0 bytes.
[2016.04.20-09.01.17:747][  0]LogInit: Object subsystem initialized
[2016.04.20-09.01.17:749][  0]LogInit: Selected Device Profile: [Windows]
[2016.04.20-09.01.17:749][  0]LogInit: Applying CVar settings loaded from the selected device profile: [Windows]
[2016.04.20-09.01.17:772][  0]LogInit: Computer: DESKTOP-FPFDLKH
[2016.04.20-09.01.17:772][  0]LogInit: User: kevin
[2016.04.20-09.01.17:772][  0]LogInit: CPU Page size=4096, Cores=4
[2016.04.20-09.01.17:772][  0]LogInit: High frequency timer resolution =3.020352 MHz
[2016.04.20-09.01.17:772][  0]LogMemory: Memory total: Physical=7.9GB (8GB approx)
[2016.04.20-09.01.17:772][  0]LogMemory: Platform Memory Stats for Windows
[2016.04.20-09.01.17:772][  0]LogMemory: Process Physical Memory: 57.11 MB used, 57.11 MB peak
[2016.04.20-09.01.17:772][  0]LogMemory: Process Virtual Memory: 56.70 MB used, 56.70 MB peak
[2016.04.20-09.01.17:772][  0]LogMemory: Physical Memory: 4495.13 MB used, 8091.29 MB total
[2016.04.20-09.01.17:772][  0]LogMemory: Virtual Memory: 382.48 MB used, 134217728.00 MB total
[2016.04.20-09.01.17:816][  0]LogTextLocalizationManager: No specific translations for ('en-GB') exist, so ('en') translations will be used.
[2016.04.20-09.01.18:214][  0]LogD3D11RHI: Found D3D11 adapter 0: Intel(R) HD Graphics 4600 (Feature Level 11_0)
[2016.04.20-09.01.18:214][  0]LogD3D11RHI: Adapter has 112MB of dedicated video memory, 0MB of dedicated system memory, and 4045MB of shared system memory, 1 output[s]
[2016.04.20-09.01.18:216][  0]LogD3D11RHI: Found D3D11 adapter 1: Microsoft Basic Render Driver (Feature Level 11_0)
[2016.04.20-09.01.18:216][  0]LogD3D11RHI: Adapter has 0MB of dedicated video memory, 0MB of dedicated system memory, and 4045MB of shared system memory, 0 output[s]
[2016.04.20-09.01.18:216][  0]LogD3D11RHI: Chosen D3D11 Adapter Id = 0
[2016.04.20-09.01.18:222][  0]LogD3D11RHI: !Direct3DDevice
[2016.04.20-09.01.18:222][  0]LogRHI: Texture pool is 1361 MB (70% of 1945 MB)
[2016.04.20-09.01.18:227][  0]LogD3D11RHI: Async texture creation enabled
[2016.04.20-09.01.18:232][  0]LogShaderCompilers: Guid format shader working directory is -16 characters bigger than the processId version (../../../../../../Users/kevin/Desktop/ProyectoUE2/ProyectoUE2/Intermediate/Shaders/WorkingDirectory/14084/).
[2016.04.20-09.01.18:232][  0]LogShaderCompilers: Cleaned the shader compiler working directory 'C:/Users/kevin/AppData/Local/Temp/UnrealShaderWorkingDir/96491DAA4BE1BD0C2CDEEEA321DC2235/'.
[2016.04.20-09.01.18:232][  0]LogShaderCompilers:Display: Using Local Shader Compiler.
[2016.04.20-09.01.19:277][  0]LogTemp:Display: Loaded TP AllDesktopTargetPlatform
[2016.04.20-09.01.19:282][  0]LogTemp:Display: Loaded TP WindowsClientTargetPlatform
[2016.04.20-09.01.19:288][  0]LogTemp:Display: Loaded TP WindowsNoEditorTargetPlatform
[2016.04.20-09.01.19:293][  0]LogTemp:Display: Loaded TP WindowsServerTargetPlatform
[2016.04.20-09.01.19:299][  0]LogTemp:Display: Loaded TP WindowsTargetPlatform
[2016.04.20-09.01.19:302][  0]LogTemp:Display: Loaded TP AndroidTargetPlatform
[2016.04.20-09.01.19:305][  0]LogTemp:Display: Loaded TP Android_ASTCTargetPlatform
[2016.04.20-09.01.19:309][  0]LogTemp:Display: Loaded TP Android_ATCTargetPlatform
[2016.04.20-09.01.19:312][  0]LogTemp:Display: Loaded TP Android_DXTTargetPlatform
[2016.04.20-09.01.19:316][  0]LogTemp:Display: Loaded TP Android_ETC1TargetPlatform
[2016.04.20-09.01.19:319][  0]LogTemp:Display: Loaded TP Android_ETC2TargetPlatform
[2016.04.20-09.01.19:327][  0]LogTemp:Display: Loaded TP Android_MultiTargetPlatform
[2016.04.20-09.01.19:327][  0]LogTemp:Display: Loaded TP Android_PVRTCTargetPlatform
[2016.04.20-09.01.19:328][  0]LogTemp:Display: Loaded TP HTML5TargetPlatform
[2016.04.20-09.01.19:347][  0]LogTemp:Display: Loaded TP IOSTargetPlatform
[2016.04.20-09.01.19:350][  0]LogTemp:Display: Loaded TP LinuxNoEditorTargetPlatform
[2016.04.20-09.01.19:354][  0]LogTemp:Display: Loaded TP LinuxServerTargetPlatform
[2016.04.20-09.01.19:358][  0]LogTemp:Display: Loaded TP LinuxTargetPlatform
[2016.04.20-09.01.19:358][  0]LogTargetPlatformManager:Display: Building Assets For Windows
[2016.04.20-09.01.19:476][  0]LogDerivedDataCache:Display: Max Cache Size: 512 MB
[2016.04.20-09.01.19:529][  0]LogDerivedDataCache: Loaded boot cache 0.05s 41MB C:/Users/kevin/AppData/Local/UnrealEngine/4.10/DerivedDataCache/Boot.ddc.
[2016.04.20-09.01.19:529][  0]LogDerivedDataCache:Display: Loaded Boot cache: C:/Users/kevin/AppData/Local/UnrealEngine/4.10/DerivedDataCache/Boot.ddc
[2016.04.20-09.01.19:529][  0]LogDerivedDataCache: FDerivedDataBackendGraph:  Pak pak cache file ../../../../../../Users/kevin/Desktop/ProyectoUE2/ProyectoUE2/DerivedDataCache/DDC.ddp not found, will not use a pak cache.
[2016.04.20-09.01.19:529][  0]LogDerivedDataCache: Unable to find inner node Pak for hierarchical cache Hierarchy.
[2016.04.20-09.01.19:529][  0]LogDerivedDataCache: FDerivedDataBackendGraph:  CompressedPak pak cache file ../../../../../../Users/kevin/Desktop/ProyectoUE2/ProyectoUE2/DerivedDataCache/Compressed.ddp not found, will not use a pak cache.
[2016.04.20-09.01.19:529][  0]LogDerivedDataCache: Unable to find inner node CompressedPak for hierarchical cache Hierarchy.
[2016.04.20-09.01.19:589][  0]LogDerivedDataCache:Display: Pak cache opened for reading ../../../Engine/DerivedDataCache/Compressed.ddp.
[2016.04.20-09.01.19:601][  0]LogDerivedDataCache: Using Local data cache path C:/Users/kevin/AppData/Local/UnrealEngine/Common/DerivedDataCache: Writable
[2016.04.20-09.01.19:785][  0]LogInit: Selected Device Profile: [Windows]
[2016.04.20-09.01.19:788][  0]LogContentStreaming: Texture pool size is 0.000000MB
[2016.04.20-09.01.19:937][  0]LogMeshUtilities: No automatic mesh reduction module available
[2016.04.20-09.01.19:937][  0]LogMeshUtilities: No automatic mesh merging module available
[2016.04.20-09.01.20:340][  0]LogInit: WinSock: version 1.1 (2.2), MaxSocks=32767, MaxUdp=65467
[2016.04.20-09.01.21:205][  0]UdpMessaging: Initializing bridge on interface 0.0.0.0:0 to multicast group 230.0.0.1:6666.
[2016.04.20-09.01.21:308][  0]LogAssetRegistry: FAssetRegistry took 0.0108 seconds to start up
[2016.04.20-09.01.21:508][  0]SourceControl: Info Source control is disabled
[2016.04.20-09.01.21:509][  0]SourceControl: Info Source control is disabled
[2016.04.20-09.01.21:524][  0]SourceControl: Info Source control is disabled
[2016.04.20-09.01.21:540][  0]SourceControl: Info Source control is disabled
[2016.04.20-09.01.21:867][  0]LogObj: 28633 objects as part of root set at end of initial load.
[2016.04.20-09.01.21:867][  0]LogUObjectAllocator: 6099744 out of 0 bytes used by permanent object pool.
[2016.04.20-09.01.21:925][  0]LogEngine: Initializing Engine...
[2016.04.20-09.01.21:941][  0]LogHMD: Can't find Oculus library dev build: is proper Runtime installed? Version: 0.8.0.0
[2016.04.20-09.01.21:942][  0]LogHMD: SteamVR failed to initialize.  Err: 110
[2016.04.20-09.01.22:093][  0]LogAIModule: Creating AISystem for world NewWorld
[2016.04.20-09.01.22:098][  0]LogInit: XAudio2 using 'Speakers (Realtek High Definition Audio)' : 2 channels at 48 kHz using 32 bits per sample (channel mask 0x3)
[2016.04.20-09.01.22:108][  0]LogInit: FAudioDevice initialized.
[2016.04.20-09.01.22:133][  0]LogDerivedDataCache: Saved boot cache 0.03s 41MB C:/Users/kevin/AppData/Local/UnrealEngine/4.10/DerivedDataCache/Boot.ddc.
[2016.04.20-09.01.22:137][  0]LogInit: Texture streaming: Enabled
[2016.04.20-09.01.22:144][  0]LogAnalytics: Creating configured Analytics provider AnalyticsET
[2016.04.20-09.01.22:144][  0]LogAnalytics: [UEEditor.Rocket.Release] APIServer = http://et2.epicgames.com/ET2/. AppVersion = 4.10.4-2872498+++depot+UE4-Releases+4.10
[2016.04.20-09.01.22:145][  0]LogAnalytics: [UEEditor.Rocket.Release] SetUserId 75fb61fe4993388581b5908bf060719d|f385f7681dfd4b41a3c26f0f9e0c712e|cf7d2099-34ea-4b1d-9770-0afecc25564d
[2016.04.20-09.01.22:145][  0]LogAnalytics: [UEEditor.Rocket.Release] AnalyticsET::StartSession
[2016.04.20-09.01.22:159][  0]LogInit: Transaction tracking system initialized
[2016.04.20-09.01.22:191][  0]BlueprintLog: New page: Editor Load
[2016.04.20-09.01.22:319][  0]LocalizationService: Info Localization service is disabled
[2016.04.20-09.01.22:401][  0]LogLinker:Warning: Can't find file '/Game/FirstPersonBP/FirstPersonOverview'
[2016.04.20-09.01.22:401][  0]LogLinker:Warning: Can't find file '/Game/FirstPersonBP/FirstPersonOverview'
[2016.04.20-09.01.22:401][  0]LogUObjectGlobals:Warning: Failed to find object 'Class /Game/FirstPersonBP/FirstPersonOverview.FirstPersonOverview_C'
[2016.04.20-09.01.22:585][  0]LogConsoleResponse:Display: 
[2016.04.20-09.01.22:817][  0]LogFileCache: Scanning file cache for directory 'C:/Users/kevin/Desktop/ProyectoUE2/ProyectoUE2/Content/' took 0.05s
[2016.04.20-09.01.22:817][  0]LogCook:Display: Done creating registry. It took  0.00s.
[2016.04.20-09.01.22:885][  0]SourceControl: Info Source control is disabled
[2016.04.20-09.01.22:885][  0]Cmd: MAP LOAD FILE="../../../../../../Users/kevin/Desktop/ProyectoUE2/ProyectoUE2/Content/Game/Maps/Menu.umap" TEMPLATE=0 SHOWPROGRESS=1 FEATURELEVEL=3
[2016.04.20-09.01.22:901][  0]LightingResults: New page: Lighting Build
[2016.04.20-09.01.22:905][  0]MapCheck: New page: Map Check
[2016.04.20-09.01.22:905][  0]LightingResults: New page: Lighting Build
[2016.04.20-09.01.22:915][  0]LogParticles: Destroying 0 GPU particle simulations for FXSystem 0x0000017432236AC0
[2016.04.20-09.01.23:353][  0]LogAIModule: Creating AISystem for world Menu
[2016.04.20-09.01.23:357][  0]LogEditorServer: Finished looking for orphan Actors (0.000 secs)
[2016.04.20-09.01.23:357][  0]Cmd: MAP CHECKDEP NOCLEARLOG
[2016.04.20-09.01.23:413][  0]MapCheck: Info Map check complete: 0 Error(s), 0 Warning(s), took 55.699ms to complete.
[2016.04.20-09.01.23:413][  0]LogFileHelpers: Loading map 'Menu' took 0.528
[2016.04.20-09.01.23:751][  0]LogCollectionManager: Loaded 0 collections in 0.002429 seconds
[2016.04.20-09.01.23:801][  0]LogFileCache: Scanning file cache for directory 'C:/Users/kevin/Desktop/ProyectoUE2/ProyectoUE2/Saved/Collections/' took 0.01s
[2016.04.20-09.01.23:801][  0]LogFileCache: Scanning file cache for directory 'C:/Users/kevin/Desktop/ProyectoUE2/ProyectoUE2/Content/Developers/kevin/Collections/' took 0.01s
[2016.04.20-09.01.23:801][  0]LogFileCache: Scanning file cache for directory 'C:/Users/kevin/Desktop/ProyectoUE2/ProyectoUE2/Content/Collections/' took 0.01s
[2016.04.20-09.01.23:802][  0]LogCollectionManager: Rebuilt the GUID cache for 0 collections in 0.000002 seconds
[2016.04.20-09.01.23:812][  0]LogContentBrowser: Native class hierarchy populated in 0.0077 seconds. Added 1893 classes and 338 folders.
[2016.04.20-09.01.23:859][  0]LogContentBrowser: Native class hierarchy updated for 'WidgetCarousel' in 0.0004 seconds. Added 0 classes and 0 folders.
[2016.04.20-09.01.24:721][  0]LogContentBrowser: Native class hierarchy updated for 'AddContentDialog' in 0.0004 seconds. Added 0 classes and 0 folders.
[2016.04.20-09.01.24:751][  0]LogContentBrowser: Native class hierarchy updated for 'SceneOutliner' in 0.0004 seconds. Added 1 classes and 2 folders.
[2016.04.20-09.01.25:091][  0]LogCrashTracker: Crashtracker disabled due to settings.
[2016.04.20-09.01.25:142][  0]LogUObjectGlobals:Warning: Failed to find object 'Class None.'
[2016.04.20-09.01.25:210][  0]LogLoad: Full Startup: 8.23 seconds (BP compile: 0.10 seconds)
[2016.04.20-09.01.25:225][  0]LogOcInput: Can't find Oculus library dev build: is proper Runtime installed? Version: 0.8.0.0
[2016.04.20-09.01.25:431][  0]LogContentStreaming: Texture pool size now 400 MB
[2016.04.20-09.01.25:675][  0]LogRenderer: Reallocating scene render targets to support 1044x572 (Frame:2).
[2016.04.20-09.01.26:252][  4]LogAssetRegistry: Asset discovery search completed in 4.9549 seconds
[2016.04.20-09.01.26:252][  4]LogCollectionManager: Rebuilt the object cache for 0 collections in 0.000002 seconds (found 0 objects)
[2016.04.20-09.01.26:252][  4]LogCollectionManager: Fixed up redirectors for 0 collections in 0.000026 seconds (updated 0 objects)
[2016.04.20-09.01.47:348][630]LogAIModule: Creating AISystem for world Pruebas
[2016.04.20-09.01.47:411][630]Cmd: MAP LOAD FILE="../../../../../../Users/kevin/Desktop/ProyectoUE2/ProyectoUE2/Content/Game/Maps/Pruebas.umap" TEMPLATE=0 SHOWPROGRESS=1 FEATURELEVEL=3
[2016.04.20-09.01.47:411][630]LightingResults: New page: Lighting Build
[2016.04.20-09.01.47:430][630]LoadErrors: New page: Loading map: Pruebas.umap
[2016.04.20-09.01.47:431][630]MapCheck: New page: Map Check
[2016.04.20-09.01.47:431][630]LightingResults: New page: Lighting Build
[2016.04.20-09.01.47:443][630]LogParticles: Destroying 0 GPU particle simulations for FXSystem 0x0000017427310720
[2016.04.20-09.01.47:514][630]LogEditorServer: Finished looking for orphan Actors (0.000 secs)
[2016.04.20-09.01.47:555][630]Cmd: MAP CHECKDEP NOCLEARLOG
[2016.04.20-09.01.47:625][630]MapCheck: Info Map check complete: 0 Error(s), 0 Warning(s), took 70.155ms to complete.
[2016.04.20-09.01.47:625][630]LogFileHelpers: Loading map 'Pruebas' took 0.215
[2016.04.20-09.01.48:561][686]LogPlayLevel: PlayLevel: No blueprints needed recompiling
[2016.04.20-09.01.48:598][686]PIE: New page: PIE session: Pruebas (19 Apr 2016 23:01:48)
[2016.04.20-09.01.48:598][686]LogPlayLevel: Creating play world package: /Game/Game/Maps/UEDPIE_0_Pruebas
[2016.04.20-09.01.48:602][686]LogPlayLevel: PIE: StaticDuplicateObject took: (0.003550s)
[2016.04.20-09.01.48:602][686]LogAIModule: Creating AISystem for world Pruebas
[2016.04.20-09.01.48:603][686]LogPlayLevel: PIE: World Init took: (0.000700s)
[2016.04.20-09.01.48:603][686]LogPlayLevel: PIE: Created PIE world by copying editor world from /Game/Game/Maps/Pruebas.Pruebas to /Game/Game/Maps/UEDPIE_0_Pruebas.Pruebas (0.004446s)
[2016.04.20-09.01.48:603][686]LogActorComponent: UnregisterComponent: (/Engine/Transient.CharMoveComp) Not registered. Aborting.
[2016.04.20-09.01.48:603][686]LogActorComponent: UnregisterComponent: (/Engine/Transient.PawnSensing_GEN_VARIABLE) Not registered. Aborting.
[2016.04.20-09.01.48:617][686]LogInit: XAudio2 using 'Speakers (Realtek High Definition Audio)' : 2 channels at 48 kHz using 32 bits per sample (channel mask 0x3)
[2016.04.20-09.01.48:625][686]LogInit: FAudioDevice initialized.
[2016.04.20-09.01.48:744][686]LogWorld: Game class is 'ThirdPersonGameMode_C'
[2016.04.20-09.01.48:773][686]LogWorld: Bringing World /Game/Game/Maps/UEDPIE_0_Pruebas.Pruebas up for play (max tick rate 0) at 2016.04.20-04.01.48
[2016.04.20-09.01.48:774][686]LogActor:Warning: GameSession /Game/Game/Maps/UEDPIE_0_Pruebas.Pruebas:PersistentLevel.GameSession_0 has natively added scene component(s), but none of them were set as the actor's RootComponent - picking one arbitrarily
[2016.04.20-09.01.48:774][686]LogActor:Warning: GameNetworkManager /Game/Game/Maps/UEDPIE_0_Pruebas.Pruebas:PersistentLevel.GameNetworkManager_0 has natively added scene component(s), but none of them were set as the actor's RootComponent - picking one arbitrarily
[2016.04.20-09.01.48:776][686]LogWorld: Bringing up level for play took: 0.007792
[2016.04.20-09.01.48:826][686]PIE: Info Play in editor start time for /Game/Game/Maps/UEDPIE_0_Pruebas -0.269
[2016.04.20-09.02.07:694][315]LogParticles: Destroying 0 GPU particle simulations for FXSystem 0x000001743F666160
[2016.04.20-09.02.52:646][936]LogPlayLevel: PlayLevel: No blueprints needed recompiling
[2016.04.20-09.02.52:646][936]PIE: New page: PIE session: Pruebas (19 Apr 2016 23:02:52)
[2016.04.20-09.02.52:646][936]LogPlayLevel: Creating play world package: /Game/Game/Maps/UEDPIE_0_Pruebas
[2016.04.20-09.02.52:652][936]LogPlayLevel: PIE: StaticDuplicateObject took: (0.006350s)
[2016.04.20-09.02.52:654][936]LogAIModule: Creating AISystem for world Pruebas
[2016.04.20-09.02.52:654][936]LogPlayLevel: PIE: World Init took: (0.001468s)
[2016.04.20-09.02.52:654][936]LogPlayLevel: PIE: Created PIE world by copying editor world from /Game/Game/Maps/Pruebas.Pruebas to /Game/Game/Maps/UEDPIE_0_Pruebas.Pruebas (0.008119s)
[2016.04.20-09.02.52:673][936]LogInit: XAudio2 using 'Speakers (Realtek High Definition Audio)' : 2 channels at 48 kHz using 32 bits per sample (channel mask 0x3)
[2016.04.20-09.02.52:682][936]LogInit: FAudioDevice initialized.
[2016.04.20-09.02.52:761][936]LogWorld: Game class is 'ThirdPersonGameMode_C'
[2016.04.20-09.02.52:776][936]LogWorld: Bringing World /Game/Game/Maps/UEDPIE_0_Pruebas.Pruebas up for play (max tick rate 0) at 2016.04.20-04.02.52
[2016.04.20-09.02.52:776][936]LogActor:Warning: GameSession /Game/Game/Maps/UEDPIE_0_Pruebas.Pruebas:PersistentLevel.GameSession_1 has natively added scene component(s), but none of them were set as the actor's RootComponent - picking one arbitrarily
[2016.04.20-09.02.52:777][936]LogActor:Warning: GameNetworkManager /Game/Game/Maps/UEDPIE_0_Pruebas.Pruebas:PersistentLevel.GameNetworkManager_1 has natively added scene component(s), but none of them were set as the actor's RootComponent - picking one arbitrarily
[2016.04.20-09.02.52:779][936]LogWorld: Bringing up level for play took: 0.016948
[2016.04.20-09.02.52:824][936]PIE: Info Play in editor start time for /Game/Game/Maps/UEDPIE_0_Pruebas -0.271
[2016.04.20-09.03.07:511][310]LogParticles: Destroying 0 GPU particle simulations for FXSystem 0x000001744FFFAC00
[2016.04.20-09.03.15:678][693]LogPlayLevel: PlayLevel: No blueprints needed recompiling
[2016.04.20-09.03.15:678][693]PIE: New page: PIE session: Pruebas (19 Apr 2016 23:03:15)
[2016.04.20-09.03.15:678][693]LogPlayLevel: Creating play world package: /Game/Game/Maps/UEDPIE_0_Pruebas
[2016.04.20-09.03.15:682][693]LogPlayLevel: PIE: StaticDuplicateObject took: (0.003895s)
[2016.04.20-09.03.15:683][693]LogAIModule: Creating AISystem for world Pruebas
[2016.04.20-09.03.15:683][693]LogPlayLevel: PIE: World Init took: (0.000674s)
[2016.04.20-09.03.15:683][693]LogPlayLevel: PIE: Created PIE world by copying editor world from /Game/Game/Maps/Pruebas.Pruebas to /Game/Game/Maps/UEDPIE_0_Pruebas.Pruebas (0.004837s)
[2016.04.20-09.03.15:698][693]LogInit: XAudio2 using 'Speakers (Realtek High Definition Audio)' : 2 channels at 48 kHz using 32 bits per sample (channel mask 0x3)
[2016.04.20-09.03.15:706][693]LogInit: FAudioDevice initialized.
[2016.04.20-09.03.15:792][693]LogWorld: Game class is 'ThirdPersonGameMode_C'
[2016.04.20-09.03.15:799][693]LogWorld: Bringing World /Game/Game/Maps/UEDPIE_0_Pruebas.Pruebas up for play (max tick rate 0) at 2016.04.20-04.03.15
[2016.04.20-09.03.15:800][693]LogActor:Warning: GameSession /Game/Game/Maps/UEDPIE_0_Pruebas.Pruebas:PersistentLevel.GameSession_2 has natively added scene component(s), but none of them were set as the actor's RootComponent - picking one arbitrarily
[2016.04.20-09.03.15:800][693]LogActor:Warning: GameNetworkManager /Game/Game/Maps/UEDPIE_0_Pruebas.Pruebas:PersistentLevel.GameNetworkManager_2 has natively added scene component(s), but none of them were set as the actor's RootComponent - picking one arbitrarily
[2016.04.20-09.03.15:801][693]LogWorld: Bringing up level for play took: 0.007678
[2016.04.20-09.03.15:824][693]PIE: Info Play in editor start time for /Game/Game/Maps/UEDPIE_0_Pruebas 0.728
[2016.04.20-09.03.22:831][941]LogParticles: Destroying 0 GPU particle simulations for FXSystem 0x000001744FF272E0
[2016.04.20-09.03.31:030][679]LogLinker:Warning: Asset '../../../Engine/Content/ArtTools/RenderToTexture/Macros/RenderToTextureMacros.uasset' has been saved with empty engine version. The asset will be loaded but may be incompatible.
[2016.04.20-09.03.31:540][679]LogContentBrowser: Native class hierarchy updated for 'BlueprintGraph' in 0.0169 seconds. Added 107 classes and 0 folders.
[2016.04.20-09.03.49:897][778]LogActorComponent: UnregisterComponent: (/Engine/Transient.CharMoveComp) Not registered. Aborting.
[2016.04.20-09.03.49:993][784]BlueprintLog: New page: Compile ThirdPersonCharacter
[2016.04.20-09.03.50:150][784]LogActorComponent: UnregisterComponent: (/Engine/Transient.CharacterMovementComponent_0) Not registered. Aborting.
[2016.04.20-09.03.50:189][784]BlueprintEditorCompileResults: Info [0153.20] Compile of ThirdPersonCharacter successful! [in 196 ms]
[2016.04.20-09.03.51:075][832]LogPlayLevel: PlayLevel: No blueprints needed recompiling
[2016.04.20-09.03.51:076][832]PIE: New page: PIE session: Pruebas (19 Apr 2016 23:03:51)
[2016.04.20-09.03.51:076][832]LogPlayLevel: Creating play world package: /Game/Game/Maps/UEDPIE_0_Pruebas
[2016.04.20-09.03.51:079][832]LogPlayLevel: PIE: StaticDuplicateObject took: (0.002976s)
[2016.04.20-09.03.51:079][832]LogAIModule: Creating AISystem for world Pruebas
[2016.04.20-09.03.51:079][832]LogPlayLevel: PIE: World Init took: (0.000789s)
[2016.04.20-09.03.51:079][832]LogPlayLevel: PIE: Created PIE world by copying editor world from /Game/Game/Maps/Pruebas.Pruebas to /Game/Game/Maps/UEDPIE_0_Pruebas.Pruebas (0.003926s)
[2016.04.20-09.03.51:079][832]LogActorComponent: UnregisterComponent: (/Engine/Transient.CharMoveComp) Not registered. Aborting.
[2016.04.20-09.03.51:107][832]LogInit: XAudio2 using 'Speakers (Realtek High Definition Audio)' : 2 channels at 48 kHz using 32 bits per sample (channel mask 0x3)
[2016.04.20-09.03.51:114][832]LogInit: FAudioDevice initialized.
[2016.04.20-09.03.51:204][832]LogWorld: Game class is 'ThirdPersonGameMode_C'
[2016.04.20-09.03.51:211][832]LogWorld: Bringing World /Game/Game/Maps/UEDPIE_0_Pruebas.Pruebas up for play (max tick rate 0) at 2016.04.20-04.03.51
[2016.04.20-09.03.51:211][832]LogActor:Warning: GameSession /Game/Game/Maps/UEDPIE_0_Pruebas.Pruebas:PersistentLevel.GameSession_3 has natively added scene component(s), but none of them were set as the actor's RootComponent - picking one arbitrarily
[2016.04.20-09.03.51:211][832]LogActor:Warning: GameNetworkManager /Game/Game/Maps/UEDPIE_0_Pruebas.Pruebas:PersistentLevel.GameNetworkManager_3 has natively added scene component(s), but none of them were set as the actor's RootComponent - picking one arbitrarily
[2016.04.20-09.03.51:213][832]LogWorld: Bringing up level for play took: 0.007201
[2016.04.20-09.03.51:265][832]PIE: Info Play in editor start time for /Game/Game/Maps/UEDPIE_0_Pruebas 0.17
[2016.04.20-09.04.01:529][168]LogParticles: Destroying 0 GPU particle simulations for FXSystem 0x000001745C5156C0
[2016.04.20-09.04.03:709][304]LogRenderer: Reallocating scene render targets to support 1212x712 (Frame:1686).
[2016.04.20-09.04.23:746][664]LogActorComponent: UnregisterComponent: (/Engine/Transient.CharMoveComp) Not registered. Aborting.
[2016.04.20-09.04.24:159][664]LogSavePackage: Save=160.394226ms
[2016.04.20-09.04.24:159][664]LogSavePackage: Moving '../../../../../../Users/kevin/Desktop/ProyectoUE2/ProyectoUE2/Saved/ThirdPersonCharacter7404EF074722C2EA787CBD88D15DE62D.tmp' to '../../../../../../Users/kevin/Desktop/ProyectoUE2/ProyectoUE2/Content/ThirdPersonBP/Blueprints/ThirdPersonCharacter.uasset'
[2016.04.20-09.04.24:162][664]LogSavePackage: Total save time: 231.167756ms
[2016.04.20-09.04.24:162][664]LogSavePackage:Display: Finished SavePackage ../../../../../../Users/kevin/Desktop/ProyectoUE2/ProyectoUE2/Content/ThirdPersonBP/Blueprints/ThirdPersonCharacter.uasset
[2016.04.20-09.04.49:672][290]LogPlayLevel: PlayLevel: No blueprints needed recompiling
[2016.04.20-09.04.49:672][290]PIE: New page: PIE session: Pruebas (19 Apr 2016 23:04:49)
[2016.04.20-09.04.49:672][290]LogPlayLevel: Creating play world package: /Game/Game/Maps/UEDPIE_0_Pruebas
[2016.04.20-09.04.49:676][290]LogPlayLevel: PIE: StaticDuplicateObject took: (0.003597s)
[2016.04.20-09.04.49:676][290]LogAIModule: Creating AISystem for world Pruebas
[2016.04.20-09.04.49:676][290]LogPlayLevel: PIE: World Init took: (0.000828s)
[2016.04.20-09.04.49:677][290]LogPlayLevel: PIE: Created PIE world by copying editor world from /Game/Game/Maps/Pruebas.Pruebas to /Game/Game/Maps/UEDPIE_0_Pruebas.Pruebas (0.004625s)
[2016.04.20-09.04.49:677][290]LogActorComponent: UnregisterComponent: (/Engine/Transient.CharMoveComp) Not registered. Aborting.
[2016.04.20-09.04.49:714][290]LogInit: XAudio2 using 'Speakers (Realtek High Definition Audio)' : 2 channels at 48 kHz using 32 bits per sample (channel mask 0x3)
[2016.04.20-09.04.49:729][290]LogInit: FAudioDevice initialized.
[2016.04.20-09.04.49:827][290]LogWorld: Game class is 'ThirdPersonGameMode_C'
[2016.04.20-09.04.49:835][290]LogWorld: Bringing World /Game/Game/Maps/UEDPIE_0_Pruebas.Pruebas up for play (max tick rate 0) at 2016.04.20-04.04.49
[2016.04.20-09.04.49:835][290]LogActor:Warning: GameSession /Game/Game/Maps/UEDPIE_0_Pruebas.Pruebas:PersistentLevel.GameSession_4 has natively added scene component(s), but none of them were set as the actor's RootComponent - picking one arbitrarily
[2016.04.20-09.04.49:835][290]LogActor:Warning: GameNetworkManager /Game/Game/Maps/UEDPIE_0_Pruebas.Pruebas:PersistentLevel.GameNetworkManager_4 has natively added scene component(s), but none of them were set as the actor's RootComponent - picking one arbitrarily
[2016.04.20-09.04.49:841][290]LogWorld: Bringing up level for play took: 0.012816
[2016.04.20-09.04.49:904][290]PIE: Info Play in editor start time for /Game/Game/Maps/UEDPIE_0_Pruebas 0.809
[2016.04.20-09.05.02:930][593]LogParticles: Destroying 0 GPU particle simulations for FXSystem 0x000001746A1D58A0
[2016.04.20-09.05.19:874][810]MapCheck: New page: Map Check
[2016.04.20-09.05.20:028][810]Cmd: MAP REBUILD ALLVISIBLE
[2016.04.20-09.05.20:029][810]LogEditorServer: Rebuildmap Clear paths rebuilt
[2016.04.20-09.05.20:279][810]LightingResults: New page: Lighting Build - 19 Apr 2016 23:05:20
[2016.04.20-09.05.31:754][810]LogStaticLightingSystem:Warning: No importance volume found, so the scene bounding box was used.  You can optimize your scene's quality and lighting build times by adding importance volumes.
[2016.04.20-09.05.31:755][810]LogStaticLightingSystem: Running Lightmass w/ ImmediateImport mode ENABLED
[2016.04.20-09.05.31:755][810]LogStaticLightingSystem: Running Lightmass w/ ImmediateProcess mode ENABLED
[2016.04.20-09.05.31:755][810]LogStaticLightingSystem: Running Lightmass w/ Sorting mode ENABLED
[2016.04.20-09.05.31:755][810]LogStaticLightingSystem: Running Lightmass w/ Mapping paddings ENABLED
[2016.04.20-09.05.31:755][810]LogStaticLightingSystem: Running Lightmass w/ Mapping debug paddings DISABLED
[2016.04.20-09.05.32:236][810]LogEditorBuildUtils: Build time 0:00:12
[2016.04.20-09.05.34:903][818]Job is a success!
[2016.04.20-09.05.35:409][819]LogTexture:Display: Building textures: LQ_Lightmap_0_1 (DXT1)
[2016.04.20-09.05.35:456][819]LogTexture:Display: Building textures: LQ_Lightmap_0_3 (DXT1)
[2016.04.20-09.05.35:456][819]LogTexture:Display: Building textures: HQ_Lightmap0_3 (AutoDXT)
[2016.04.20-09.05.35:458][819]LogTexture:Display: Building textures: LQ_Lightmap_1_2 (DXT1)
[2016.04.20-09.05.35:468][819]LogTexture:Display: Building textures: HQ_Lightmap1_2 (AutoDXT)
[2016.04.20-09.05.35:599][819]LogTexture:Display: Building textures: HQ_Lightmap0_1 (AutoDXT)
[2016.04.20-09.05.35:625][819]LogTexture:Display: Building textures: ShadowMapTexture2D_0 (G8)
[2016.04.20-09.05.35:634][819]LogTexture:Display: Building textures: ShadowMapTexture2D_1 (G8)
[2016.04.20-09.05.35:636][819]LogTexture:Display: Building textures: ShadowMapTexture2D_3 (G8)
[2016.04.20-09.05.35:909][819]Lightmass on DESKTOP-FPFDLKH: 2.00 sec total, 151 ms importing, 0 ms setup, 138 ms photons, 1.10 sec processing, 0 ms extra exporting [7/7 mappings]. Threads: 4.39 sec total, 549 ms processing.
[2016.04.20-09.05.35:970][819]LogStaticLightingSystem: Illumination: 15.3 sec (247 ms encoding lightmaps)
[2016.04.20-09.05.35:970][819]LogStaticLightingSystem: Lightmap texture memory:  0.2 MB (0.2 MB streaming, 0.0 MB non-streaming), 6 textures
[2016.04.20-09.05.35:970][819]LogStaticLightingSystem: Shadowmap texture memory: 0.1 MB (0.1 MB streaming, 0.0 MB non-streaming), 3 textures
[2016.04.20-09.05.36:745][820]Cmd: MAP CHECK NOTIFYRESULTS
[2016.04.20-09.05.36:745][820]MapCheck: New page: Pruebas - 19 Apr 2016 23:05:36
[2016.04.20-09.05.36:944][820]MapCheck: Info Map check complete: 0 Error(s), 0 Warning(s), took 199.53ms to complete.
[2016.04.20-09.06.43:078][765]LogPlayLevel: PlayLevel: No blueprints needed recompiling
[2016.04.20-09.06.43:078][765]PIE: New page: PIE session: Pruebas (19 Apr 2016 23:06:43)
[2016.04.20-09.06.43:078][765]LogPlayLevel: Creating play world package: /Game/Game/Maps/UEDPIE_0_Pruebas
[2016.04.20-09.06.43:087][765]LogPlayLevel: PIE: StaticDuplicateObject took: (0.008950s)
[2016.04.20-09.06.43:088][765]LogAIModule: Creating AISystem for world Pruebas
[2016.04.20-09.06.43:089][765]LogPlayLevel: PIE: World Init took: (0.001190s)
[2016.04.20-09.06.43:089][765]LogPlayLevel: PIE: Created PIE world by copying editor world from /Game/Game/Maps/Pruebas.Pruebas to /Game/Game/Maps/UEDPIE_0_Pruebas.Pruebas (0.010464s)
[2016.04.20-09.06.43:089][765]LogActorComponent: UnregisterComponent: (/Engine/Transient.CharMoveComp) Not registered. Aborting.
[2016.04.20-09.06.43:124][765]LogInit: XAudio2 using 'Speakers (Realtek High Definition Audio)' : 2 channels at 48 kHz using 32 bits per sample (channel mask 0x3)
[2016.04.20-09.06.43:136][765]LogInit: FAudioDevice initialized.
[2016.04.20-09.06.43:218][765]LogWorld: Game class is 'ThirdPersonGameMode_C'
[2016.04.20-09.06.43:230][765]LogWorld: Bringing World /Game/Game/Maps/UEDPIE_0_Pruebas.Pruebas up for play (max tick rate 0) at 2016.04.20-04.06.43
[2016.04.20-09.06.43:230][765]LogActor:Warning: GameSession /Game/Game/Maps/UEDPIE_0_Pruebas.Pruebas:PersistentLevel.GameSession_5 has natively added scene component(s), but none of them were set as the actor's RootComponent - picking one arbitrarily
[2016.04.20-09.06.43:230][765]LogActor:Warning: GameNetworkManager /Game/Game/Maps/UEDPIE_0_Pruebas.Pruebas:PersistentLevel.GameNetworkManager_5 has natively added scene component(s), but none of them were set as the actor's RootComponent - picking one arbitrarily
[2016.04.20-09.06.43:232][765]LogWorld: Bringing up level for play took: 0.013162
[2016.04.20-09.06.43:296][765]PIE: Info Play in editor start time for /Game/Game/Maps/UEDPIE_0_Pruebas 0.201
[2016.04.20-09.07.50:499][317]LogParticles: Destroying 0 GPU particle simulations for FXSystem 0x00000174610EF7E0
[2016.04.20-09.08.11:367][437]BlueprintLog: New page: Compile ThirdPersonCharacter
[2016.04.20-09.08.11:516][437]LogActorComponent: UnregisterComponent: (/Engine/Transient.CharMoveComp) Not registered. Aborting.
[2016.04.20-09.08.11:554][437]BlueprintEditorCompileResults: Info [0414.57] Compile of ThirdPersonCharacter successful! [in 186 ms]
[2016.04.20-09.08.13:224][546]LogPlayLevel: PlayLevel: No blueprints needed recompiling
[2016.04.20-09.08.13:224][546]PIE: New page: PIE session: Pruebas (19 Apr 2016 23:08:13)
[2016.04.20-09.08.13:224][546]LogPlayLevel: Creating play world package: /Game/Game/Maps/UEDPIE_0_Pruebas
[2016.04.20-09.08.13:227][546]LogPlayLevel: PIE: StaticDuplicateObject took: (0.003334s)
[2016.04.20-09.08.13:228][546]LogAIModule: Creating AISystem for world Pruebas
[2016.04.20-09.08.13:228][546]LogPlayLevel: PIE: World Init took: (0.000766s)
[2016.04.20-09.08.13:228][546]LogPlayLevel: PIE: Created PIE world by copying editor world from /Game/Game/Maps/Pruebas.Pruebas to /Game/Game/Maps/UEDPIE_0_Pruebas.Pruebas (0.004341s)
[2016.04.20-09.08.13:228][546]LogActorComponent: UnregisterComponent: (/Engine/Transient.CharMoveComp) Not registered. Aborting.
[2016.04.20-09.08.13:257][546]LogInit: XAudio2 using 'Speakers (Realtek High Definition Audio)' : 2 channels at 48 kHz using 32 bits per sample (channel mask 0x3)
[2016.04.20-09.08.13:264][546]LogInit: FAudioDevice initialized.
[2016.04.20-09.08.13:353][546]LogWorld: Game class is 'ThirdPersonGameMode_C'
[2016.04.20-09.08.13:360][546]LogWorld: Bringing World /Game/Game/Maps/UEDPIE_0_Pruebas.Pruebas up for play (max tick rate 0) at 2016.04.20-04.08.13
[2016.04.20-09.08.13:360][546]LogActor:Warning: GameSession /Game/Game/Maps/UEDPIE_0_Pruebas.Pruebas:PersistentLevel.GameSession_6 has natively added scene component(s), but none of them were set as the actor's RootComponent - picking one arbitrarily
[2016.04.20-09.08.13:361][546]LogActor:Warning: GameNetworkManager /Game/Game/Maps/UEDPIE_0_Pruebas.Pruebas:PersistentLevel.GameNetworkManager_6 has natively added scene component(s), but none of them were set as the actor's RootComponent - picking one arbitrarily
[2016.04.20-09.08.13:362][546]LogWorld: Bringing up level for play took: 0.007120
[2016.04.20-09.08.13:410][546]PIE: Info Play in editor start time for /Game/Game/Maps/UEDPIE_0_Pruebas 0.315
[2016.04.20-09.08.46:904][570]LogParticles: Destroying 0 GPU particle simulations for FXSystem 0x00000174686E9E40
[2016.04.20-09.09.02:024][733]LogPlayLevel: PlayLevel: No blueprints needed recompiling
[2016.04.20-09.09.02:025][733]PIE: New page: PIE session: Pruebas (19 Apr 2016 23:09:02)
[2016.04.20-09.09.02:025][733]LogPlayLevel: Creating play world package: /Game/Game/Maps/UEDPIE_0_Pruebas
[2016.04.20-09.09.02:029][733]LogPlayLevel: PIE: StaticDuplicateObject took: (0.004288s)
[2016.04.20-09.09.02:030][733]LogAIModule: Creating AISystem for world Pruebas
[2016.04.20-09.09.02:030][733]LogPlayLevel: PIE: World Init took: (0.000828s)
[2016.04.20-09.09.02:030][733]LogPlayLevel: PIE: Created PIE world by copying editor world from /Game/Game/Maps/Pruebas.Pruebas to /Game/Game/Maps/UEDPIE_0_Pruebas.Pruebas (0.005329s)
[2016.04.20-09.09.02:074][733]LogInit: XAudio2 using 'Speakers (Realtek High Definition Audio)' : 2 channels at 48 kHz using 32 bits per sample (channel mask 0x3)
[2016.04.20-09.09.02:083][733]LogInit: FAudioDevice initialized.
[2016.04.20-09.09.02:193][733]LogWorld: Game class is 'ThirdPersonGameMode_C'
[2016.04.20-09.09.02:210][733]LogWorld: Bringing World /Game/Game/Maps/UEDPIE_0_Pruebas.Pruebas up for play (max tick rate 0) at 2016.04.20-04.09.02
[2016.04.20-09.09.02:211][733]LogActor:Warning: GameSession /Game/Game/Maps/UEDPIE_0_Pruebas.Pruebas:PersistentLevel.GameSession_7 has natively added scene component(s), but none of them were set as the actor's RootComponent - picking one arbitrarily
[2016.04.20-09.09.02:211][733]LogActor:Warning: GameNetworkManager /Game/Game/Maps/UEDPIE_0_Pruebas.Pruebas:PersistentLevel.GameNetworkManager_7 has natively added scene component(s), but none of them were set as the actor's RootComponent - picking one arbitrarily
[2016.04.20-09.09.02:213][733]LogWorld: Bringing up level for play took: 0.016670
[2016.04.20-09.09.02:311][733]PIE: Info Play in editor start time for /Game/Game/Maps/UEDPIE_0_Pruebas 1.216
[2016.04.20-09.09.40:754][604]LogParticles: Destroying 0 GPU particle simulations for FXSystem 0x000001745C7CE520
[2016.04.20-09.10.15:523][886]LogPlayLevel: PlayLevel: No blueprints needed recompiling
[2016.04.20-09.10.15:523][886]PIE: New page: PIE session: Pruebas (19 Apr 2016 23:10:15)
[2016.04.20-09.10.15:524][886]LogPlayLevel: Creating play world package: /Game/Game/Maps/UEDPIE_0_Pruebas
[2016.04.20-09.10.15:530][886]LogPlayLevel: PIE: StaticDuplicateObject took: (0.006426s)
[2016.04.20-09.10.15:531][886]LogAIModule: Creating AISystem for world Pruebas
[2016.04.20-09.10.15:531][886]LogPlayLevel: PIE: World Init took: (0.000861s)
[2016.04.20-09.10.15:531][886]LogPlayLevel: PIE: Created PIE world by copying editor world from /Game/Game/Maps/Pruebas.Pruebas to /Game/Game/Maps/UEDPIE_0_Pruebas.Pruebas (0.007517s)
[2016.04.20-09.10.15:565][886]LogInit: XAudio2 using 'Speakers (Realtek High Definition Audio)' : 2 channels at 48 kHz using 32 bits per sample (channel mask 0x3)
[2016.04.20-09.10.15:578][886]LogInit: FAudioDevice initialized.
[2016.04.20-09.10.15:692][886]LogWorld: Game class is 'ThirdPersonGameMode_C'
[2016.04.20-09.10.15:708][886]LogWorld: Bringing World /Game/Game/Maps/UEDPIE_0_Pruebas.Pruebas up for play (max tick rate 0) at 2016.04.20-04.10.15
[2016.04.20-09.10.15:708][886]LogActor:Warning: GameSession /Game/Game/Maps/UEDPIE_0_Pruebas.Pruebas:PersistentLevel.GameSession_8 has natively added scene component(s), but none of them were set as the actor's RootComponent - picking one arbitrarily
[2016.04.20-09.10.15:709][886]LogActor:Warning: GameNetworkManager /Game/Game/Maps/UEDPIE_0_Pruebas.Pruebas:PersistentLevel.GameNetworkManager_8 has natively added scene component(s), but none of them were set as the actor's RootComponent - picking one arbitrarily
[2016.04.20-09.10.15:714][886]LogWorld: Bringing up level for play took: 0.020740
[2016.04.20-09.10.15:800][886]PIE: Info Play in editor start time for /Game/Game/Maps/UEDPIE_0_Pruebas 0.705
[2016.04.20-09.11.44:521][877]LogParticles: Destroying 0 GPU particle simulations for FXSystem 0x000001744CE59DA0
[2016.04.20-09.11.57:226][395]LogTexture:Display: Building textures: HQ_Lightmap0_1 (AutoDXT)
[2016.04.20-09.11.57:385][395]LogTexture:Display: Building textures: HQ_Lightmap0_4 (AutoDXT)
[2016.04.20-09.11.57:422][395]LogTexture:Display: Building textures: HQ_Lightmap1_2 (AutoDXT)
[2016.04.20-09.11.57:597][395]LogTexture:Display: Building textures: LQ_Lightmap_0_1 (DXT1)
[2016.04.20-09.11.57:708][395]LogTexture:Display: Building textures: LQ_Lightmap_0_4 (DXT1)
[2016.04.20-09.11.57:723][395]LogTexture:Display: Building textures: LQ_Lightmap_1_2 (DXT1)
[2016.04.20-09.11.57:955][395]LogTexture:Display: Building textures: ShadowMapTexture2D_84 (BGRA8)
[2016.04.20-09.11.58:009][395]LogTexture:Display: Building textures: ShadowMapTexture2D_85 (BGRA8)
[2016.04.20-09.11.58:047][395]LogTexture:Display: Building textures: ShadowMapTexture2D_87 (BGRA8)
[2016.04.20-09.11.58:220][395]LogAIModule: Creating AISystem for world Nivel1
[2016.04.20-09.11.58:222][395]LogParticles:Warning: InitializeSystem called on an unregistered component. Template=/Game/StarterContent/Particles/P_Fire.P_Fire Component=/Game/Game/Maps/Nivel1.Nivel1:PersistentLevel.P_Fire.ParticleSystemComponent0
[2016.04.20-09.11.58:229][395]LogParticles:Warning: InitializeSystem called on an unregistered component. Template=/Game/StarterContent/Particles/P_Smoke.P_Smoke Component=/Game/Game/Maps/Nivel1.Nivel1:PersistentLevel.P_Smoke_4.ParticleSystemComponent0
[2016.04.20-09.11.58:229][395]LogParticles:Warning: InitializeSystem called on an unregistered component. Template=/Game/StarterContent/Particles/P_Smoke.P_Smoke Component=/Game/Game/Maps/Nivel1.Nivel1:PersistentLevel.P_Smoke2_7.ParticleSystemComponent0
[2016.04.20-09.11.58:229][395]LogParticles:Warning: InitializeSystem called on an unregistered component. Template=/Game/StarterContent/Particles/P_Fire.P_Fire Component=/Game/Game/Maps/Nivel1.Nivel1:PersistentLevel.P_Fire2_10.ParticleSystemComponent0
[2016.04.20-09.11.58:229][395]LogParticles:Warning: InitializeSystem called on an unregistered component. Template=/Game/StarterContent/Particles/P_Fire.P_Fire Component=/Game/Game/Maps/Nivel1.Nivel1:PersistentLevel.P_Fire3_13.ParticleSystemComponent0
[2016.04.20-09.11.58:288][395]LogActorComponent: UnregisterComponent: (/Engine/Transient.CharMoveComp) Not registered. Aborting.
[2016.04.20-09.12.00:006][395]Cmd: OBJ SAVEPACKAGE PACKAGE="/Game/Game/Maps/Pruebas" FILE="../../../../../../Users/kevin/Desktop/ProyectoUE2/ProyectoUE2/Content/Game/Maps/Pruebas.umap" SILENT=true AUTOSAVING=false KEEPDIRTY=false
[2016.04.20-09.12.00:170][395]LogSavePackage: Save=42.949963ms
[2016.04.20-09.12.00:170][395]LogSavePackage: Moving '../../../../../../Users/kevin/Desktop/ProyectoUE2/ProyectoUE2/Saved/Pruebas8CF9B50D4B8086F795FC17AD2A3FD6FE.tmp' to '../../../../../../Users/kevin/Desktop/ProyectoUE2/ProyectoUE2/Content/Game/Maps/Pruebas.umap'
[2016.04.20-09.12.00:174][395]LogSavePackage: Total save time: 116.052035ms
[2016.04.20-09.12.00:174][395]LogSavePackage:Display: Finished SavePackage ../../../../../../Users/kevin/Desktop/ProyectoUE2/ProyectoUE2/Content/Game/Maps/Pruebas.umap
[2016.04.20-09.12.00:213][395]LogFileHelpers: Saving map 'Pruebas' took 0.333
[2016.04.20-09.12.00:495][395]LogSavePackage: Save=197.664047ms
[2016.04.20-09.12.00:495][395]LogSavePackage: Moving '../../../../../../Users/kevin/Desktop/ProyectoUE2/ProyectoUE2/Saved/ThirdPersonCharacter49182C2140462A0B5A4378B1A93DD2C5.tmp' to '../../../../../../Users/kevin/Desktop/ProyectoUE2/ProyectoUE2/Content/ThirdPersonBP/Blueprints/ThirdPersonCharacter.uasset'
[2016.04.20-09.12.00:499][395]LogSavePackage: Total save time: 259.213828ms
[2016.04.20-09.12.00:499][395]LogSavePackage:Display: Finished SavePackage ../../../../../../Users/kevin/Desktop/ProyectoUE2/ProyectoUE2/Content/ThirdPersonBP/Blueprints/ThirdPersonCharacter.uasset
[2016.04.20-09.12.00:501][395]Cmd: MAP LOAD FILE="../../../../../../Users/kevin/Desktop/ProyectoUE2/ProyectoUE2/Content/Game/Maps/Nivel1.umap" TEMPLATE=0 SHOWPROGRESS=1 FEATURELEVEL=3
[2016.04.20-09.12.00:501][395]LightingResults: New page: Lighting Build
[2016.04.20-09.12.00:528][395]LoadErrors: New page: Loading map: Nivel1.umap
[2016.04.20-09.12.00:541][395]MapCheck: New page: Map Check
[2016.04.20-09.12.00:541][395]LightingResults: New page: Lighting Build
[2016.04.20-09.12.00:541][395]LogActorComponent: UnregisterComponent: (/Engine/Transient.CharMoveComp) Not registered. Aborting.
[2016.04.20-09.12.00:575][395]LogParticles: Destroying 0 GPU particle simulations for FXSystem 0x00000174503D7060
[2016.04.20-09.12.00:744][395]LogEditorServer: Finished looking for orphan Actors (0.000 secs)
[2016.04.20-09.12.00:784][395]Cmd: MAP CHECKDEP NOCLEARLOG
[2016.04.20-09.12.00:887][395]MapCheck: Info Map check complete: 0 Error(s), 0 Warning(s), took 102.072ms to complete.
[2016.04.20-09.12.00:887][395]LogFileHelpers: Loading map 'Nivel1' took 0.387
[2016.04.20-09.12.07:710][644]LogAIModule: Creating AISystem for world NivelTutorial
[2016.04.20-09.12.07:744][644]LogActorComponent: UnregisterComponent: (/Engine/Transient.CharMoveComp) Not registered. Aborting.
[2016.04.20-09.12.07:744][644]LogActorComponent: UnregisterComponent: (/Engine/Transient.PawnSensing_GEN_VARIABLE) Not registered. Aborting.
[2016.04.20-09.12.07:793][644]Cmd: MAP LOAD FILE="../../../../../../Users/kevin/Desktop/ProyectoUE2/ProyectoUE2/Content/Game/Maps/NivelTutorial.umap" TEMPLATE=0 SHOWPROGRESS=1 FEATURELEVEL=3
[2016.04.20-09.12.07:794][644]LightingResults: New page: Lighting Build
[2016.04.20-09.12.07:818][644]LoadErrors: New page: Loading map: NivelTutorial.umap
[2016.04.20-09.12.07:820][644]MapCheck: New page: Map Check
[2016.04.20-09.12.07:820][644]LightingResults: New page: Lighting Build
[2016.04.20-09.12.07:855][644]LogParticles: Destroying 0 GPU particle simulations for FXSystem 0x0000017425EBE980
[2016.04.20-09.12.08:071][644]LogEditorServer: Finished looking for orphan Actors (0.000 secs)
[2016.04.20-09.12.08:112][644]Cmd: MAP CHECKDEP NOCLEARLOG
[2016.04.20-09.12.08:230][644]MapCheck: Info Map check complete: 0 Error(s), 0 Warning(s), took 117.433ms to complete.
[2016.04.20-09.12.08:230][644]LogFileHelpers: Loading map 'NivelTutorial' took 0.442
[2016.04.20-09.12.09:830][721]LogBlueprintUserMessages: Early PlayInEditor Detection: Level '/Game/Game/Maps/NivelTutorial.NivelTutorial:PersistentLevel' has LevelScriptBlueprint '/Game/Game/Maps/NivelTutorial.NivelTutorial:PersistentLevel.NivelTutorial' with GeneratedClass '/Game/Game/Maps/NivelTutorial.NivelTutorial_C' with ClassGeneratedBy '/Game/Game/Maps/NivelTutorial.NivelTutorial:PersistentLevel.NivelTutorial'
[2016.04.20-09.12.09:830][721]LogPlayLevel: PlayLevel: No blueprints needed recompiling
[2016.04.20-09.12.09:831][721]PIE: New page: PIE session: NivelTutorial (19 Apr 2016 23:12:09)
[2016.04.20-09.12.09:831][721]LogPlayLevel: Creating play world package: /Game/Game/Maps/UEDPIE_0_NivelTutorial
[2016.04.20-09.12.09:846][721]LogPlayLevel: PIE: StaticDuplicateObject took: (0.015011s)
[2016.04.20-09.12.09:846][721]LogAIModule: Creating AISystem for world NivelTutorial
[2016.04.20-09.12.09:847][721]LogPlayLevel: PIE: World Init took: (0.000762s)
[2016.04.20-09.12.09:847][721]LogPlayLevel: PIE: Created PIE world by copying editor world from /Game/Game/Maps/NivelTutorial.NivelTutorial to /Game/Game/Maps/UEDPIE_0_NivelTutorial.NivelTutorial (0.016094s)
[2016.04.20-09.12.09:847][721]LogActorComponent: UnregisterComponent: (/Engine/Transient.CharMoveComp) Not registered. Aborting.
[2016.04.20-09.12.09:847][721]LogActorComponent: UnregisterComponent: (/Engine/Transient.PawnSensing_GEN_VARIABLE) Not registered. Aborting.
[2016.04.20-09.12.09:886][721]LogInit: XAudio2 using 'Speakers (Realtek High Definition Audio)' : 2 channels at 48 kHz using 32 bits per sample (channel mask 0x3)
[2016.04.20-09.12.09:896][721]LogInit: FAudioDevice initialized.
[2016.04.20-09.12.10:013][721]LogWorld: Game class is 'ThirdPersonGameMode_C'
[2016.04.20-09.12.10:049][721]LogWorld: Bringing World /Game/Game/Maps/UEDPIE_0_NivelTutorial.NivelTutorial up for play (max tick rate 0) at 2016.04.20-04.12.10
[2016.04.20-09.12.10:049][721]LogActor:Warning: GameSession /Game/Game/Maps/UEDPIE_0_NivelTutorial.NivelTutorial:PersistentLevel.GameSession_9 has natively added scene component(s), but none of them were set as the actor's RootComponent - picking one arbitrarily
[2016.04.20-09.12.10:050][721]LogActor:Warning: GameNetworkManager /Game/Game/Maps/UEDPIE_0_NivelTutorial.NivelTutorial:PersistentLevel.GameNetworkManager_9 has natively added scene component(s), but none of them were set as the actor's RootComponent - picking one arbitrarily
[2016.04.20-09.12.10:052][721]LogWorld: Bringing up level for play took: 0.037311
[2016.04.20-09.12.10:086][721]PIE: Info Play in editor start time for /Game/Game/Maps/UEDPIE_0_NivelTutorial 0.99
[2016.04.20-09.12.10:086][721]LogBlueprintUserMessages: Late PlayInEditor Detection: Level '/Game/Game/Maps/NivelTutorial.NivelTutorial:PersistentLevel' has LevelScriptBlueprint '/Game/Game/Maps/NivelTutorial.NivelTutorial:PersistentLevel.NivelTutorial' with GeneratedClass '/Game/Game/Maps/NivelTutorial.NivelTutorial_C' with ClassGeneratedBy '/Game/Game/Maps/NivelTutorial.NivelTutorial:PersistentLevel.NivelTutorial'
[2016.04.20-09.12.21:999][  5]LogCharacterMovement: ThirdPersonCharacter_C_24 is stuck and failed to move!
[2016.04.20-09.12.25:176][ 81]LogBlueprintUserMessages: Early EndPlayMap Detection: Level '/Game/Game/Maps/NivelTutorial.NivelTutorial:PersistentLevel' has LevelScriptBlueprint '/Game/Game/Maps/NivelTutorial.NivelTutorial:PersistentLevel.NivelTutorial' with GeneratedClass '/Game/Game/Maps/NivelTutorial.NivelTutorial_C' with ClassGeneratedBy '/Game/Game/Maps/NivelTutorial.NivelTutorial:PersistentLevel.NivelTutorial'
[2016.04.20-09.12.25:263][ 81]LogBlueprintUserMessages: Late EndPlayMap Detection: Level '/Game/Game/Maps/NivelTutorial.NivelTutorial:PersistentLevel' has LevelScriptBlueprint '/Game/Game/Maps/NivelTutorial.NivelTutorial:PersistentLevel.NivelTutorial' with GeneratedClass '/Game/Game/Maps/NivelTutorial.NivelTutorial_C' with ClassGeneratedBy '/Game/Game/Maps/NivelTutorial.NivelTutorial:PersistentLevel.NivelTutorial'
[2016.04.20-09.12.25:308][ 81]LogParticles: Destroying 0 GPU particle simulations for FXSystem 0x0000017490C009A0
[2016.04.20-09.12.26:752][144]LogBlueprintUserMessages: Early PlayInEditor Detection: Level '/Game/Game/Maps/NivelTutorial.NivelTutorial:PersistentLevel' has LevelScriptBlueprint '/Game/Game/Maps/NivelTutorial.NivelTutorial:PersistentLevel.NivelTutorial' with GeneratedClass '/Game/Game/Maps/NivelTutorial.NivelTutorial_C' with ClassGeneratedBy '/Game/Game/Maps/NivelTutorial.NivelTutorial:PersistentLevel.NivelTutorial'
[2016.04.20-09.12.26:752][144]LogPlayLevel: PlayLevel: No blueprints needed recompiling
[2016.04.20-09.12.26:752][144]PIE: New page: PIE session: NivelTutorial (19 Apr 2016 23:12:26)
[2016.04.20-09.12.26:752][144]LogPlayLevel: Creating play world package: /Game/Game/Maps/UEDPIE_0_NivelTutorial
[2016.04.20-09.12.26:768][144]LogPlayLevel: PIE: StaticDuplicateObject took: (0.015954s)
[2016.04.20-09.12.26:769][144]LogAIModule: Creating AISystem for world NivelTutorial
[2016.04.20-09.12.26:769][144]LogPlayLevel: PIE: World Init took: (0.001001s)
[2016.04.20-09.12.26:770][144]LogPlayLevel: PIE: Created PIE world by copying editor world from /Game/Game/Maps/NivelTutorial.NivelTutorial to /Game/Game/Maps/UEDPIE_0_NivelTutorial.NivelTutorial (0.017258s)
[2016.04.20-09.12.26:806][144]LogInit: XAudio2 using 'Speakers (Realtek High Definition Audio)' : 2 channels at 48 kHz using 32 bits per sample (channel mask 0x3)
[2016.04.20-09.12.26:816][144]LogInit: FAudioDevice initialized.
[2016.04.20-09.12.26:915][144]LogWorld: Game class is 'ThirdPersonGameMode_C'
[2016.04.20-09.12.26:959][144]LogWorld: Bringing World /Game/Game/Maps/UEDPIE_0_NivelTutorial.NivelTutorial up for play (max tick rate 0) at 2016.04.20-04.12.26
[2016.04.20-09.12.26:959][144]LogActor:Warning: GameSession /Game/Game/Maps/UEDPIE_0_NivelTutorial.NivelTutorial:PersistentLevel.GameSession_10 has natively added scene component(s), but none of them were set as the actor's RootComponent - picking one arbitrarily
[2016.04.20-09.12.26:959][144]LogActor:Warning: GameNetworkManager /Game/Game/Maps/UEDPIE_0_NivelTutorial.NivelTutorial:PersistentLevel.GameNetworkManager_10 has natively added scene component(s), but none of them were set as the actor's RootComponent - picking one arbitrarily
[2016.04.20-09.12.26:961][144]LogWorld: Bringing up level for play took: 0.043552
[2016.04.20-09.12.27:006][144]PIE: Info Play in editor start time for /Game/Game/Maps/UEDPIE_0_NivelTutorial -0.089
[2016.04.20-09.12.27:006][144]LogBlueprintUserMessages: Late PlayInEditor Detection: Level '/Game/Game/Maps/NivelTutorial.NivelTutorial:PersistentLevel' has LevelScriptBlueprint '/Game/Game/Maps/NivelTutorial.NivelTutorial:PersistentLevel.NivelTutorial' with GeneratedClass '/Game/Game/Maps/NivelTutorial.NivelTutorial_C' with ClassGeneratedBy '/Game/Game/Maps/NivelTutorial.NivelTutorial:PersistentLevel.NivelTutorial'
[2016.04.20-09.12.51:760][735]LogCharacterMovement: ThirdPersonCharacter_C_25 is stuck and failed to move!
[2016.04.20-09.12.56:145][841]LogCharacterMovement: ThirdPersonCharacter_C_25 is stuck and failed to move!
[2016.04.20-09.13.02:556][993]LogBlueprintUserMessages: Early EndPlayMap Detection: Level '/Game/Game/Maps/NivelTutorial.NivelTutorial:PersistentLevel' has LevelScriptBlueprint '/Game/Game/Maps/NivelTutorial.NivelTutorial:PersistentLevel.NivelTutorial' with GeneratedClass '/Game/Game/Maps/NivelTutorial.NivelTutorial_C' with ClassGeneratedBy '/Game/Game/Maps/NivelTutorial.NivelTutorial:PersistentLevel.NivelTutorial'
[2016.04.20-09.13.02:645][993]LogBlueprintUserMessages: Late EndPlayMap Detection: Level '/Game/Game/Maps/NivelTutorial.NivelTutorial:PersistentLevel' has LevelScriptBlueprint '/Game/Game/Maps/NivelTutorial.NivelTutorial:PersistentLevel.NivelTutorial' with GeneratedClass '/Game/Game/Maps/NivelTutorial.NivelTutorial_C' with ClassGeneratedBy '/Game/Game/Maps/NivelTutorial.NivelTutorial:PersistentLevel.NivelTutorial'
[2016.04.20-09.13.02:734][993]LogParticles: Destroying 0 GPU particle simulations for FXSystem 0x00000174549458A0
[2016.04.20-09.13.03:910][ 68]LogBlueprintUserMessages: Early PlayInEditor Detection: Level '/Game/Game/Maps/NivelTutorial.NivelTutorial:PersistentLevel' has LevelScriptBlueprint '/Game/Game/Maps/NivelTutorial.NivelTutorial:PersistentLevel.NivelTutorial' with GeneratedClass '/Game/Game/Maps/NivelTutorial.NivelTutorial_C' with ClassGeneratedBy '/Game/Game/Maps/NivelTutorial.NivelTutorial:PersistentLevel.NivelTutorial'
[2016.04.20-09.13.03:910][ 68]LogPlayLevel: PlayLevel: No blueprints needed recompiling
[2016.04.20-09.13.03:911][ 68]PIE: New page: PIE session: NivelTutorial (19 Apr 2016 23:13:03)
[2016.04.20-09.13.03:911][ 68]LogPlayLevel: Creating play world package: /Game/Game/Maps/UEDPIE_0_NivelTutorial
[2016.04.20-09.13.03:925][ 68]LogPlayLevel: PIE: StaticDuplicateObject took: (0.014653s)
[2016.04.20-09.13.03:926][ 68]LogAIModule: Creating AISystem for world NivelTutorial
[2016.04.20-09.13.03:926][ 68]LogPlayLevel: PIE: World Init took: (0.000665s)
[2016.04.20-09.13.03:926][ 68]LogPlayLevel: PIE: Created PIE world by copying editor world from /Game/Game/Maps/NivelTutorial.NivelTutorial to /Game/Game/Maps/UEDPIE_0_NivelTutorial.NivelTutorial (0.015558s)
[2016.04.20-09.13.03:955][ 68]LogInit: XAudio2 using 'Speakers (Realtek High Definition Audio)' : 2 channels at 48 kHz using 32 bits per sample (channel mask 0x3)
[2016.04.20-09.13.03:972][ 68]LogInit: FAudioDevice initialized.
[2016.04.20-09.13.04:063][ 68]LogWorld: Game class is 'ThirdPersonGameMode_C'
[2016.04.20-09.13.04:106][ 68]LogWorld: Bringing World /Game/Game/Maps/UEDPIE_0_NivelTutorial.NivelTutorial up for play (max tick rate 0) at 2016.04.20-04.13.04
[2016.04.20-09.13.04:106][ 68]LogActor:Warning: GameSession /Game/Game/Maps/UEDPIE_0_NivelTutorial.NivelTutorial:PersistentLevel.GameSession_11 has natively added scene component(s), but none of them were set as the actor's RootComponent - picking one arbitrarily
[2016.04.20-09.13.04:106][ 68]LogActor:Warning: GameNetworkManager /Game/Game/Maps/UEDPIE_0_NivelTutorial.NivelTutorial:PersistentLevel.GameNetworkManager_11 has natively added scene component(s), but none of them were set as the actor's RootComponent - picking one arbitrarily
[2016.04.20-09.13.04:111][ 68]LogWorld: Bringing up level for play took: 0.046815
[2016.04.20-09.13.04:153][ 68]PIE: Info Play in editor start time for /Game/Game/Maps/UEDPIE_0_NivelTutorial 1.058
[2016.04.20-09.13.04:153][ 68]LogBlueprintUserMessages: Late PlayInEditor Detection: Level '/Game/Game/Maps/NivelTutorial.NivelTutorial:PersistentLevel' has LevelScriptBlueprint '/Game/Game/Maps/NivelTutorial.NivelTutorial:PersistentLevel.NivelTutorial' with GeneratedClass '/Game/Game/Maps/NivelTutorial.NivelTutorial_C' with ClassGeneratedBy '/Game/Game/Maps/NivelTutorial.NivelTutorial:PersistentLevel.NivelTutorial'
[2016.04.20-09.13.10:076][211]LogBlueprintUserMessages: Early EndPlayMap Detection: Level '/Game/Game/Maps/NivelTutorial.NivelTutorial:PersistentLevel' has LevelScriptBlueprint '/Game/Game/Maps/NivelTutorial.NivelTutorial:PersistentLevel.NivelTutorial' with GeneratedClass '/Game/Game/Maps/NivelTutorial.NivelTutorial_C' with ClassGeneratedBy '/Game/Game/Maps/NivelTutorial.NivelTutorial:PersistentLevel.NivelTutorial'
[2016.04.20-09.13.10:154][211]LogBlueprintUserMessages: Late EndPlayMap Detection: Level '/Game/Game/Maps/NivelTutorial.NivelTutorial:PersistentLevel' has LevelScriptBlueprint '/Game/Game/Maps/NivelTutorial.NivelTutorial:PersistentLevel.NivelTutorial' with GeneratedClass '/Game/Game/Maps/NivelTutorial.NivelTutorial_C' with ClassGeneratedBy '/Game/Game/Maps/NivelTutorial.NivelTutorial:PersistentLevel.NivelTutorial'
[2016.04.20-09.13.10:240][211]LogParticles: Destroying 0 GPU particle simulations for FXSystem 0x000001746CB21800
[2016.04.20-09.19.05:790][543]Cmd: QUIT_EDITOR
[2016.04.20-09.19.06:831][543]LogWindowsTextInputMethodSystem:Display: IME system now deactivated.
[2016.04.20-09.19.06:893][543]LogExit: Preparing to exit.
[2016.04.20-09.19.07:814][543]LogExit: Editor shut down
[2016.04.20-09.19.07:815][543]LogExit: Transaction tracking system shut down
[2016.04.20-09.19.07:819][543]LogParticles: Destroying 0 GPU particle simulations for FXSystem 0x000001743F15F880
[2016.04.20-09.19.07:819][543]LogParticles: Destroying 0 GPU particle simulations for FXSystem 0x000001743F667600
[2016.04.20-09.19.07:819][543]LogParticles: Destroying 0 GPU particle simulations for FXSystem 0x000001743ED0AAC0
[2016.04.20-09.19.07:823][543]LogParticles: Destroying 0 GPU particle simulations for FXSystem 0x000001744FB7B6A0
[2016.04.20-09.19.07:827][543]LogParticles: Destroying 0 GPU particle simulations for FXSystem 0x000001746BAFACA0
[2016.04.20-09.19.07:827][543]LogParticles: Destroying 0 GPU particle simulations for FXSystem 0x000001744FF27EC0
[2016.04.20-09.19.08:047][543]LogExit: Object subsystem successfully closed.
[2016.04.20-09.19.08:068][543]LogD3D11RHI: Shutdown
[2016.04.20-09.19.08:068][543]LogD3D11RHI: CleanupD3DDevice
[2016.04.20-09.19.08:162][543]LogD3D11RHI: ~FD3D11DynamicRHI
[2016.04.20-09.19.08:187][543]LogModuleManager: Shutting down and abandoning module CookingStats (200)
[2016.04.20-09.19.08:187][543]LogModuleManager: Shutting down and abandoning module BlueprintGraph (199)
[2016.04.20-09.19.08:187][543]LogModuleManager: Shutting down and abandoning module CrashTracker (198)
[2016.04.20-09.19.08:187][543]LogModuleManager: Shutting down and abandoning module SceneOutliner (197)
[2016.04.20-09.19.08:187][543]LogModuleManager: Shutting down and abandoning module SuperSearch (196)
[2016.04.20-09.19.08:187][543]LogModuleManager: Shutting down and abandoning module WidgetCarousel (195)
[2016.04.20-09.19.08:187][543]LogModuleManager: Shutting down and abandoning module AddContentDialog (194)
[2016.04.20-09.19.08:192][543]LogModuleManager: Shutting down and abandoning module EditorWidgets (193)
[2016.04.20-09.19.08:192][543]LogModuleManager: Shutting down and abandoning module CollectionManager (192)
[2016.04.20-09.19.08:192][543]LogModuleManager: Shutting down and abandoning module StatsViewer (191)
[2016.04.20-09.19.08:192][543]LogModuleManager: Shutting down and abandoning module FoliageEdit (190)
[2016.04.20-09.19.08:192][543]LogModuleManager: Shutting down and abandoning module LandscapeEditor (189)
[2016.04.20-09.19.08:192][543]LogModuleManager: Shutting down and abandoning module ActorPickerMode (188)
[2016.04.20-09.19.08:192][543]LogModuleManager: Shutting down and abandoning module GeometryMode (187)
[2016.04.20-09.19.08:192][543]LogModuleManager: Shutting down and abandoning module TextureAlignMode (186)
[2016.04.20-09.19.08:192][543]LogModuleManager: Shutting down and abandoning module BspMode (185)
[2016.04.20-09.19.08:192][543]LogModuleManager: Shutting down and abandoning module PlacementMode (184)
[2016.04.20-09.19.08:192][543]LogModuleManager: Shutting down and abandoning module AutomationWorker (183)
[2016.04.20-09.19.08:192][543]LogModuleManager: Shutting down and abandoning module CharacterAI (182)
[2016.04.20-09.19.08:192][543]LogModuleManager: Shutting down and abandoning module SmartSnapping (181)
[2016.04.20-09.19.08:192][543]LogModuleManager: Shutting down and abandoning module ViewportSnapping (180)
[2016.04.20-09.19.08:193][543]LogModuleManager: Shutting down and abandoning module LogVisualizer (179)
[2016.04.20-09.19.08:193][543]LogModuleManager: Shutting down and abandoning module GameProjectGeneration (178)
[2016.04.20-09.19.08:193][543]LogModuleManager: Shutting down and abandoning module IntroTutorials (177)
[2016.04.20-09.19.08:193][543]LogModuleManager: Shutting down and abandoning module EditorLiveStreaming (176)
[2016.04.20-09.19.08:193][543]LogModuleManager: Shutting down and abandoning module IOSPlatformEditor (175)
[2016.04.20-09.19.08:193][543]LogModuleManager: Shutting down and abandoning module HTML5PlatformEditor (174)
[2016.04.20-09.19.08:193][543]LogModuleManager: Shutting down and abandoning module AndroidDeviceDetection (173)
[2016.04.20-09.19.08:630][543]LogModuleManager: Shutting down and abandoning module AndroidPlatformEditor (172)
[2016.04.20-09.19.08:630][543]LogModuleManager: Shutting down and abandoning module IOSRuntimeSettings (171)
[2016.04.20-09.19.08:630][543]LogModuleManager: Shutting down and abandoning module AndroidRuntimeSettings (170)
[2016.04.20-09.19.08:630][543]LogModuleManager: Shutting down and abandoning module MergeActors (169)
[2016.04.20-09.19.08:630][543]LogModuleManager: Shutting down and abandoning module SizeMap (168)
[2016.04.20-09.19.08:630][543]LogModuleManager: Shutting down and abandoning module TreeMap (167)
[2016.04.20-09.19.08:630][543]LogModuleManager: Shutting down and abandoning module ReferenceViewer (166)
[2016.04.20-09.19.08:630][543]LogModuleManager: Shutting down and abandoning module LocalizationService (165)
[2016.04.20-09.19.08:630][543]LogModuleManager: Shutting down and abandoning module LocalizationDashboard (164)
[2016.04.20-09.19.08:630][543]LogModuleManager: Shutting down and abandoning module HardwareTargeting (163)
[2016.04.20-09.19.08:630][543]LogModuleManager: Shutting down and abandoning module DeviceProfileEditor (162)
[2016.04.20-09.19.08:630][543]LogModuleManager: Shutting down and abandoning module UndoHistory (161)
[2016.04.20-09.19.08:630][543]LogModuleManager: Shutting down and abandoning module GameplayTagsEditor (160)
[2016.04.20-09.19.08:630][543]LogModuleManager: Shutting down and abandoning module UserFeedback (159)
[2016.04.20-09.19.08:630][543]LogModuleManager: Shutting down and abandoning module XmlParser (158)
[2016.04.20-09.19.08:630][543]LogModuleManager: Shutting down and abandoning module Blutility (157)
[2016.04.20-09.19.08:630][543]LogModuleManager: Shutting down and abandoning module ProjectTargetPlatformEditor (156)
[2016.04.20-09.19.08:631][543]LogModuleManager: Shutting down and abandoning module ProjectSettingsViewer (155)
[2016.04.20-09.19.08:631][543]LogModuleManager: Shutting down and abandoning module InputBindingEditor (154)
[2016.04.20-09.19.08:631][543]LogModuleManager: Shutting down and abandoning module EditorSettingsViewer (153)
[2016.04.20-09.19.08:631][543]LogModuleManager: Shutting down and abandoning module SettingsEditor (152)
[2016.04.20-09.19.08:631][543]LogModuleManager: Shutting down and abandoning module ProjectLauncher (151)
[2016.04.20-09.19.08:631][543]LogModuleManager: Shutting down and abandoning module SessionFrontend (150)
[2016.04.20-09.19.08:631][543]LogModuleManager: Shutting down and abandoning module ProfilerClient (149)
[2016.04.20-09.19.08:631][543]LogModuleManager: Shutting down and abandoning module TargetDeviceServices (148)
[2016.04.20-09.19.08:631][543]LogModuleManager: Shutting down and abandoning module DeviceManager (147)
[2016.04.20-09.19.08:631][543]LogModuleManager: Shutting down and abandoning module AutomationController (146)
[2016.04.20-09.19.08:631][543]LogModuleManager: Shutting down and abandoning module AutomationWindow (145)
[2016.04.20-09.19.08:631][543]LogModuleManager: Shutting down and abandoning module Layers (144)
[2016.04.20-09.19.08:631][543]LogModuleManager: Shutting down and abandoning module ComponentVisualizers (143)
[2016.04.20-09.19.08:631][543]LogModuleManager: Shutting down and abandoning module DetailCustomizations (142)
[2016.04.20-09.19.08:631][543]LogModuleManager: Shutting down and abandoning module PackagesDialog (141)
[2016.04.20-09.19.08:631][543]LogModuleManager: Shutting down and abandoning module Persona (140)
[2016.04.20-09.19.08:631][543]LogModuleManager: Shutting down and abandoning module Kismet (139)
[2016.04.20-09.19.08:631][543]LogModuleManager: Shutting down and abandoning module GraphEditor (138)
[2016.04.20-09.19.08:631][543]LogModuleManager: Shutting down and abandoning module ClassViewer (137)
[2016.04.20-09.19.08:632][543]LogModuleManager: Shutting down and abandoning module Toolbox (136)
[2016.04.20-09.19.08:632][543]LogModuleManager: Shutting down and abandoning module ModuleUI (135)
[2016.04.20-09.19.08:632][543]LogModuleManager: Shutting down and abandoning module MovieSceneTools (134)
[2016.04.20-09.19.08:726][543]LogModuleManager: Shutting down and abandoning module OutputLog (133)
[2016.04.20-09.19.08:726][543]LogModuleManager: Shutting down and abandoning module GammaUI (132)
[2016.04.20-09.19.08:726][543]LogModuleManager: Shutting down and abandoning module Documentation (131)
[2016.04.20-09.19.08:726][543]LogModuleManager: Shutting down and abandoning module GameLiveStreaming (130)
[2016.04.20-09.19.08:726][543]LogModuleManager: Shutting down and abandoning module StreamingPauseRendering (129)
[2016.04.20-09.19.08:726][543]LogModuleManager: Shutting down and abandoning module AnalyticsET (128)
[2016.04.20-09.19.08:726][543]LogModuleManager: Shutting down and abandoning module Analytics (127)
[2016.04.20-09.19.08:726][543]LogModuleManager: Shutting down and abandoning module AITestSuite (126)
[2016.04.20-09.19.08:726][543]LogModuleManager: Shutting down and abandoning module GameplayDebugger (125)
[2016.04.20-09.19.08:726][543]LogModuleManager: Shutting down and abandoning module AIModule (124)
[2016.04.20-09.19.08:726][543]LogModuleManager: Shutting down and abandoning module ProfilerService (123)
[2016.04.20-09.19.08:750][543]LogModuleManager: Shutting down and abandoning module TaskGraph (122)
[2016.04.20-09.19.08:750][543]LogModuleManager: Shutting down and abandoning module SlateRemote (121)
[2016.04.20-09.19.08:750][543]LogModuleManager: Shutting down and abandoning module SteamVRController (120)
[2016.04.20-09.19.08:750][543]LogModuleManager: Shutting down and abandoning module SteamVR (119)
[2016.04.20-09.19.08:750][543]LogModuleManager: Shutting down and abandoning module ProceduralMeshComponent (118)
[2016.04.20-09.19.08:750][543]LogModuleManager: Shutting down and abandoning module OculusLibrary (117)
[2016.04.20-09.19.08:750][543]LogModuleManager: Shutting down and abandoning module OculusInput (116)
[2016.04.20-09.19.08:750][543]LogModuleManager: Shutting down and abandoning module LeapMotionController (115)
[2016.04.20-09.19.08:765][543]LogModuleManager: Shutting down and abandoning module CustomMeshComponent (114)
[2016.04.20-09.19.08:765][543]LogModuleManager: Shutting down and abandoning module CableComponent (113)
[2016.04.20-09.19.08:765][543]LogModuleManager: Shutting down and abandoning module ArchVisCharacter (112)
[2016.04.20-09.19.08:765][543]LogModuleManager: Shutting down and abandoning module MessagingDebugger (111)
[2016.04.20-09.19.08:766][543]LogModuleManager: Shutting down and abandoning module MediaPlayerEditor (110)
[2016.04.20-09.19.08:766][543]LogModuleManager: Shutting down and abandoning module HTML5Networking (109)
[2016.04.20-09.19.08:766][543]LogModuleManager: Shutting down and abandoning module SpeedTreeImporter (108)
[2016.04.20-09.19.08:766][543]LogModuleManager: Shutting down and abandoning module PluginBrowser (107)
[2016.04.20-09.19.08:766][543]LogModuleManager: Shutting down and abandoning module EpicSurvey (106)
[2016.04.20-09.19.08:766][543]LogModuleManager: Shutting down and abandoning module DesktopPlatform (105)
[2016.04.20-09.19.08:766][543]LogModuleManager: Shutting down and abandoning module VisualStudioSourceCodeAccess (104)
[2016.04.20-09.19.08:766][543]LogModuleManager: Shutting down and abandoning module UObjectPlugin (103)
[2016.04.20-09.19.08:766][543]LogModuleManager: Shutting down and abandoning module SubversionSourceControl (102)
[2016.04.20-09.19.08:766][543]LogModuleManager: Shutting down and abandoning module PerforceSourceControl (101)
[2016.04.20-09.19.08:766][543]LogModuleManager: Shutting down and abandoning module SourceControl (100)
[2016.04.20-09.19.08:766][543]LogModuleManager: Shutting down and abandoning module GitSourceControl (99)
[2016.04.20-09.19.08:766][543]LogModuleManager: Shutting down and abandoning module LightPropagationVolumeEditor (98)
[2016.04.20-09.19.08:766][543]LogModuleManager: Shutting down and abandoning module PaperTiledImporter (97)
[2016.04.20-09.19.08:766][543]LogModuleManager: Shutting down and abandoning module PaperSpriteSheetImporter (96)
[2016.04.20-09.19.08:766][543]LogModuleManager: Shutting down and abandoning module MeshPaint (95)
[2016.04.20-09.19.08:766][543]LogModuleManager: Shutting down and abandoning module SlateReflector (94)
[2016.04.20-09.19.08:766][543]LogModuleManager: Shutting down and abandoning module HotReload (93)
[2016.04.20-09.19.08:766][543]LogModuleManager: Shutting down and abandoning module MainFrame (92)
[2016.04.20-09.19.08:766][543]LogModuleManager: Shutting down and abandoning module LevelEditor (91)
[2016.04.20-09.19.08:767][543]LogModuleManager: Shutting down and abandoning module DirectoryWatcher (90)
[2016.04.20-09.19.08:770][543]LogModuleManager: Shutting down and abandoning module AssetRegistry (89)
[2016.04.20-09.19.08:855][543]LogModuleManager: Shutting down and abandoning module ContentBrowser (88)
[2016.04.20-09.19.08:856][543]LogModuleManager: Shutting down and abandoning module Paper2DEditor (87)
[2016.04.20-09.19.08:856][543]LogModuleManager: Shutting down and abandoning module UdpMessaging (86)
[2016.04.20-09.19.08:957][543]LogModuleManager: Shutting down and abandoning module LightPropagationVolumeRuntime (85)
[2016.04.20-09.19.08:957][543]LogModuleManager: Shutting down and abandoning module Paper2D (84)
[2016.04.20-09.19.08:957][543]LogModuleManager: Shutting down and abandoning module WindowsMoviePlayer (83)
[2016.04.20-09.19.08:961][543]LogModuleManager: Shutting down and abandoning module Media (82)
[2016.04.20-09.19.08:962][543]LogModuleManager: Shutting down and abandoning module WmfMedia (81)
[2016.04.20-09.19.08:962][543]LogModuleManager: Shutting down and abandoning module OnlineBlueprintSupport (80)
[2016.04.20-09.19.08:962][543]LogModuleManager: Shutting down and abandoning module GameplayTasksEditor (79)
[2016.04.20-09.19.08:962][543]LogModuleManager: Shutting down and abandoning module PropertyEditor (78)
[2016.04.20-09.19.08:962][543]LogModuleManager: Shutting down and abandoning module BehaviorTreeEditor (77)
[2016.04.20-09.19.08:962][543]LogModuleManager: Shutting down and abandoning module FunctionalTesting (76)
[2016.04.20-09.19.08:962][543]LogModuleManager: Shutting down and abandoning module CollisionAnalyzer (75)
[2016.04.20-09.19.08:962][543]LogModuleManager: Shutting down and abandoning module WorkspaceMenuStructure (74)
[2016.04.20-09.19.08:962][543]LogModuleManager: Shutting down and abandoning module MessageLog (73)
[2016.04.20-09.19.08:962][543]LogModuleManager: Shutting down and abandoning module Sequencer (72)
[2016.04.20-09.19.08:962][543]LogModuleManager: Shutting down and abandoning module AssetTools (71)
[2016.04.20-09.19.08:962][543]LogModuleManager: Shutting down and abandoning module UMGEditor (70)
[2016.04.20-09.19.08:962][543]LogModuleManager: Shutting down and abandoning module UMG (69)
[2016.04.20-09.19.08:962][543]LogModuleManager: Shutting down and abandoning module Slate (68)
[2016.04.20-09.19.08:962][543]LogModuleManager: Shutting down and abandoning module EditorStyle (67)
[2016.04.20-09.19.08:965][543]LogModuleManager: Shutting down and abandoning module SessionServices (66)
[2016.04.20-09.19.08:965][543]LogModuleManager: Shutting down and abandoning module SourceCodeAccess (65)
[2016.04.20-09.19.08:965][543]LogModuleManager: Shutting down and abandoning module HeadMountedDisplay (64)
[2016.04.20-09.19.08:965][543]LogModuleManager: Shutting down and abandoning module XAudio2 (63)
[2016.04.20-09.19.08:965][543]LogModuleManager: Shutting down and abandoning module Networking (61)
[2016.04.20-09.19.08:965][543]LogModuleManager: Shutting down and abandoning module Core (60)
[2016.04.20-09.19.08:965][543]LogModuleManager: Shutting down and abandoning module KismetCompiler (59)
[2016.04.20-09.19.08:965][543]LogModuleManager: Shutting down and abandoning module PhysXFormats (58)
[2016.04.20-09.19.08:965][543]LogModuleManager: Shutting down and abandoning module MeshUtilities (57)
[2016.04.20-09.19.08:965][543]LogModuleManager: Shutting down and abandoning module DerivedDataCache (56)
[2016.04.20-09.19.09:041][543]LogDerivedDataCache: Shutdown
[2016.04.20-09.19.09:041][543]LogModuleManager: Shutting down and abandoning module ShaderFormatOpenGL (55)
[2016.04.20-09.19.09:041][543]LogModuleManager: Shutting down and abandoning module ShaderFormatD3D (54)
[2016.04.20-09.19.09:041][543]LogModuleManager: Shutting down and abandoning module MetalShaderFormat (53)
[2016.04.20-09.19.09:041][543]LogModuleManager: Shutting down and abandoning module TextureFormatUncompressed (52)
[2016.04.20-09.19.09:041][543]LogModuleManager: Shutting down and abandoning module TextureFormatPVR (51)
[2016.04.20-09.19.09:041][543]LogModuleManager: Shutting down and abandoning module TextureFormatIntelISPCTexComp (50)
[2016.04.20-09.19.09:041][543]LogModuleManager: Shutting down and abandoning module TextureFormatDXT (49)
[2016.04.20-09.19.09:041][543]LogModuleManager: Shutting down and abandoning module ImageWrapper (48)
[2016.04.20-09.19.09:041][543]LogModuleManager: Shutting down and abandoning module TextureFormatASTC (47)
[2016.04.20-09.19.09:041][543]LogModuleManager: Shutting down and abandoning module TextureFormatAndroid (46)
[2016.04.20-09.19.09:041][543]LogModuleManager: Shutting down and abandoning module AudioFormatOpus (45)
[2016.04.20-09.19.09:041][543]LogModuleManager: Shutting down and abandoning module AudioFormatOgg (44)
[2016.04.20-09.19.09:041][543]LogModuleManager: Shutting down and abandoning module AudioFormatADPCM (43)
[2016.04.20-09.19.09:041][543]LogModuleManager: Shutting down and abandoning module LinuxTargetPlatform (42)
[2016.04.20-09.19.09:041][543]LogModuleManager: Shutting down and abandoning module LinuxServerTargetPlatform (41)
[2016.04.20-09.19.09:041][543]LogModuleManager: Shutting down and abandoning module LinuxNoEditorTargetPlatform (40)
[2016.04.20-09.19.09:041][543]LogModuleManager: Shutting down and abandoning module Messaging (39)
[2016.04.20-09.19.09:042][543]LogModuleManager: Shutting down and abandoning module IOSTargetPlatform (38)
[2016.04.20-09.19.09:042][543]LogModuleManager: Shutting down and abandoning module HTML5TargetPlatform (37)
[2016.04.20-09.19.09:042][543]LogModuleManager: Shutting down and abandoning module Android_PVRTCTargetPlatform (36)
[2016.04.20-09.19.09:042][543]LogModuleManager: Shutting down and abandoning module Android_MultiTargetPlatform (35)
[2016.04.20-09.19.09:042][543]LogModuleManager: Shutting down and abandoning module Android_ETC2TargetPlatform (34)
[2016.04.20-09.19.09:042][543]LogModuleManager: Shutting down and abandoning module Android_ETC1TargetPlatform (33)
[2016.04.20-09.19.09:042][543]LogModuleManager: Shutting down and abandoning module Android_DXTTargetPlatform (32)
[2016.04.20-09.19.09:042][543]LogModuleManager: Shutting down and abandoning module Android_ATCTargetPlatform (31)
[2016.04.20-09.19.09:042][543]LogModuleManager: Shutting down and abandoning module Android_ASTCTargetPlatform (30)
[2016.04.20-09.19.09:042][543]LogModuleManager: Shutting down and abandoning module AndroidTargetPlatform (29)
[2016.04.20-09.19.09:042][543]LogModuleManager: Shutting down and abandoning module WindowsTargetPlatform (28)
[2016.04.20-09.19.09:042][543]LogModuleManager: Shutting down and abandoning module WindowsServerTargetPlatform (27)
[2016.04.20-09.19.09:042][543]LogModuleManager: Shutting down and abandoning module WindowsNoEditorTargetPlatform (26)
[2016.04.20-09.19.09:042][543]LogModuleManager: Shutting down and abandoning module WindowsClientTargetPlatform (25)
[2016.04.20-09.19.09:042][543]LogModuleManager: Shutting down and abandoning module AllDesktopTargetPlatform (24)
[2016.04.20-09.19.09:042][543]LogModuleManager: Shutting down and abandoning module TargetPlatform (23)
[2016.04.20-09.19.09:042][543]LogModuleManager: Shutting down and abandoning module InputCore (22)
[2016.04.20-09.19.09:042][543]LogModuleManager: Shutting down and abandoning module Settings (21)
[2016.04.20-09.19.09:042][543]LogModuleManager: Shutting down and abandoning module OnlineSubsystem (19)
[2016.04.20-09.19.09:042][543]LogModuleManager: Shutting down and abandoning module HTTP (18)
[2016.04.20-09.19.11:044][543]LogModuleManager: Shutting down and abandoning module XMPP (17)
[2016.04.20-09.19.11:044][543]LogModuleManager: Shutting down and abandoning module OculusRift (16)
[2016.04.20-09.19.11:044][543]LogModuleManager: Shutting down and abandoning module ExampleDeviceProfileSelector (15)
[2016.04.20-09.19.11:044][543]LogModuleManager: Shutting down and abandoning module TextureCompressor (14)
[2016.04.20-09.19.11:044][543]LogModuleManager: Shutting down and abandoning module ShaderCore (13)
[2016.04.20-09.19.11:044][543]LogModuleManager: Shutting down and abandoning module Landscape (12)
[2016.04.20-09.19.11:044][543]LogModuleManager: Shutting down and abandoning module SlateRHIRenderer (11)
[2016.04.20-09.19.11:049][543]LogModuleManager: Shutting down and abandoning module OpenGLDrv (10)
[2016.04.20-09.19.11:049][543]LogModuleManager: Shutting down and abandoning module D3D11RHI (9)
[2016.04.20-09.19.11:049][543]LogModuleManager: Shutting down and abandoning module AnimGraphRuntime (8)
[2016.04.20-09.19.11:049][543]LogModuleManager: Shutting down and abandoning module Renderer (7)
[2016.04.20-09.19.11:049][543]LogModuleManager: Shutting down and abandoning module Engine (6)
[2016.04.20-09.19.11:049][543]LogModuleManager: Shutting down and abandoning module CoreUObject (5)
[2016.04.20-09.19.11:049][543]LogModuleManager: Shutting down and abandoning module NetworkFile (4)
[2016.04.20-09.19.11:049][543]LogModuleManager: Shutting down and abandoning module StreamingFile (3)
[2016.04.20-09.19.11:049][543]LogModuleManager: Shutting down and abandoning module SandboxFile (2)
[2016.04.20-09.19.11:049][543]LogModuleManager: Shutting down and abandoning module PakFile (1)
[2016.04.20-09.19.11:051][543]LogExit: Exiting.
[2016.04.20-09.19.11:071][543]Log file closed, 04/20/16 04:19:11
