Log file open, 04/03/16 14:24:01
LogInit:Display: Running engine for game: ProyectoUE2
LogPlatformFile: Not using cached read wrapper
LogInit:Display: RandInit(-1487441029) SRandInit(-1487441026).
LogTaskGraph: Started task graph with 4 named threads and 5 total threads.
LogStats: Stats thread started at 0.257867
LogConfig:Warning: Failed to saved backup for config[EditorPerProjectUserSettings]
LogConfig:Warning: Failed to saved backup for config[Compat]
LogConfig:Warning: Failed to saved backup for config[Lightmass]
[2016.04.03-19.24.02:155][  0]LogInit: Version: 4.10.4-2872498+++depot+UE4-Releases+4.10
[2016.04.03-19.24.02:155][  0]LogInit: API Version: 2758231
[2016.04.03-19.24.02:155][  0]LogInit: Compiled (64-bit): Feb 18 2016 15:47:04
[2016.04.03-19.24.02:155][  0]LogInit: Compiled with Visual C++: 19.00.23026.00
[2016.04.03-19.24.02:155][  0]LogInit: Build Configuration: Development
[2016.04.03-19.24.02:155][  0]LogInit: Branch Name: ++depot+UE4-Releases+4.10
[2016.04.03-19.24.02:155][  0]LogInit: Command line:  
[2016.04.03-19.24.02:155][  0]LogInit: Base directory: C:/Program Files (x86)/Epic Games/4.10/Engine/Binaries/Win64/
[2016.04.03-19.24.02:155][  0]LogInit: Rocket: 1
[2016.04.03-19.24.02:329][  0]LogInit: Using libcurl 7.41.0
[2016.04.03-19.24.02:329][  0]LogInit:  - built for x86_64-pc-win32
[2016.04.03-19.24.02:329][  0]LogInit:  - supports SSL with WinSSL
[2016.04.03-19.24.02:329][  0]LogInit:  - other features:
[2016.04.03-19.24.02:329][  0]LogInit:      CURL_VERSION_SSL
[2016.04.03-19.24.02:329][  0]LogInit:      CURL_VERSION_IPV6
[2016.04.03-19.24.02:329][  0]LogInit:      CURL_VERSION_ASYNCHDNS
[2016.04.03-19.24.02:329][  0]LogInit:      CURL_VERSION_LARGEFILE
[2016.04.03-19.24.02:329][  0]LogInit:      CURL_VERSION_IDN
[2016.04.03-19.24.02:330][  0]LogInit:  CurlRequestOptions (configurable via config and command line):
[2016.04.03-19.24.02:330][  0]LogInit:  - bVerifyPeer = true  - Libcurl will verify peer certificate
[2016.04.03-19.24.02:330][  0]LogInit:  - bUseHttpProxy = false  - Libcurl will NOT use HTTP proxy
[2016.04.03-19.24.02:330][  0]LogInit:  - bDontReuseConnections = false  - Libcurl will reuse connections
[2016.04.03-19.24.02:330][  0]LogInit:  - CertBundlePath = nullptr  - Libcurl will use whatever was configured at build time.
[2016.04.03-19.24.02:388][  0]LogInit: Presizing for 0 objects not considered by GC, pre-allocating 0 bytes.
[2016.04.03-19.24.02:428][  0]LogInit: Object subsystem initialized
[2016.04.03-19.24.02:433][  0]LogInit: Selected Device Profile: [Windows]
[2016.04.03-19.24.02:433][  0]LogInit: Applying CVar settings loaded from the selected device profile: [Windows]
[2016.04.03-19.24.02:651][  0]LogInit: Computer: ACER
[2016.04.03-19.24.02:651][  0]LogInit: User: MieL
[2016.04.03-19.24.02:651][  0]LogInit: CPU Page size=4096, Cores=2
[2016.04.03-19.24.02:651][  0]LogInit: High frequency timer resolution =1.656325 MHz
[2016.04.03-19.24.02:652][  0]LogMemory: Memory total: Physical=5.9GB (6GB approx)
[2016.04.03-19.24.02:652][  0]LogMemory: Platform Memory Stats for Windows
[2016.04.03-19.24.02:652][  0]LogMemory: Process Physical Memory: 54.82 MB used, 54.82 MB peak
[2016.04.03-19.24.02:652][  0]LogMemory: Process Virtual Memory: 55.38 MB used, 55.38 MB peak
[2016.04.03-19.24.02:652][  0]LogMemory: Physical Memory: 5065.75 MB used, 6024.27 MB total
[2016.04.03-19.24.02:652][  0]LogMemory: Virtual Memory: 358.65 MB used, 134217728.00 MB total
[2016.04.03-19.24.03:115][  0]LogTextLocalizationManager: No specific translations for ('es-MX') exist, so ('es') translations will be used.
[2016.04.03-19.24.05:421][  0]LogD3D11RHI: Found D3D11 adapter 0: Intel(R) HD Graphics Family (Feature Level 11_0)
[2016.04.03-19.24.05:421][  0]LogD3D11RHI: Adapter has 32MB of dedicated video memory, 0MB of dedicated system memory, and 1760MB of shared system memory, 1 output[s]
[2016.04.03-19.24.05:426][  0]LogD3D11RHI: Found D3D11 adapter 1: Microsoft Basic Render Driver (Feature Level 11_0)
[2016.04.03-19.24.05:426][  0]LogD3D11RHI: Adapter has 0MB of dedicated video memory, 0MB of dedicated system memory, and 256MB of shared system memory, 0 output[s]
[2016.04.03-19.24.05:427][  0]LogD3D11RHI: Chosen D3D11 Adapter Id = 0
[2016.04.03-19.24.05:442][  0]LogD3D11RHI: !Direct3DDevice
[2016.04.03-19.24.05:442][  0]LogRHI: Texture pool is 638 MB (70% of 912 MB)
[2016.04.03-19.24.05:461][  0]LogD3D11RHI: Async texture creation enabled
[2016.04.03-19.24.05:918][  0]LogShaderCompilers: Guid format shader working directory is -22 characters bigger than the processId version (../../../../../../Users/User/Documents/Unreal Projects/ProyectoUE2/Intermediate/Shaders/WorkingDirectory/15196/).
[2016.04.03-19.24.05:918][  0]LogShaderCompilers: Cleaned the shader compiler working directory 'C:/Users/User/AppData/Local/Temp/UnrealShaderWorkingDir/9F77EC2945BB181B5867A28A92F3BEA9/'.
[2016.04.03-19.24.05:919][  0]LogShaderCompilers:Display: Using Local Shader Compiler.
[2016.04.03-19.24.45:184][  0]LogTemp:Display: Loaded TP AllDesktopTargetPlatform
[2016.04.03-19.24.45:215][  0]LogTemp:Display: Loaded TP WindowsClientTargetPlatform
[2016.04.03-19.24.45:241][  0]LogTemp:Display: Loaded TP WindowsNoEditorTargetPlatform
[2016.04.03-19.24.45:267][  0]LogTemp:Display: Loaded TP WindowsServerTargetPlatform
[2016.04.03-19.24.45:288][  0]LogTemp:Display: Loaded TP WindowsTargetPlatform
[2016.04.03-19.24.45:316][  0]LogTemp:Display: Loaded TP AndroidTargetPlatform
[2016.04.03-19.24.45:363][  0]LogTemp:Display: Loaded TP Android_ASTCTargetPlatform
[2016.04.03-19.24.45:404][  0]LogTemp:Display: Loaded TP Android_ATCTargetPlatform
[2016.04.03-19.24.45:537][  0]LogTemp:Display: Loaded TP Android_DXTTargetPlatform
[2016.04.03-19.24.45:652][  0]LogTemp:Display: Loaded TP Android_ETC1TargetPlatform
[2016.04.03-19.24.45:850][  0]LogTemp:Display: Loaded TP Android_ETC2TargetPlatform
[2016.04.03-19.24.45:949][  0]LogTemp:Display: Loaded TP Android_MultiTargetPlatform
[2016.04.03-19.24.45:949][  0]LogTemp:Display: Loaded TP Android_PVRTCTargetPlatform
[2016.04.03-19.24.45:956][  0]LogTemp:Display: Loaded TP HTML5TargetPlatform
[2016.04.03-19.24.46:022][  0]LogTemp:Display: Loaded TP IOSTargetPlatform
[2016.04.03-19.24.46:044][  0]LogTemp:Display: Loaded TP LinuxNoEditorTargetPlatform
[2016.04.03-19.24.46:066][  0]LogTemp:Display: Loaded TP LinuxServerTargetPlatform
[2016.04.03-19.24.46:091][  0]LogTemp:Display: Loaded TP LinuxTargetPlatform
[2016.04.03-19.24.46:091][  0]LogTargetPlatformManager:Display: Building Assets For Windows
[2016.04.03-19.24.47:466][  0]LogDerivedDataCache:Display: Max Cache Size: 512 MB
[2016.04.03-19.25.08:488][  0]LogDerivedDataCache: Loaded boot cache 20.96s 41MB C:/Users/User/AppData/Local/UnrealEngine/4.10/DerivedDataCache/Boot.ddc.
[2016.04.03-19.25.08:489][  0]LogDerivedDataCache:Display: Loaded Boot cache: C:/Users/User/AppData/Local/UnrealEngine/4.10/DerivedDataCache/Boot.ddc
[2016.04.03-19.25.08:489][  0]LogDerivedDataCache: FDerivedDataBackendGraph:  Pak pak cache file ../../../../../../Users/User/Documents/Unreal Projects/ProyectoUE2/DerivedDataCache/DDC.ddp not found, will not use a pak cache.
[2016.04.03-19.25.08:489][  0]LogDerivedDataCache: Unable to find inner node Pak for hierarchical cache Hierarchy.
[2016.04.03-19.25.08:489][  0]LogDerivedDataCache: FDerivedDataBackendGraph:  CompressedPak pak cache file ../../../../../../Users/User/Documents/Unreal Projects/ProyectoUE2/DerivedDataCache/Compressed.ddp not found, will not use a pak cache.
[2016.04.03-19.25.08:489][  0]LogDerivedDataCache: Unable to find inner node CompressedPak for hierarchical cache Hierarchy.
[2016.04.03-19.25.11:581][  0]LogDerivedDataCache:Display: Pak cache opened for reading ../../../Engine/DerivedDataCache/Compressed.ddp.
[2016.04.03-19.25.12:023][  0]LogDerivedDataCache: Using Local data cache path C:/Users/User/AppData/Local/UnrealEngine/Common/DerivedDataCache: Writable
[2016.04.03-19.26.21:818][  0]LogInit: Selected Device Profile: [Windows]
[2016.04.03-19.26.21:940][  0]LogContentStreaming: Texture pool size is 0.000000MB
[2016.04.03-19.26.29:296][  0]LogMeshUtilities: No automatic mesh reduction module available
[2016.04.03-19.26.29:296][  0]LogMeshUtilities: No automatic mesh merging module available
[2016.04.03-19.27.11:385][  0]LogInit: WinSock: version 1.1 (2.2), MaxSocks=32767, MaxUdp=65467
[2016.04.03-19.29.13:941][  0]UdpMessaging: Initializing bridge on interface 0.0.0.0:0 to multicast group 230.0.0.1:6666.
[2016.04.03-19.29.15:632][  0]LogAssetRegistry: FAssetRegistry took 0.0133 seconds to start up
[2016.04.03-19.29.22:412][  0]LogConfig:Warning: Failed to saved backup for config[SourceControlSettings]
[2016.04.03-19.29.22:456][  0]LogConfig:Warning: Failed to saved backup for config[SourceControlSettings]
[2016.04.03-19.29.22:527][  0]SourceControl: Información El control de código fuente está desactivado
[2016.04.03-19.29.22:688][  0]SourceControl: Información El control de código fuente está desactivado
[2016.04.03-19.29.23:553][  0]SourceControl: Información El control de código fuente está desactivado
[2016.04.03-19.29.23:994][  0]SourceControl: Información El control de código fuente está desactivado
[2016.04.03-19.29.33:606][  0]LogObj: 28633 objects as part of root set at end of initial load.
[2016.04.03-19.29.33:606][  0]LogUObjectAllocator: 6099744 out of 0 bytes used by permanent object pool.
[2016.04.03-19.29.37:857][  0]LogAutomationTest:Warning: Smoke tests took > 1s to run: 2.45s
[2016.04.03-19.29.38:069][  0]LogEngine: Initializing Engine...
[2016.04.03-19.29.38:218][  0]LogHMD: Can't find Oculus library dev build: is proper Runtime installed? Version: 0.8.0.0
[2016.04.03-19.29.38:645][  0]LogHMD: SteamVR failed to initialize.  Err: 110
[2016.04.03-19.29.41:542][  0]LogAIModule: Creating AISystem for world NewWorld
[2016.04.03-19.29.41:855][  0]LogInit: XAudio2 using 'Altavoces (Realtek High Definition Audio)' : 2 channels at 48 kHz using 32 bits per sample (channel mask 0x3)
[2016.04.03-19.29.42:368][  0]LogInit: FAudioDevice initialized.
[2016.04.03-19.29.42:523][  0]LogDerivedDataCache: Saved boot cache 0.16s 41MB C:/Users/User/AppData/Local/UnrealEngine/4.10/DerivedDataCache/Boot.ddc.
[2016.04.03-19.29.42:635][  0]LogInit: Texture streaming: Enabled
[2016.04.03-19.29.42:971][  0]LogAnalytics: Creating configured Analytics provider AnalyticsET
[2016.04.03-19.29.42:971][  0]LogAnalytics: [UEEditor.Rocket.Release] APIServer = http://et2.epicgames.com/ET2/. AppVersion = 4.10.4-2872498+++depot+UE4-Releases+4.10
[2016.04.03-19.29.42:972][  0]LogAnalytics: [UEEditor.Rocket.Release] SetUserId 7d6e982040bdfa2d37207091dd9f6648|703d63ca085b4982a6f34989b8311170|423990dd-a1b8-4259-9077-6163d5ea4614
[2016.04.03-19.29.43:002][  0]LogAnalytics: [UEEditor.Rocket.Release] AnalyticsET::StartSession
[2016.04.03-19.29.43:327][  0]LogInit: Transaction tracking system initialized
[2016.04.03-19.29.44:946][  0]BlueprintLog: New page: Cargar el editor
[2016.04.03-19.29.51:296][  0]LogConfig:Warning: Failed to saved backup for config[LocalizationServiceSettings]
[2016.04.03-19.29.51:300][  0]LocalizationService: Información Localization service is disabled
[2016.04.03-19.29.58:808][  0]LogConsoleResponse:Display: 
[2016.04.03-19.30.05:085][  0]LogFileCache: Scanning file cache for directory 'C:/Users/User/Documents/Unreal Projects/ProyectoUE2/Content/' took 0.05s
[2016.04.03-19.30.05:085][  0]LogCook:Display: Done creating registry. It took  0.00s.
[2016.04.03-19.30.09:420][  0]SourceControl: Información El control de código fuente está desactivado
[2016.04.03-19.30.09:449][  0]Cmd: MAP LOAD FILE="../../../../../../Users/User/Documents/Unreal Projects/ProyectoUE2/Content/Menu.umap" TEMPLATE=0 SHOWPROGRESS=1 FEATURELEVEL=3
[2016.04.03-19.30.09:523][  0]LogEditorServer:Warning: Can't find file '../../../../../../Users/User/Documents/Unreal Projects/ProyectoUE2/Content/Menu.umap'
[2016.04.03-19.30.09:523][  0]Cmd: MAP CHECKDEP NOCLEARLOG
[2016.04.03-19.30.10:279][  0]MapCheck: Información Map check complete: 0 Error(s), 0 Warning(s), took 755.128ms to complete.
[2016.04.03-19.30.10:280][  0]LogFileHelpers: Loading map 'Menu' took 0.831
[2016.04.03-19.30.12:912][  0]LogCollectionManager: Loaded 0 collections in 0.023686 seconds
[2016.04.03-19.30.13:277][  0]LogFileCache: Scanning file cache for directory 'C:/Users/User/Documents/Unreal Projects/ProyectoUE2/Saved/Collections/' took 0.01s
[2016.04.03-19.30.13:277][  0]LogFileCache: Scanning file cache for directory 'C:/Users/User/Documents/Unreal Projects/ProyectoUE2/Content/Developers/MieL/Collections/' took 0.01s
[2016.04.03-19.30.13:277][  0]LogFileCache: Scanning file cache for directory 'C:/Users/User/Documents/Unreal Projects/ProyectoUE2/Content/Collections/' took 0.02s
[2016.04.03-19.30.13:277][  0]LogCollectionManager: Rebuilt the GUID cache for 0 collections in 0.000006 seconds
[2016.04.03-19.30.13:397][  0]LogContentBrowser: Native class hierarchy populated in 0.1192 seconds. Added 1893 classes and 338 folders.
[2016.04.03-19.30.13:738][  0]LogContentBrowser: Native class hierarchy updated for 'WidgetCarousel' in 0.0022 seconds. Added 0 classes and 0 folders.
[2016.04.03-19.30.20:562][  0]LogContentBrowser: Native class hierarchy updated for 'AddContentDialog' in 0.0021 seconds. Added 0 classes and 0 folders.
[2016.04.03-19.30.20:846][  0]LogContentBrowser: Native class hierarchy updated for 'SceneOutliner' in 0.0021 seconds. Added 1 classes and 2 folders.
[2016.04.03-19.30.23:000][  0]LogCrashTracker: Crashtracker disabled due to settings.
[2016.04.03-19.30.23:527][  0]LogUObjectGlobals:Warning: Error al encontrar el objeto 'Class Ninguno.'
[2016.04.03-19.30.23:682][  0]LogLoad: Full Startup: 385.16 seconds (BP compile: 2.14 seconds)
[2016.04.03-19.30.23:702][  0]LogWindowsTextInputMethodSystem:Display: IME system now deactivated.
[2016.04.03-19.30.23:703][  0]LogWindowsTextInputMethodSystem:Display: IME system now deactivated.
[2016.04.03-19.30.23:723][  0]LogOcInput: Can't find Oculus library dev build: is proper Runtime installed? Version: 0.8.0.0
[2016.04.03-19.30.24:865][  0]LogContentStreaming: Texture pool size now 200 MB
[2016.04.03-19.30.26:075][  0]LogRenderer: Reallocating scene render targets to support 848x256 (Frame:2).
[2016.04.03-19.30.29:486][ 10]LogAssetRegistry: Asset discovery search completed in 73.8669 seconds
[2016.04.03-19.30.29:486][ 10]LogCollectionManager: Rebuilt the object cache for 0 collections in 0.000003 seconds (found 0 objects)
[2016.04.03-19.30.29:487][ 10]LogCollectionManager: Fixed up redirectors for 0 collections in 0.000103 seconds (updated 0 objects)
[2016.04.03-19.34.57:942][464]LogWindowsTextInputMethodSystem:Display: IME system now deactivated.
[2016.04.03-19.34.57:943][464]LogWindowsTextInputMethodSystem:Display: IME system now deactivated.
[2016.04.03-19.34.58:466][465]Cmd: QUIT_EDITOR
[2016.04.03-19.34.59:134][465]LogExit: Preparing to exit.
[2016.04.03-19.35.00:495][465]LogExit: Editor shut down
[2016.04.03-19.35.00:500][465]LogParticles: Destroying 0 GPU particle simulations for FXSystem 0x000000B7F3D97420
[2016.04.03-19.35.00:500][465]LogExit: Transaction tracking system shut down
[2016.04.03-19.35.00:502][465]LogParticles: Destroying 0 GPU particle simulations for FXSystem 0x000000B7E403D1C0
[2016.04.03-19.35.00:503][465]LogParticles: Destroying 0 GPU particle simulations for FXSystem 0x000000B7FAB816C0
[2016.04.03-19.35.01:676][465]LogExit: Object subsystem successfully closed.
[2016.04.03-19.35.01:704][465]LogD3D11RHI: Shutdown
[2016.04.03-19.35.01:704][465]LogD3D11RHI: CleanupD3DDevice
[2016.04.03-19.35.01:835][465]LogD3D11RHI: ~FD3D11DynamicRHI
[2016.04.03-19.35.02:000][465]LogModuleManager: Shutting down and abandoning module CrashTracker (197)
[2016.04.03-19.35.02:000][465]LogModuleManager: Shutting down and abandoning module SceneOutliner (196)
[2016.04.03-19.35.02:000][465]LogModuleManager: Shutting down and abandoning module SuperSearch (195)
[2016.04.03-19.35.02:000][465]LogModuleManager: Shutting down and abandoning module WidgetCarousel (194)
[2016.04.03-19.35.02:000][465]LogModuleManager: Shutting down and abandoning module AddContentDialog (193)
[2016.04.03-19.35.02:004][465]LogModuleManager: Shutting down and abandoning module EditorWidgets (192)
[2016.04.03-19.35.02:004][465]LogModuleManager: Shutting down and abandoning module CollectionManager (191)
[2016.04.03-19.35.02:005][465]LogModuleManager: Shutting down and abandoning module FoliageEdit (190)
[2016.04.03-19.35.02:006][465]LogModuleManager: Shutting down and abandoning module LandscapeEditor (189)
[2016.04.03-19.35.02:006][465]LogModuleManager: Shutting down and abandoning module ActorPickerMode (188)
[2016.04.03-19.35.02:006][465]LogModuleManager: Shutting down and abandoning module GeometryMode (187)
[2016.04.03-19.35.02:006][465]LogModuleManager: Shutting down and abandoning module TextureAlignMode (186)
[2016.04.03-19.35.02:007][465]LogModuleManager: Shutting down and abandoning module BspMode (185)
[2016.04.03-19.35.02:007][465]LogModuleManager: Shutting down and abandoning module PlacementMode (184)
[2016.04.03-19.35.02:007][465]LogModuleManager: Shutting down and abandoning module AutomationWorker (183)
[2016.04.03-19.35.02:007][465]LogModuleManager: Shutting down and abandoning module CharacterAI (182)
[2016.04.03-19.35.02:007][465]LogModuleManager: Shutting down and abandoning module SmartSnapping (181)
[2016.04.03-19.35.02:007][465]LogModuleManager: Shutting down and abandoning module ViewportSnapping (180)
[2016.04.03-19.35.02:007][465]LogModuleManager: Shutting down and abandoning module LogVisualizer (179)
[2016.04.03-19.35.02:007][465]LogModuleManager: Shutting down and abandoning module GameProjectGeneration (178)
[2016.04.03-19.35.02:007][465]LogModuleManager: Shutting down and abandoning module IntroTutorials (177)
[2016.04.03-19.35.02:008][465]LogModuleManager: Shutting down and abandoning module EditorLiveStreaming (176)
[2016.04.03-19.35.02:008][465]LogModuleManager: Shutting down and abandoning module IOSPlatformEditor (175)
[2016.04.03-19.35.02:008][465]LogModuleManager: Shutting down and abandoning module HTML5PlatformEditor (174)
[2016.04.03-19.35.02:008][465]LogModuleManager: Shutting down and abandoning module AndroidDeviceDetection (173)
[2016.04.03-19.35.02:626][465]LogModuleManager: Shutting down and abandoning module AndroidPlatformEditor (172)
[2016.04.03-19.35.02:626][465]LogModuleManager: Shutting down and abandoning module IOSRuntimeSettings (171)
[2016.04.03-19.35.02:626][465]LogModuleManager: Shutting down and abandoning module AndroidRuntimeSettings (170)
[2016.04.03-19.35.02:626][465]LogModuleManager: Shutting down and abandoning module MergeActors (169)
[2016.04.03-19.35.02:626][465]LogModuleManager: Shutting down and abandoning module SizeMap (168)
[2016.04.03-19.35.02:626][465]LogModuleManager: Shutting down and abandoning module TreeMap (167)
[2016.04.03-19.35.02:626][465]LogModuleManager: Shutting down and abandoning module ReferenceViewer (166)
[2016.04.03-19.35.02:626][465]LogModuleManager: Shutting down and abandoning module LocalizationService (165)
[2016.04.03-19.35.02:626][465]LogModuleManager: Shutting down and abandoning module LocalizationDashboard (164)
[2016.04.03-19.35.02:626][465]LogModuleManager: Shutting down and abandoning module HardwareTargeting (163)
[2016.04.03-19.35.02:626][465]LogModuleManager: Shutting down and abandoning module DeviceProfileEditor (162)
[2016.04.03-19.35.02:626][465]LogModuleManager: Shutting down and abandoning module UndoHistory (161)
[2016.04.03-19.35.02:626][465]LogModuleManager: Shutting down and abandoning module GameplayTagsEditor (160)
[2016.04.03-19.35.02:626][465]LogModuleManager: Shutting down and abandoning module UserFeedback (159)
[2016.04.03-19.35.02:626][465]LogModuleManager: Shutting down and abandoning module XmlParser (158)
[2016.04.03-19.35.02:626][465]LogModuleManager: Shutting down and abandoning module Blutility (157)
[2016.04.03-19.35.02:626][465]LogModuleManager: Shutting down and abandoning module ProjectTargetPlatformEditor (156)
[2016.04.03-19.35.02:627][465]LogModuleManager: Shutting down and abandoning module ProjectSettingsViewer (155)
[2016.04.03-19.35.02:627][465]LogModuleManager: Shutting down and abandoning module InputBindingEditor (154)
[2016.04.03-19.35.02:627][465]LogModuleManager: Shutting down and abandoning module EditorSettingsViewer (153)
[2016.04.03-19.35.02:627][465]LogModuleManager: Shutting down and abandoning module SettingsEditor (152)
[2016.04.03-19.35.02:627][465]LogModuleManager: Shutting down and abandoning module ProjectLauncher (151)
[2016.04.03-19.35.02:627][465]LogModuleManager: Shutting down and abandoning module SessionFrontend (150)
[2016.04.03-19.35.02:627][465]LogModuleManager: Shutting down and abandoning module ProfilerClient (149)
[2016.04.03-19.35.02:627][465]LogModuleManager: Shutting down and abandoning module TargetDeviceServices (148)
[2016.04.03-19.35.02:628][465]LogModuleManager: Shutting down and abandoning module DeviceManager (147)
[2016.04.03-19.35.02:628][465]LogModuleManager: Shutting down and abandoning module AutomationController (146)
[2016.04.03-19.35.02:628][465]LogModuleManager: Shutting down and abandoning module AutomationWindow (145)
[2016.04.03-19.35.02:628][465]LogModuleManager: Shutting down and abandoning module Layers (144)
[2016.04.03-19.35.02:628][465]LogModuleManager: Shutting down and abandoning module ComponentVisualizers (143)
[2016.04.03-19.35.02:628][465]LogModuleManager: Shutting down and abandoning module DetailCustomizations (142)
[2016.04.03-19.35.02:628][465]LogModuleManager: Shutting down and abandoning module PackagesDialog (141)
[2016.04.03-19.35.02:628][465]LogModuleManager: Shutting down and abandoning module Persona (140)
[2016.04.03-19.35.02:628][465]LogModuleManager: Shutting down and abandoning module Kismet (139)
[2016.04.03-19.35.02:628][465]LogModuleManager: Shutting down and abandoning module GraphEditor (138)
[2016.04.03-19.35.02:629][465]LogModuleManager: Shutting down and abandoning module ClassViewer (137)
[2016.04.03-19.35.02:629][465]LogModuleManager: Shutting down and abandoning module Toolbox (136)
[2016.04.03-19.35.02:629][465]LogModuleManager: Shutting down and abandoning module ModuleUI (135)
[2016.04.03-19.35.02:629][465]LogModuleManager: Shutting down and abandoning module MovieSceneTools (134)
[2016.04.03-19.35.02:629][465]LogModuleManager: Shutting down and abandoning module OutputLog (133)
[2016.04.03-19.35.02:629][465]LogModuleManager: Shutting down and abandoning module GammaUI (132)
[2016.04.03-19.35.02:629][465]LogModuleManager: Shutting down and abandoning module Documentation (131)
[2016.04.03-19.35.02:629][465]LogModuleManager: Shutting down and abandoning module GameLiveStreaming (130)
[2016.04.03-19.35.02:630][465]LogModuleManager: Shutting down and abandoning module StreamingPauseRendering (129)
[2016.04.03-19.35.02:630][465]LogModuleManager: Shutting down and abandoning module AnalyticsET (128)
[2016.04.03-19.35.02:630][465]LogModuleManager: Shutting down and abandoning module Analytics (127)
[2016.04.03-19.35.02:630][465]LogModuleManager: Shutting down and abandoning module AITestSuite (126)
[2016.04.03-19.35.02:630][465]LogModuleManager: Shutting down and abandoning module GameplayDebugger (125)
[2016.04.03-19.35.02:630][465]LogModuleManager: Shutting down and abandoning module AIModule (124)
[2016.04.03-19.35.02:630][465]LogModuleManager: Shutting down and abandoning module ProfilerService (123)
[2016.04.03-19.35.02:879][465]LogModuleManager: Shutting down and abandoning module TaskGraph (122)
[2016.04.03-19.35.02:879][465]LogModuleManager: Shutting down and abandoning module SlateRemote (121)
[2016.04.03-19.35.02:880][465]LogModuleManager: Shutting down and abandoning module SteamVRController (120)
[2016.04.03-19.35.02:880][465]LogModuleManager: Shutting down and abandoning module SteamVR (119)
[2016.04.03-19.35.02:880][465]LogModuleManager: Shutting down and abandoning module ProceduralMeshComponent (118)
[2016.04.03-19.35.02:880][465]LogModuleManager: Shutting down and abandoning module OculusLibrary (117)
[2016.04.03-19.35.02:880][465]LogModuleManager: Shutting down and abandoning module OculusInput (116)
[2016.04.03-19.35.02:880][465]LogModuleManager: Shutting down and abandoning module LeapMotionController (115)
[2016.04.03-19.35.02:962][465]LogModuleManager: Shutting down and abandoning module CustomMeshComponent (114)
[2016.04.03-19.35.02:962][465]LogModuleManager: Shutting down and abandoning module CableComponent (113)
[2016.04.03-19.35.02:962][465]LogModuleManager: Shutting down and abandoning module ArchVisCharacter (112)
[2016.04.03-19.35.02:962][465]LogModuleManager: Shutting down and abandoning module MessagingDebugger (111)
[2016.04.03-19.35.02:962][465]LogModuleManager: Shutting down and abandoning module MediaPlayerEditor (110)
[2016.04.03-19.35.02:962][465]LogModuleManager: Shutting down and abandoning module HTML5Networking (109)
[2016.04.03-19.35.02:962][465]LogModuleManager: Shutting down and abandoning module SpeedTreeImporter (108)
[2016.04.03-19.35.02:962][465]LogModuleManager: Shutting down and abandoning module PluginBrowser (107)
[2016.04.03-19.35.02:962][465]LogModuleManager: Shutting down and abandoning module EpicSurvey (106)
[2016.04.03-19.35.02:962][465]LogModuleManager: Shutting down and abandoning module DesktopPlatform (105)
[2016.04.03-19.35.02:962][465]LogModuleManager: Shutting down and abandoning module VisualStudioSourceCodeAccess (104)
[2016.04.03-19.35.02:962][465]LogModuleManager: Shutting down and abandoning module UObjectPlugin (103)
[2016.04.03-19.35.02:962][465]LogModuleManager: Shutting down and abandoning module SubversionSourceControl (102)
[2016.04.03-19.35.02:963][465]LogModuleManager: Shutting down and abandoning module PerforceSourceControl (101)
[2016.04.03-19.35.02:963][465]LogModuleManager: Shutting down and abandoning module SourceControl (100)
[2016.04.03-19.35.02:963][465]LogModuleManager: Shutting down and abandoning module GitSourceControl (99)
[2016.04.03-19.35.02:963][465]LogModuleManager: Shutting down and abandoning module LightPropagationVolumeEditor (98)
[2016.04.03-19.35.02:963][465]LogModuleManager: Shutting down and abandoning module PaperTiledImporter (97)
[2016.04.03-19.35.02:963][465]LogModuleManager: Shutting down and abandoning module PaperSpriteSheetImporter (96)
[2016.04.03-19.35.02:963][465]LogModuleManager: Shutting down and abandoning module MeshPaint (95)
[2016.04.03-19.35.02:963][465]LogModuleManager: Shutting down and abandoning module SlateReflector (94)
[2016.04.03-19.35.02:963][465]LogModuleManager: Shutting down and abandoning module HotReload (93)
[2016.04.03-19.35.02:963][465]LogModuleManager: Shutting down and abandoning module MainFrame (92)
[2016.04.03-19.35.02:963][465]LogModuleManager: Shutting down and abandoning module LevelEditor (91)
[2016.04.03-19.35.02:966][465]LogModuleManager: Shutting down and abandoning module DirectoryWatcher (90)
[2016.04.03-19.35.02:969][465]LogModuleManager: Shutting down and abandoning module AssetRegistry (89)
[2016.04.03-19.35.03:095][465]LogModuleManager: Shutting down and abandoning module ContentBrowser (88)
[2016.04.03-19.35.03:099][465]LogModuleManager: Shutting down and abandoning module Paper2DEditor (87)
[2016.04.03-19.35.03:099][465]LogModuleManager: Shutting down and abandoning module UdpMessaging (86)
[2016.04.03-19.35.03:201][465]LogModuleManager: Shutting down and abandoning module LightPropagationVolumeRuntime (85)
[2016.04.03-19.35.03:201][465]LogModuleManager: Shutting down and abandoning module Paper2D (84)
[2016.04.03-19.35.03:201][465]LogModuleManager: Shutting down and abandoning module WindowsMoviePlayer (83)
[2016.04.03-19.35.03:213][465]LogModuleManager: Shutting down and abandoning module Media (82)
[2016.04.03-19.35.03:213][465]LogModuleManager: Shutting down and abandoning module WmfMedia (81)
[2016.04.03-19.35.03:213][465]LogModuleManager: Shutting down and abandoning module OnlineBlueprintSupport (80)
[2016.04.03-19.35.03:213][465]LogModuleManager: Shutting down and abandoning module GameplayTasksEditor (79)
[2016.04.03-19.35.03:214][465]LogModuleManager: Shutting down and abandoning module PropertyEditor (78)
[2016.04.03-19.35.03:214][465]LogModuleManager: Shutting down and abandoning module BehaviorTreeEditor (77)
[2016.04.03-19.35.03:214][465]LogModuleManager: Shutting down and abandoning module FunctionalTesting (76)
[2016.04.03-19.35.03:214][465]LogModuleManager: Shutting down and abandoning module CollisionAnalyzer (75)
[2016.04.03-19.35.03:214][465]LogModuleManager: Shutting down and abandoning module WorkspaceMenuStructure (74)
[2016.04.03-19.35.03:214][465]LogModuleManager: Shutting down and abandoning module MessageLog (73)
[2016.04.03-19.35.03:214][465]LogModuleManager: Shutting down and abandoning module Sequencer (72)
[2016.04.03-19.35.03:214][465]LogModuleManager: Shutting down and abandoning module AssetTools (71)
[2016.04.03-19.35.03:215][465]LogModuleManager: Shutting down and abandoning module UMGEditor (70)
[2016.04.03-19.35.03:215][465]LogModuleManager: Shutting down and abandoning module UMG (69)
[2016.04.03-19.35.03:215][465]LogModuleManager: Shutting down and abandoning module Slate (68)
[2016.04.03-19.35.03:215][465]LogModuleManager: Shutting down and abandoning module EditorStyle (67)
[2016.04.03-19.35.03:229][465]LogModuleManager: Shutting down and abandoning module SessionServices (66)
[2016.04.03-19.35.03:229][465]LogModuleManager: Shutting down and abandoning module SourceCodeAccess (65)
[2016.04.03-19.35.03:229][465]LogModuleManager: Shutting down and abandoning module HeadMountedDisplay (64)
[2016.04.03-19.35.03:229][465]LogModuleManager: Shutting down and abandoning module XAudio2 (63)
[2016.04.03-19.35.03:229][465]LogModuleManager: Shutting down and abandoning module Networking (61)
[2016.04.03-19.35.03:229][465]LogModuleManager: Shutting down and abandoning module Core (60)
[2016.04.03-19.35.03:229][465]LogModuleManager: Shutting down and abandoning module KismetCompiler (59)
[2016.04.03-19.35.03:229][465]LogModuleManager: Shutting down and abandoning module PhysXFormats (58)
[2016.04.03-19.35.03:229][465]LogModuleManager: Shutting down and abandoning module MeshUtilities (57)
[2016.04.03-19.35.03:229][465]LogModuleManager: Shutting down and abandoning module DerivedDataCache (56)
[2016.04.03-19.35.03:241][465]LogDerivedDataCache: Shutdown
[2016.04.03-19.35.03:242][465]LogModuleManager: Shutting down and abandoning module ShaderFormatOpenGL (55)
[2016.04.03-19.35.03:242][465]LogModuleManager: Shutting down and abandoning module ShaderFormatD3D (54)
[2016.04.03-19.35.03:242][465]LogModuleManager: Shutting down and abandoning module MetalShaderFormat (53)
[2016.04.03-19.35.03:242][465]LogModuleManager: Shutting down and abandoning module TextureFormatUncompressed (52)
[2016.04.03-19.35.03:242][465]LogModuleManager: Shutting down and abandoning module TextureFormatPVR (51)
[2016.04.03-19.35.03:242][465]LogModuleManager: Shutting down and abandoning module TextureFormatIntelISPCTexComp (50)
[2016.04.03-19.35.03:242][465]LogModuleManager: Shutting down and abandoning module TextureFormatDXT (49)
[2016.04.03-19.35.03:242][465]LogModuleManager: Shutting down and abandoning module ImageWrapper (48)
[2016.04.03-19.35.03:242][465]LogModuleManager: Shutting down and abandoning module TextureFormatASTC (47)
[2016.04.03-19.35.03:242][465]LogModuleManager: Shutting down and abandoning module TextureFormatAndroid (46)
[2016.04.03-19.35.03:242][465]LogModuleManager: Shutting down and abandoning module AudioFormatOpus (45)
[2016.04.03-19.35.03:242][465]LogModuleManager: Shutting down and abandoning module AudioFormatOgg (44)
[2016.04.03-19.35.03:242][465]LogModuleManager: Shutting down and abandoning module AudioFormatADPCM (43)
[2016.04.03-19.35.03:242][465]LogModuleManager: Shutting down and abandoning module LinuxTargetPlatform (42)
[2016.04.03-19.35.03:242][465]LogModuleManager: Shutting down and abandoning module LinuxServerTargetPlatform (41)
[2016.04.03-19.35.03:242][465]LogModuleManager: Shutting down and abandoning module LinuxNoEditorTargetPlatform (40)
[2016.04.03-19.35.03:242][465]LogModuleManager: Shutting down and abandoning module Messaging (39)
[2016.04.03-19.35.03:242][465]LogModuleManager: Shutting down and abandoning module IOSTargetPlatform (38)
[2016.04.03-19.35.03:243][465]LogModuleManager: Shutting down and abandoning module HTML5TargetPlatform (37)
[2016.04.03-19.35.03:243][465]LogModuleManager: Shutting down and abandoning module Android_PVRTCTargetPlatform (36)
[2016.04.03-19.35.03:243][465]LogModuleManager: Shutting down and abandoning module Android_MultiTargetPlatform (35)
[2016.04.03-19.35.03:243][465]LogModuleManager: Shutting down and abandoning module Android_ETC2TargetPlatform (34)
[2016.04.03-19.35.03:243][465]LogModuleManager: Shutting down and abandoning module Android_ETC1TargetPlatform (33)
[2016.04.03-19.35.03:243][465]LogModuleManager: Shutting down and abandoning module Android_DXTTargetPlatform (32)
[2016.04.03-19.35.03:243][465]LogModuleManager: Shutting down and abandoning module Android_ATCTargetPlatform (31)
[2016.04.03-19.35.03:243][465]LogModuleManager: Shutting down and abandoning module Android_ASTCTargetPlatform (30)
[2016.04.03-19.35.03:243][465]LogModuleManager: Shutting down and abandoning module AndroidTargetPlatform (29)
[2016.04.03-19.35.03:243][465]LogModuleManager: Shutting down and abandoning module WindowsTargetPlatform (28)
[2016.04.03-19.35.03:243][465]LogModuleManager: Shutting down and abandoning module WindowsServerTargetPlatform (27)
[2016.04.03-19.35.03:243][465]LogModuleManager: Shutting down and abandoning module WindowsNoEditorTargetPlatform (26)
[2016.04.03-19.35.03:243][465]LogModuleManager: Shutting down and abandoning module WindowsClientTargetPlatform (25)
[2016.04.03-19.35.03:243][465]LogModuleManager: Shutting down and abandoning module AllDesktopTargetPlatform (24)
[2016.04.03-19.35.03:243][465]LogModuleManager: Shutting down and abandoning module TargetPlatform (23)
[2016.04.03-19.35.03:243][465]LogModuleManager: Shutting down and abandoning module InputCore (22)
[2016.04.03-19.35.03:243][465]LogModuleManager: Shutting down and abandoning module Settings (21)
[2016.04.03-19.35.03:243][465]LogModuleManager: Shutting down and abandoning module OnlineSubsystem (19)
[2016.04.03-19.35.03:243][465]LogModuleManager: Shutting down and abandoning module HTTP (18)
[2016.04.03-19.35.05:256][465]LogModuleManager: Shutting down and abandoning module XMPP (17)
[2016.04.03-19.35.05:256][465]LogModuleManager: Shutting down and abandoning module OculusRift (16)
[2016.04.03-19.35.05:256][465]LogModuleManager: Shutting down and abandoning module ExampleDeviceProfileSelector (15)
[2016.04.03-19.35.05:256][465]LogModuleManager: Shutting down and abandoning module TextureCompressor (14)
[2016.04.03-19.35.05:256][465]LogModuleManager: Shutting down and abandoning module ShaderCore (13)
[2016.04.03-19.35.05:256][465]LogModuleManager: Shutting down and abandoning module Landscape (12)
[2016.04.03-19.35.05:256][465]LogModuleManager: Shutting down and abandoning module SlateRHIRenderer (11)
[2016.04.03-19.35.05:264][465]LogModuleManager: Shutting down and abandoning module OpenGLDrv (10)
[2016.04.03-19.35.05:266][465]LogModuleManager: Shutting down and abandoning module D3D11RHI (9)
[2016.04.03-19.35.05:267][465]LogModuleManager: Shutting down and abandoning module AnimGraphRuntime (8)
[2016.04.03-19.35.05:267][465]LogModuleManager: Shutting down and abandoning module Renderer (7)
[2016.04.03-19.35.05:267][465]LogModuleManager: Shutting down and abandoning module Engine (6)
[2016.04.03-19.35.05:267][465]LogModuleManager: Shutting down and abandoning module CoreUObject (5)
[2016.04.03-19.35.05:272][465]LogModuleManager: Shutting down and abandoning module NetworkFile (4)
[2016.04.03-19.35.05:272][465]LogModuleManager: Shutting down and abandoning module StreamingFile (3)
[2016.04.03-19.35.05:272][465]LogModuleManager: Shutting down and abandoning module SandboxFile (2)
[2016.04.03-19.35.05:272][465]LogModuleManager: Shutting down and abandoning module PakFile (1)
[2016.04.03-19.35.05:284][465]LogExit: Exiting.
[2016.04.03-19.35.05:311][465]Log file closed, 04/03/16 14:35:05
