[2016.04.05-21.20.41:185][  0]Log file open, 04/05/16 16:20:41
[2016.04.05-21.20.41:186][  0]LogInit:Display: Running engine for game: ProyectoUE2
[2016.04.05-21.20.41:186][  0]LogPlatformFile: Not using cached read wrapper
[2016.04.05-21.20.41:186][  0]LogInit:Display: RandInit(107666231) SRandInit(107666232).
[2016.04.05-21.20.41:186][  0]LogTaskGraph: Started task graph with 4 named threads and 5 total threads.
[2016.04.05-21.20.41:186][  0]LogStats: Stats thread started at 0.499453
[2016.04.05-21.20.41:186][  0]LogInit: Version: 4.10.4-2872498+++depot+UE4-Releases+4.10
[2016.04.05-21.20.41:186][  0]LogInit: API Version: 2758231
[2016.04.05-21.20.41:186][  0]LogInit: Compiled (64-bit): Feb 18 2016 15:47:04
[2016.04.05-21.20.41:186][  0]LogInit: Compiled with Visual C++: 19.00.23026.00
[2016.04.05-21.20.41:186][  0]LogInit: Build Configuration: Development
[2016.04.05-21.20.41:186][  0]LogInit: Branch Name: ++depot+UE4-Releases+4.10
[2016.04.05-21.20.41:186][  0]LogInit: Command line:  
[2016.04.05-21.20.41:186][  0]LogInit: Base directory: C:/Program Files (x86)/Epic Games/4.10/Engine/Binaries/Win64/
[2016.04.05-21.20.41:186][  0]LogInit: Rocket: 1
[2016.04.05-21.20.41:525][  0]LogInit: Using libcurl 7.41.0
[2016.04.05-21.20.41:525][  0]LogInit:  - built for x86_64-pc-win32
[2016.04.05-21.20.41:525][  0]LogInit:  - supports SSL with WinSSL
[2016.04.05-21.20.41:525][  0]LogInit:  - other features:
[2016.04.05-21.20.41:525][  0]LogInit:      CURL_VERSION_SSL
[2016.04.05-21.20.41:525][  0]LogInit:      CURL_VERSION_IPV6
[2016.04.05-21.20.41:525][  0]LogInit:      CURL_VERSION_ASYNCHDNS
[2016.04.05-21.20.41:525][  0]LogInit:      CURL_VERSION_LARGEFILE
[2016.04.05-21.20.41:525][  0]LogInit:      CURL_VERSION_IDN
[2016.04.05-21.20.41:525][  0]LogInit:  CurlRequestOptions (configurable via config and command line):
[2016.04.05-21.20.41:525][  0]LogInit:  - bVerifyPeer = true  - Libcurl will verify peer certificate
[2016.04.05-21.20.41:525][  0]LogInit:  - bUseHttpProxy = false  - Libcurl will NOT use HTTP proxy
[2016.04.05-21.20.41:525][  0]LogInit:  - bDontReuseConnections = false  - Libcurl will reuse connections
[2016.04.05-21.20.41:525][  0]LogInit:  - CertBundlePath = nullptr  - Libcurl will use whatever was configured at build time.
[2016.04.05-21.20.41:760][  0]LogInit: Presizing for 0 objects not considered by GC, pre-allocating 0 bytes.
[2016.04.05-21.20.41:803][  0]LogInit: Object subsystem initialized
[2016.04.05-21.20.41:808][  0]LogInit: Selected Device Profile: [Windows]
[2016.04.05-21.20.41:808][  0]LogInit: Applying CVar settings loaded from the selected device profile: [Windows]
[2016.04.05-21.20.41:853][  0]LogInit: Computer: ACER
[2016.04.05-21.20.41:853][  0]LogInit: User: MieL
[2016.04.05-21.20.41:853][  0]LogInit: CPU Page size=4096, Cores=2
[2016.04.05-21.20.41:853][  0]LogInit: High frequency timer resolution =1.656325 MHz
[2016.04.05-21.20.41:853][  0]LogMemory: Memory total: Physical=5.9GB (6GB approx)
[2016.04.05-21.20.41:853][  0]LogMemory: Platform Memory Stats for Windows
[2016.04.05-21.20.41:853][  0]LogMemory: Process Physical Memory: 54.65 MB used, 54.65 MB peak
[2016.04.05-21.20.41:853][  0]LogMemory: Process Virtual Memory: 55.38 MB used, 55.38 MB peak
[2016.04.05-21.20.41:853][  0]LogMemory: Physical Memory: 2895.98 MB used, 6024.27 MB total
[2016.04.05-21.20.41:853][  0]LogMemory: Virtual Memory: 358.65 MB used, 134217728.00 MB total
[2016.04.05-21.20.43:270][  0]LogTextLocalizationManager: No specific translations for ('es-MX') exist, so ('es') translations will be used.
[2016.04.05-21.20.44:697][  0]LogD3D11RHI: Found D3D11 adapter 0: Intel(R) HD Graphics Family (Feature Level 11_0)
[2016.04.05-21.20.44:697][  0]LogD3D11RHI: Adapter has 32MB of dedicated video memory, 0MB of dedicated system memory, and 1760MB of shared system memory, 1 output[s]
[2016.04.05-21.20.44:703][  0]LogD3D11RHI: Found D3D11 adapter 1: Microsoft Basic Render Driver (Feature Level 11_0)
[2016.04.05-21.20.44:703][  0]LogD3D11RHI: Adapter has 0MB of dedicated video memory, 0MB of dedicated system memory, and 256MB of shared system memory, 0 output[s]
[2016.04.05-21.20.44:703][  0]LogD3D11RHI: Chosen D3D11 Adapter Id = 0
[2016.04.05-21.20.44:722][  0]LogD3D11RHI: !Direct3DDevice
[2016.04.05-21.20.44:722][  0]LogRHI: Texture pool is 638 MB (70% of 912 MB)
[2016.04.05-21.20.44:754][  0]LogD3D11RHI: Async texture creation enabled
[2016.04.05-21.20.44:770][  0]LogShaderCompilers: Guid format shader working directory is -22 characters bigger than the processId version (../../../../../../Users/User/Documents/Unreal Projects/ProyectoUE2/Intermediate/Shaders/WorkingDirectory/13712/).
[2016.04.05-21.20.44:771][  0]LogShaderCompilers: Cleaned the shader compiler working directory 'C:/Users/User/AppData/Local/Temp/UnrealShaderWorkingDir/24FCC8204E521D17EF4196B25977EAB3/'.
[2016.04.05-21.20.44:771][  0]LogShaderCompilers:Display: Using Local Shader Compiler.
[2016.04.05-21.20.51:633][  0]LogTemp:Display: Loaded TP AllDesktopTargetPlatform
[2016.04.05-21.20.51:706][  0]LogTemp:Display: Loaded TP WindowsClientTargetPlatform
[2016.04.05-21.20.51:770][  0]LogTemp:Display: Loaded TP WindowsNoEditorTargetPlatform
[2016.04.05-21.20.51:850][  0]LogTemp:Display: Loaded TP WindowsServerTargetPlatform
[2016.04.05-21.20.51:976][  0]LogTemp:Display: Loaded TP WindowsTargetPlatform
[2016.04.05-21.20.52:065][  0]LogTemp:Display: Loaded TP AndroidTargetPlatform
[2016.04.05-21.20.52:141][  0]LogTemp:Display: Loaded TP Android_ASTCTargetPlatform
[2016.04.05-21.20.52:331][  0]LogTemp:Display: Loaded TP Android_ATCTargetPlatform
[2016.04.05-21.20.52:404][  0]LogTemp:Display: Loaded TP Android_DXTTargetPlatform
[2016.04.05-21.20.52:608][  0]LogTemp:Display: Loaded TP Android_ETC1TargetPlatform
[2016.04.05-21.20.52:712][  0]LogTemp:Display: Loaded TP Android_ETC2TargetPlatform
[2016.04.05-21.20.52:841][  0]LogTemp:Display: Loaded TP Android_MultiTargetPlatform
[2016.04.05-21.20.52:841][  0]LogTemp:Display: Loaded TP Android_PVRTCTargetPlatform
[2016.04.05-21.20.52:909][  0]LogTemp:Display: Loaded TP HTML5TargetPlatform
[2016.04.05-21.20.53:071][  0]LogTemp:Display: Loaded TP IOSTargetPlatform
[2016.04.05-21.20.53:132][  0]LogTemp:Display: Loaded TP LinuxNoEditorTargetPlatform
[2016.04.05-21.20.53:248][  0]LogTemp:Display: Loaded TP LinuxServerTargetPlatform
[2016.04.05-21.20.53:354][  0]LogTemp:Display: Loaded TP LinuxTargetPlatform
[2016.04.05-21.20.53:354][  0]LogTargetPlatformManager:Display: Building Assets For Windows
[2016.04.05-21.20.55:611][  0]LogDerivedDataCache:Display: Max Cache Size: 512 MB
[2016.04.05-21.20.56:233][  0]LogDerivedDataCache: Loaded boot cache 0.62s 41MB C:/Users/User/AppData/Local/UnrealEngine/4.10/DerivedDataCache/Boot.ddc.
[2016.04.05-21.20.56:233][  0]LogDerivedDataCache:Display: Loaded Boot cache: C:/Users/User/AppData/Local/UnrealEngine/4.10/DerivedDataCache/Boot.ddc
[2016.04.05-21.20.56:234][  0]LogDerivedDataCache: FDerivedDataBackendGraph:  Pak pak cache file ../../../../../../Users/User/Documents/Unreal Projects/ProyectoUE2/DerivedDataCache/DDC.ddp not found, will not use a pak cache.
[2016.04.05-21.20.56:234][  0]LogDerivedDataCache: Unable to find inner node Pak for hierarchical cache Hierarchy.
[2016.04.05-21.20.56:234][  0]LogDerivedDataCache: FDerivedDataBackendGraph:  CompressedPak pak cache file ../../../../../../Users/User/Documents/Unreal Projects/ProyectoUE2/DerivedDataCache/Compressed.ddp not found, will not use a pak cache.
[2016.04.05-21.20.56:234][  0]LogDerivedDataCache: Unable to find inner node CompressedPak for hierarchical cache Hierarchy.
[2016.04.05-21.20.56:361][  0]LogDerivedDataCache:Display: Pak cache opened for reading ../../../Engine/DerivedDataCache/Compressed.ddp.
[2016.04.05-21.20.56:407][  0]LogDerivedDataCache: Using Local data cache path C:/Users/User/AppData/Local/UnrealEngine/Common/DerivedDataCache: Writable
[2016.04.05-21.21.01:438][  0]LogInit: Selected Device Profile: [Windows]
[2016.04.05-21.21.01:457][  0]LogContentStreaming: Texture pool size is 0.000000MB
[2016.04.05-21.21.02:869][  0]LogMeshUtilities: No automatic mesh reduction module available
[2016.04.05-21.21.02:869][  0]LogMeshUtilities: No automatic mesh merging module available
[2016.04.05-21.21.06:738][  0]LogInit: WinSock: version 1.1 (2.2), MaxSocks=32767, MaxUdp=65467
[2016.04.05-21.21.59:174][  0]UdpMessaging: Initializing bridge on interface 0.0.0.0:0 to multicast group 230.0.0.1:6666.
[2016.04.05-21.22.02:075][  0]LogAssetRegistry: FAssetRegistry took 0.0126 seconds to start up
[2016.04.05-21.22.09:049][  0]SourceControl: Información El control de código fuente está desactivado
[2016.04.05-21.22.09:131][  0]SourceControl: Información El control de código fuente está desactivado
[2016.04.05-21.22.09:593][  0]SourceControl: Información El control de código fuente está desactivado
[2016.04.05-21.22.09:929][  0]SourceControl: Información El control de código fuente está desactivado
[2016.04.05-21.22.16:640][  0]LogObj: 28633 objects as part of root set at end of initial load.
[2016.04.05-21.22.16:640][  0]LogUObjectAllocator: 6099744 out of 0 bytes used by permanent object pool.
[2016.04.05-21.22.17:994][  0]LogEngine: Initializing Engine...
[2016.04.05-21.22.18:002][  0]LogHMD: Can't find Oculus library dev build: is proper Runtime installed? Version: 0.8.0.0
[2016.04.05-21.22.18:384][  0]LogHMD: SteamVR failed to initialize.  Err: 110
[2016.04.05-21.22.21:207][  0]LogAIModule: Creating AISystem for world NewWorld
[2016.04.05-21.22.21:346][  0]LogInit: XAudio2 using 'Altavoces (Realtek High Definition Audio)' : 2 channels at 48 kHz using 32 bits per sample (channel mask 0x3)
[2016.04.05-21.22.21:595][  0]LogInit: FAudioDevice initialized.
[2016.04.05-21.22.21:637][  0]LogDerivedDataCache: Saved boot cache 0.04s 41MB C:/Users/User/AppData/Local/UnrealEngine/4.10/DerivedDataCache/Boot.ddc.
[2016.04.05-21.22.21:652][  0]LogInit: Texture streaming: Enabled
[2016.04.05-21.22.22:200][  0]LogAnalytics: Creating configured Analytics provider AnalyticsET
[2016.04.05-21.22.22:200][  0]LogAnalytics: [UEEditor.Rocket.Release] APIServer = http://et2.epicgames.com/ET2/. AppVersion = 4.10.4-2872498+++depot+UE4-Releases+4.10
[2016.04.05-21.22.22:201][  0]LogAnalytics: [UEEditor.Rocket.Release] SetUserId 7d6e982040bdfa2d37207091dd9f6648|703d63ca085b4982a6f34989b8311170|423990dd-a1b8-4259-9077-6163d5ea4614
[2016.04.05-21.22.22:201][  0]LogAnalytics: [UEEditor.Rocket.Release] AnalyticsET::StartSession
[2016.04.05-21.22.22:354][  0]LogInit: Transaction tracking system initialized
[2016.04.05-21.22.25:077][  0]BlueprintLog: New page: Cargar el editor
[2016.04.05-21.22.34:647][  0]LocalizationService: Información Localization service is disabled
[2016.04.05-21.22.37:921][  0]LogLinker:Warning: No puede encontrar el archivo '/Game/ThirdPersonBP/ThirdPersonOverview'
[2016.04.05-21.22.37:922][  0]LogLinker:Warning: No puede encontrar el archivo '/Game/ThirdPersonBP/ThirdPersonOverview'
[2016.04.05-21.22.37:922][  0]LogUObjectGlobals:Warning: Error al encontrar el objeto 'Class /Game/ThirdPersonBP/ThirdPersonOverview.ThirdPersonOverview_C'
[2016.04.05-21.22.39:239][  0]LogConsoleResponse:Display: 
[2016.04.05-21.22.44:529][  0]LogFileCache: Scanning file cache for directory 'C:/Users/User/Documents/Unreal Projects/ProyectoUE2/Content/' took 0.03s
[2016.04.05-21.22.44:529][  0]LogCook:Display: Done creating registry. It took  0.00s.
[2016.04.05-21.22.47:193][  0]SourceControl: Información El control de código fuente está desactivado
[2016.04.05-21.22.47:193][  0]Cmd: MAP LOAD FILE="../../../../../../Users/User/Documents/Unreal Projects/ProyectoUE2/Content/Game/Maps/Menu.umap" TEMPLATE=0 SHOWPROGRESS=1 FEATURELEVEL=3
[2016.04.05-21.22.47:280][  0]LightingResults: New page: Diseñar la iluminación
[2016.04.05-21.22.47:287][  0]MapCheck: New page: Revisión del mapa
[2016.04.05-21.22.47:287][  0]LightingResults: New page: Diseñar la iluminación
[2016.04.05-21.22.47:330][  0]LogParticles: Destroying 0 GPU particle simulations for FXSystem 0x0000005823EB7420
[2016.04.05-21.22.50:635][  0]LogAIModule: Creating AISystem for world Menu
[2016.04.05-21.22.50:918][  0]LogEditorServer: Finished looking for orphan Actors (0.000 secs)
[2016.04.05-21.22.50:918][  0]Cmd: MAP CHECKDEP NOCLEARLOG
[2016.04.05-21.22.51:240][  0]MapCheck: Información Map check complete: 0 Error(s), 0 Warning(s), took 322.062ms to complete.
[2016.04.05-21.22.51:241][  0]LogFileHelpers: Loading map 'Menu' took 4.048
[2016.04.05-21.22.52:178][  0]LogCollectionManager: Loaded 0 collections in 0.009458 seconds
[2016.04.05-21.22.52:265][  0]LogFileCache: Scanning file cache for directory 'C:/Users/User/Documents/Unreal Projects/ProyectoUE2/Saved/Collections/' took 0.02s
[2016.04.05-21.22.52:266][  0]LogFileCache: Scanning file cache for directory 'C:/Users/User/Documents/Unreal Projects/ProyectoUE2/Content/Developers/MieL/Collections/' took 0.01s
[2016.04.05-21.22.52:266][  0]LogFileCache: Scanning file cache for directory 'C:/Users/User/Documents/Unreal Projects/ProyectoUE2/Content/Collections/' took 0.01s
[2016.04.05-21.22.52:266][  0]LogCollectionManager: Rebuilt the GUID cache for 0 collections in 0.000008 seconds
[2016.04.05-21.22.52:303][  0]LogContentBrowser: Native class hierarchy populated in 0.0370 seconds. Added 1893 classes and 338 folders.
[2016.04.05-21.22.52:334][  0]LogContentBrowser: Native class hierarchy updated for 'WidgetCarousel' in 0.0020 seconds. Added 0 classes and 0 folders.
[2016.04.05-21.22.55:463][  0]LogContentBrowser: Native class hierarchy updated for 'AddContentDialog' in 0.0011 seconds. Added 0 classes and 0 folders.
[2016.04.05-21.22.55:617][  0]LogContentBrowser: Native class hierarchy updated for 'SceneOutliner' in 0.0013 seconds. Added 1 classes and 2 folders.
[2016.04.05-21.22.56:102][  0]LogCrashTracker: Crashtracker disabled due to settings.
[2016.04.05-21.22.56:120][  0]LogUObjectGlobals:Warning: Error al encontrar el objeto 'Class Ninguno.'
[2016.04.05-21.22.56:151][  0]LogLoad: Full Startup: 140.12 seconds (BP compile: 0.58 seconds)
[2016.04.05-21.22.56:498][  0]LogOcInput: Can't find Oculus library dev build: is proper Runtime installed? Version: 0.8.0.0
[2016.04.05-21.22.58:343][  0]LogContentStreaming: Texture pool size now 200 MB
[2016.04.05-21.22.58:998][  0]LogRenderer: Reallocating scene render targets to support 1228x312 (Frame:2).
[2016.04.05-21.23.05:224][ 11]LogAssetRegistry: Asset discovery search completed in 63.1618 seconds
[2016.04.05-21.23.05:224][ 11]LogCollectionManager: Rebuilt the object cache for 0 collections in 0.000001 seconds (found 0 objects)
[2016.04.05-21.23.05:224][ 11]LogCollectionManager: Fixed up redirectors for 0 collections in 0.000041 seconds (updated 0 objects)
[2016.04.05-21.23.18:091][462]LogBlueprintUserMessages: Early PlayInEditor Detection: Level '/Game/Game/Maps/Menu.Menu:PersistentLevel' has LevelScriptBlueprint '/Game/Game/Maps/Menu.Menu:PersistentLevel.Menu' with GeneratedClass '/Game/Game/Maps/Menu.Menu_C' with ClassGeneratedBy '/Game/Game/Maps/Menu.Menu:PersistentLevel.Menu'
[2016.04.05-21.23.18:091][462]LogPlayLevel: PlayLevel: No blueprints needed recompiling
[2016.04.05-21.23.18:093][462]PIE: New page: Sesión PIE (reproducción en el editor): Menu (05/04/2016 11:23:18)
[2016.04.05-21.23.18:094][462]LogPlayLevel: Creating play world package: /Game/Game/Maps/UEDPIE_0_Menu
[2016.04.05-21.23.18:109][462]LogPlayLevel: PIE: StaticDuplicateObject took: (0.015522s)
[2016.04.05-21.23.18:115][462]LogAIModule: Creating AISystem for world Menu
[2016.04.05-21.23.18:117][462]LogPlayLevel: PIE: World Init took: (0.006428s)
[2016.04.05-21.23.18:117][462]LogPlayLevel: PIE: Created PIE world by copying editor world from /Game/Game/Maps/Menu.Menu to /Game/Game/Maps/UEDPIE_0_Menu.Menu (0.022433s)
[2016.04.05-21.23.18:187][462]LogInit: XAudio2 using 'Altavoces (Realtek High Definition Audio)' : 2 channels at 48 kHz using 32 bits per sample (channel mask 0x3)
[2016.04.05-21.23.18:211][462]LogInit: FAudioDevice initialized.
[2016.04.05-21.23.18:321][462]LogWorld: Game class is 'GameMode'
[2016.04.05-21.23.18:325][462]LogWorld: Bringing World /Game/Game/Maps/UEDPIE_0_Menu.Menu up for play (max tick rate 0) at 2016.04.05-16.23.18
[2016.04.05-21.23.18:325][462]LogActor:Warning: GameSession /Game/Game/Maps/UEDPIE_0_Menu.Menu:PersistentLevel.GameSession_0 has natively added scene component(s), but none of them were set as the actor's RootComponent - picking one arbitrarily
[2016.04.05-21.23.18:326][462]LogActor:Warning: GameNetworkManager /Game/Game/Maps/UEDPIE_0_Menu.Menu:PersistentLevel.GameNetworkManager_0 has natively added scene component(s), but none of them were set as the actor's RootComponent - picking one arbitrarily
[2016.04.05-21.23.18:326][462]LogWorld: Bringing up level for play took: 0.003684
[2016.04.05-21.23.18:332][462]PIE: Información Tiempo de inicio de la reproducción en el editor para  /Game/Game/Maps/UEDPIE_0_Menu -0.634
[2016.04.05-21.23.18:333][462]LogBlueprintUserMessages: Late PlayInEditor Detection: Level '/Game/Game/Maps/Menu.Menu:PersistentLevel' has LevelScriptBlueprint '/Game/Game/Maps/Menu.Menu:PersistentLevel.Menu' with GeneratedClass '/Game/Game/Maps/Menu.Menu_C' with ClassGeneratedBy '/Game/Game/Maps/Menu.Menu:PersistentLevel.Menu'
[2016.04.05-21.23.27:023][ 70]LogBlueprintUserMessages: Early EndPlayMap Detection: Level '/Game/Game/Maps/Menu.Menu:PersistentLevel' has LevelScriptBlueprint '/Game/Game/Maps/Menu.Menu:PersistentLevel.Menu' with GeneratedClass '/Game/Game/Maps/Menu.Menu_C' with ClassGeneratedBy '/Game/Game/Maps/Menu.Menu:PersistentLevel.Menu'
[2016.04.05-21.23.27:135][ 70]LogBlueprintUserMessages: Late EndPlayMap Detection: Level '/Game/Game/Maps/Menu.Menu:PersistentLevel' has LevelScriptBlueprint '/Game/Game/Maps/Menu.Menu:PersistentLevel.Menu' with GeneratedClass '/Game/Game/Maps/Menu.Menu_C' with ClassGeneratedBy '/Game/Game/Maps/Menu.Menu:PersistentLevel.Menu'
[2016.04.05-21.23.27:182][ 70]LogParticles: Destroying 0 GPU particle simulations for FXSystem 0x000000582D518E00
[2016.04.05-21.23.27:283][ 70]LogRenderer: Reallocating scene render targets to support 1228x540 (Frame:567).
[2016.04.05-21.23.28:493][160]LogBlueprintUserMessages: Early PlayInEditor Detection: Level '/Game/Game/Maps/Menu.Menu:PersistentLevel' has LevelScriptBlueprint '/Game/Game/Maps/Menu.Menu:PersistentLevel.Menu' with GeneratedClass '/Game/Game/Maps/Menu.Menu_C' with ClassGeneratedBy '/Game/Game/Maps/Menu.Menu:PersistentLevel.Menu'
[2016.04.05-21.23.28:493][160]LogPlayLevel: PlayLevel: No blueprints needed recompiling
[2016.04.05-21.23.28:493][160]PIE: New page: Sesión PIE (reproducción en el editor): Menu (05/04/2016 11:23:28)
[2016.04.05-21.23.28:493][160]LogPlayLevel: Creating play world package: /Game/Game/Maps/UEDPIE_0_Menu
[2016.04.05-21.23.28:502][160]LogPlayLevel: PIE: StaticDuplicateObject took: (0.008954s)
[2016.04.05-21.23.28:504][160]LogAIModule: Creating AISystem for world Menu
[2016.04.05-21.23.28:504][160]LogPlayLevel: PIE: World Init took: (0.001410s)
[2016.04.05-21.23.28:504][160]LogPlayLevel: PIE: Created PIE world by copying editor world from /Game/Game/Maps/Menu.Menu to /Game/Game/Maps/UEDPIE_0_Menu.Menu (0.010723s)
[2016.04.05-21.23.28:582][160]LogInit: XAudio2 using 'Altavoces (Realtek High Definition Audio)' : 2 channels at 48 kHz using 32 bits per sample (channel mask 0x3)
[2016.04.05-21.23.28:636][160]LogInit: FAudioDevice initialized.
[2016.04.05-21.23.28:692][160]LogWorld: Game class is 'GameMode'
[2016.04.05-21.23.28:697][160]LogWorld: Bringing World /Game/Game/Maps/UEDPIE_0_Menu.Menu up for play (max tick rate 0) at 2016.04.05-16.23.28
[2016.04.05-21.23.28:697][160]LogActor:Warning: GameSession /Game/Game/Maps/UEDPIE_0_Menu.Menu:PersistentLevel.GameSession_1 has natively added scene component(s), but none of them were set as the actor's RootComponent - picking one arbitrarily
[2016.04.05-21.23.28:698][160]LogActor:Warning: GameNetworkManager /Game/Game/Maps/UEDPIE_0_Menu.Menu:PersistentLevel.GameNetworkManager_1 has natively added scene component(s), but none of them were set as the actor's RootComponent - picking one arbitrarily
[2016.04.05-21.23.28:698][160]LogWorld: Bringing up level for play took: 0.005139
[2016.04.05-21.23.28:704][160]PIE: Información Tiempo de inicio de la reproducción en el editor para  /Game/Game/Maps/UEDPIE_0_Menu -0.261
[2016.04.05-21.23.28:705][160]LogBlueprintUserMessages: Late PlayInEditor Detection: Level '/Game/Game/Maps/Menu.Menu:PersistentLevel' has LevelScriptBlueprint '/Game/Game/Maps/Menu.Menu:PersistentLevel.Menu' with GeneratedClass '/Game/Game/Maps/Menu.Menu_C' with ClassGeneratedBy '/Game/Game/Maps/Menu.Menu:PersistentLevel.Menu'
[2016.04.05-21.23.54:382][ 75]LogPackageName: SearchForPackageOnDisk took   0.464s to resolve Nivel1.umap.
[2016.04.05-21.23.54:659][ 76]LogPackageName: SearchForPackageOnDisk took   0.268s to resolve Nivel1.umap.
[2016.04.05-21.23.54:659][ 76]LogNet: Browse: /Game/Game/Maps/Nivel1
[2016.04.05-21.23.54:660][ 76]LogLoad: LoadMap: /Game/Game/Maps/Nivel1
[2016.04.05-21.23.54:707][ 76]LogParticles: Destroying 0 GPU particle simulations for FXSystem 0x00000058179C74C0
[2016.04.05-21.23.54:707][ 76]Cmd: MEM
[2016.04.05-21.23.54:753][ 76]LogMemory: Platform Memory Stats for Windows
[2016.04.05-21.23.54:753][ 76]LogMemory: Process Physical Memory: 607.12 MB used, 607.12 MB peak
[2016.04.05-21.23.54:753][ 76]LogMemory: Process Virtual Memory: 604.79 MB used, 604.79 MB peak
[2016.04.05-21.23.54:753][ 76]LogMemory: Physical Memory: 3713.71 MB used, 6024.27 MB total
[2016.04.05-21.23.54:753][ 76]LogMemory: Virtual Memory: 1280.25 MB used, 134217728.00 MB total
[2016.04.05-21.23.54:753][ 76]LogMemory: 
[2016.04.05-21.23.54:753][ 76]Allocator Stats for TBB: (not implemented)
[2016.04.05-21.24.15:021][ 76]LogAIModule: Creating AISystem for world Nivel1
[2016.04.05-21.24.15:022][ 76]LogWorld: Game class is 'ThirdPersonGameMode_C'
[2016.04.05-21.24.15:081][ 76]LogWorld: Bringing World /Game/Game/Maps/UEDPIE_0_Nivel1.Nivel1 up for play (max tick rate 0) at 2016.04.05-16.24.15
[2016.04.05-21.24.15:081][ 76]LogActor:Warning: GameSession /Game/Game/Maps/UEDPIE_0_Nivel1.Nivel1:PersistentLevel.GameSession_2 has natively added scene component(s), but none of them were set as the actor's RootComponent - picking one arbitrarily
[2016.04.05-21.24.15:082][ 76]LogActor:Warning: GameNetworkManager /Game/Game/Maps/UEDPIE_0_Nivel1.Nivel1:PersistentLevel.GameNetworkManager_2 has natively added scene component(s), but none of them were set as the actor's RootComponent - picking one arbitrarily
[2016.04.05-21.24.15:083][ 76]LogWorld: Bringing up level for play took: 0.060780
[2016.04.05-21.24.15:085][ 76]LogGameMode: Warning - PATHS NOT DEFINED or NO PLAYERSTART with positive rating
[2016.04.05-21.24.15:086][ 76]LogSpawn:Warning: SpawnActor failed because no class was specified
[2016.04.05-21.24.41:395][998]LogPackageName: SearchForPackageOnDisk took   0.244s to resolve Nivel2.umap.
[2016.04.05-21.24.41:568][999]LogPackageName: SearchForPackageOnDisk took   0.166s to resolve Nivel2.umap.
[2016.04.05-21.24.41:568][999]LogNet: Browse: /Game/Game/Maps/Nivel2
[2016.04.05-21.24.41:568][999]LogLoad: LoadMap: /Game/Game/Maps/Nivel2
[2016.04.05-21.24.41:616][999]LogParticles: Destroying 0 GPU particle simulations for FXSystem 0x000000583C486200
[2016.04.05-21.24.41:632][999]Cmd: MEM
[2016.04.05-21.24.41:666][999]LogMemory: Platform Memory Stats for Windows
[2016.04.05-21.24.41:666][999]LogMemory: Process Physical Memory: 1016.80 MB used, 1020.39 MB peak
[2016.04.05-21.24.41:666][999]LogMemory: Process Virtual Memory: 1021.98 MB used, 1026.72 MB peak
[2016.04.05-21.24.41:666][999]LogMemory: Physical Memory: 4020.66 MB used, 6024.27 MB total
[2016.04.05-21.24.41:666][999]LogMemory: Virtual Memory: 1717.76 MB used, 134217728.00 MB total
[2016.04.05-21.24.41:666][999]LogMemory: 
[2016.04.05-21.24.41:666][999]Allocator Stats for TBB: (not implemented)
[2016.04.05-21.24.47:569][999]LogAIModule: Creating AISystem for world Nivel2
[2016.04.05-21.24.47:569][999]LogWorld: Game class is 'ThirdPersonGameMode_C'
[2016.04.05-21.24.47:591][999]LogWorld: Bringing World /Game/Game/Maps/UEDPIE_0_Nivel2.Nivel2 up for play (max tick rate 0) at 2016.04.05-16.24.47
[2016.04.05-21.24.47:591][999]LogActor:Warning: GameSession /Game/Game/Maps/UEDPIE_0_Nivel2.Nivel2:PersistentLevel.GameSession_3 has natively added scene component(s), but none of them were set as the actor's RootComponent - picking one arbitrarily
[2016.04.05-21.24.47:592][999]LogActor:Warning: GameNetworkManager /Game/Game/Maps/UEDPIE_0_Nivel2.Nivel2:PersistentLevel.GameNetworkManager_3 has natively added scene component(s), but none of them were set as the actor's RootComponent - picking one arbitrarily
[2016.04.05-21.24.47:608][999]LogWorld: Bringing up level for play took: 0.037883
[2016.04.05-21.24.47:610][999]LogSpawn:Warning: SpawnActor failed because no class was specified
[2016.04.05-21.25.24:595][859]LogBlueprintUserMessages: Early EndPlayMap Detection: Level '/Game/Game/Maps/Menu.Menu:PersistentLevel' has LevelScriptBlueprint '/Game/Game/Maps/Menu.Menu:PersistentLevel.Menu' with GeneratedClass '/Game/Game/Maps/Menu.Menu_C' with ClassGeneratedBy '/Game/Game/Maps/Menu.Menu:PersistentLevel.Menu'
[2016.04.05-21.25.24:637][859]LogBlueprintUserMessages: Late EndPlayMap Detection: Level '/Game/Game/Maps/Menu.Menu:PersistentLevel' has LevelScriptBlueprint '/Game/Game/Maps/Menu.Menu:PersistentLevel.Menu' with GeneratedClass '/Game/Game/Maps/Menu.Menu_C' with ClassGeneratedBy '/Game/Game/Maps/Menu.Menu:PersistentLevel.Menu'
[2016.04.05-21.25.24:676][859]LogParticles: Destroying 0 GPU particle simulations for FXSystem 0x000000583AA98220
[2016.04.05-21.49.08:415][258]LogFactory: FactoryCreateBinary: Texture with ReimportTextureFactory (0 0 C:\Users\User\Downloads\icons-390.jpg)
[2016.04.05-21.49.08:486][258]LogTexture:Display: Generando texturas: icons-390 (BGRA8)
[2016.04.05-21.49.13:343][371]LogContentBrowser: Native class hierarchy updated for 'TextureEditor' in 0.0015 seconds. Added 1 classes and 2 folders.
[2016.04.05-21.49.44:136][ 39]Cmd: OBJ SAVEPACKAGE PACKAGE="/Game/Game/UserInterface/icons-390" FILE="../../../../../../Users/User/Documents/Unreal Projects/ProyectoUE2/Content/Game/UserInterface/icons-390.uasset" SILENT=true
[2016.04.05-21.49.44:496][ 39]LogSavePackage: Save=122.434303ms
[2016.04.05-21.49.44:496][ 39]LogSavePackage: Moving '../../../../../../Users/User/Documents/Unreal Projects/ProyectoUE2/Saved/icons-390EC2E265B47926E36124E21A405D07F48.tmp' to '../../../../../../Users/User/Documents/Unreal Projects/ProyectoUE2/Content/Game/UserInterface/icons-390.uasset'
[2016.04.05-21.49.44:523][ 39]LogSavePackage: Total save time: 365.695745ms
[2016.04.05-21.49.44:523][ 39]LogSavePackage:Display: Finished SavePackage ../../../../../../Users/User/Documents/Unreal Projects/ProyectoUE2/Content/Game/UserInterface/icons-390.uasset
[2016.04.05-21.55.20:300][847]LogLinker:Warning: Asset '../../../Engine/Content/ArtTools/RenderToTexture/Macros/RenderToTextureMacros.uasset' has been saved with empty engine version. The asset will be loaded but may be incompatible.
[2016.04.05-21.55.22:950][847]LogContentBrowser: Native class hierarchy updated for 'BlueprintGraph' in 0.0028 seconds. Added 107 classes and 0 folders.
[2016.04.05-21.55.26:312][847]LogRenderer: Reallocating scene render targets to support 1228x564 (Frame:6292).
[2016.04.05-21.59.22:702][968]BlueprintLog: New page: Compilar HUD_Prueba
[2016.04.05-21.59.23:374][968]BlueprintEditorCompileResults: Información [2327.35] Compile of HUD_Prueba successful! [in 672 ms]
[2016.04.05-22.00.06:278][255]LogFileHelpers: Editor autosave (incl. sublevels) for '/Game/Game/Maps/Menu' took 0.208
[2016.04.05-22.00.06:375][255]OBJ SavePackage: Generating thumbnails for [0] asset(s) in package [/Game/Game/UserInterface/HUD_Prueba] ([1] browsable assets)...
[2016.04.05-22.00.06:375][255]OBJ SavePackage: Finished generating thumbnails for package [/Game/Game/UserInterface/HUD_Prueba]
[2016.04.05-22.00.06:568][255]LogSavePackage: Save=182.655579ms
[2016.04.05-22.00.06:569][255]LogSavePackage: Moving '../../../../../../Users/User/Documents/Unreal Projects/ProyectoUE2/Saved/HUD_Prueba_Auto1D12CFAF446A4AD16DD8600B52D463294.tmp' to '../../../../../../Users/User/Documents/Unreal Projects/ProyectoUE2/Saved/Autosaves/Game/Game/UserInterface/HUD_Prueba_Auto1.uasset'
[2016.04.05-22.00.06:596][255]LogSavePackage: Total save time: 211.378805ms
[2016.04.05-22.00.06:596][255]LogSavePackage:Display: Finished SavePackage ../../../../../../Users/User/Documents/Unreal Projects/ProyectoUE2/Saved/Autosaves/Game/Game/UserInterface/HUD_Prueba_Auto1.uasset
[2016.04.05-22.00.06:596][255]LogFileHelpers: Auto-saving content packages took 0.317
[2016.04.05-22.01.19:473][672]BlueprintLog: New page: Compilar HUD_Prueba
[2016.04.05-22.01.19:784][672]BlueprintEditorCompileResults: Información [2443.76] Compile of HUD_Prueba successful! [in 310 ms]
[2016.04.05-22.01.27:476][ 90]BlueprintLog: New page: Compilar HUD_Prueba
[2016.04.05-22.01.27:785][ 90]BlueprintEditorCompileResults: Información [2451.76] Compile of HUD_Prueba successful! [in 309 ms]
[2016.04.05-22.03.20:001][791]LogMetaData: Removing '/Game/Game/UserInterface/ActorInterface.SKEL_ActorInterface_C' ref from Metadata '/Game/Game/UserInterface/NewInterface.PackageMetaData'
[2016.04.05-22.03.20:001][791]LogMetaData: Removing '/Game/Game/UserInterface/ActorInterface.ActorInterface_C' ref from Metadata '/Game/Game/UserInterface/NewInterface.PackageMetaData'
[2016.04.05-22.03.20:128][791]LogSavePackage: Save=10.717704ms
[2016.04.05-22.03.20:128][791]LogSavePackage: Moving '../../../../../../Users/User/Documents/Unreal Projects/ProyectoUE2/Saved/ActorInterface0C45092D4D5074C94AA581BF42592F2D.tmp' to '../../../../../../Users/User/Documents/Unreal Projects/ProyectoUE2/Content/Game/UserInterface/ActorInterface.uasset'
[2016.04.05-22.03.20:142][791]LogSavePackage: Total save time: 25.619369ms
[2016.04.05-22.03.20:142][791]LogSavePackage:Display: Finished SavePackage ../../../../../../Users/User/Documents/Unreal Projects/ProyectoUE2/Content/Game/UserInterface/ActorInterface.uasset
[2016.04.05-22.03.24:266][875]BlueprintLog: New page: Compilar ActorInterface
[2016.04.05-22.03.24:403][875]LogActorComponent: UnregisterComponent: (/Engine/Transient.CharMoveComp) Not registered. Aborting.
[2016.04.05-22.03.24:403][875]LogActorComponent: UnregisterComponent: (/Engine/Transient.PawnSensing_GEN_VARIABLE) Not registered. Aborting.
[2016.04.05-22.03.24:532][875]BlueprintEditorCompileResults: Información [2568.50] Compile of ActorInterface successful! [in 266 ms]
[2016.04.05-22.03.26:904][ 10]Cmd: OBJ SAVEPACKAGE PACKAGE="/Game/Game/UserInterface/HUD_Prueba" FILE="../../../../../../Users/User/Documents/Unreal Projects/ProyectoUE2/Content/Game/UserInterface/HUD_Prueba.uasset" SILENT=true
[2016.04.05-22.03.27:074][ 10]LogSavePackage: Save=163.684662ms
[2016.04.05-22.03.27:074][ 10]LogSavePackage: Moving '../../../../../../Users/User/Documents/Unreal Projects/ProyectoUE2/Saved/HUD_PruebaDFD6B35E4936DD2CE7473FA020FEA18F.tmp' to '../../../../../../Users/User/Documents/Unreal Projects/ProyectoUE2/Content/Game/UserInterface/HUD_Prueba.uasset'
[2016.04.05-22.03.27:095][ 10]LogSavePackage: Total save time: 185.361568ms
[2016.04.05-22.03.27:095][ 10]LogSavePackage:Display: Finished SavePackage ../../../../../../Users/User/Documents/Unreal Projects/ProyectoUE2/Content/Game/UserInterface/HUD_Prueba.uasset
[2016.04.05-22.03.57:990][759]LogSavePackage: Save=13.059635ms
[2016.04.05-22.03.57:990][759]LogSavePackage: Moving '../../../../../../Users/User/Documents/Unreal Projects/ProyectoUE2/Saved/ActorInterfaceC1BDD74647521F6C7E8A2FBEDC1C7F86.tmp' to '../../../../../../Users/User/Documents/Unreal Projects/ProyectoUE2/Content/Game/UserInterface/ActorInterface.uasset'
[2016.04.05-22.03.58:004][759]LogSavePackage: Total save time: 1122.609995ms
[2016.04.05-22.03.58:004][759]LogSavePackage:Display: Finished SavePackage ../../../../../../Users/User/Documents/Unreal Projects/ProyectoUE2/Content/Game/UserInterface/ActorInterface.uasset
[2016.04.05-22.08.39:860][399]BlueprintLog: New page: Compilar ActorInterface
[2016.04.05-22.08.40:196][399]BlueprintEditorCompileResults: Información [2884.17] Compile of ActorInterface successful! [in 334 ms]
[2016.04.05-22.10.08:439][837]LogFileHelpers: Editor autosave (incl. sublevels) for '/Game/Game/Maps/Menu' took 0.158
[2016.04.05-22.10.08:465][837]LogSavePackage: Save=5.076298ms
[2016.04.05-22.10.08:465][837]LogSavePackage: Moving '../../../../../../Users/User/Documents/Unreal Projects/ProyectoUE2/Saved/NewInterface_Auto2CF6C221F43A2D1BA487A5389C8047747.tmp' to '../../../../../../Users/User/Documents/Unreal Projects/ProyectoUE2/Saved/Autosaves/Game/Game/UserInterface/NewInterface_Auto2.uasset'
[2016.04.05-22.10.08:471][837]LogSavePackage: Total save time: 11.449445ms
[2016.04.05-22.10.08:471][837]LogSavePackage:Display: Finished SavePackage ../../../../../../Users/User/Documents/Unreal Projects/ProyectoUE2/Saved/Autosaves/Game/Game/UserInterface/NewInterface_Auto2.uasset
[2016.04.05-22.10.08:483][837]OBJ SavePackage: Generating thumbnails for [0] asset(s) in package [/Game/Game/UserInterface/ActorInterface] ([1] browsable assets)...
[2016.04.05-22.10.08:483][837]OBJ SavePackage: Finished generating thumbnails for package [/Game/Game/UserInterface/ActorInterface]
[2016.04.05-22.10.08:777][837]LogSavePackage: Save=21.911160ms
[2016.04.05-22.10.08:777][837]LogSavePackage: Moving '../../../../../../Users/User/Documents/Unreal Projects/ProyectoUE2/Saved/ActorInterface_Auto258C9259C444D93470687B7A37EC30952.tmp' to '../../../../../../Users/User/Documents/Unreal Projects/ProyectoUE2/Saved/Autosaves/Game/Game/UserInterface/ActorInterface_Auto2.uasset'
[2016.04.05-22.10.08:785][837]LogSavePackage: Total save time: 296.273377ms
[2016.04.05-22.10.08:785][837]LogSavePackage:Display: Finished SavePackage ../../../../../../Users/User/Documents/Unreal Projects/ProyectoUE2/Saved/Autosaves/Game/Game/UserInterface/ActorInterface_Auto2.uasset
[2016.04.05-22.10.08:785][837]LogFileHelpers: Auto-saving content packages took 0.344
[2016.04.05-22.11.26:428][307]Cmd: OBJ SAVEPACKAGE PACKAGE="/Game/Game/UserInterface/InventoryS" FILE="../../../../../../Users/User/Documents/Unreal Projects/ProyectoUE2/Content/Game/UserInterface/InventoryS.uasset" SILENT=true
[2016.04.05-22.11.26:441][307]LogSavePackage: Save=6.575400ms
[2016.04.05-22.11.26:441][307]LogSavePackage: Moving '../../../../../../Users/User/Documents/Unreal Projects/ProyectoUE2/Saved/InventoryS4C8A10BB4BE4A766C45907931368C545.tmp' to '../../../../../../Users/User/Documents/Unreal Projects/ProyectoUE2/Content/Game/UserInterface/InventoryS.uasset'
[2016.04.05-22.11.26:456][307]LogSavePackage: Total save time: 21.835689ms
[2016.04.05-22.11.26:456][307]LogSavePackage:Display: Finished SavePackage ../../../../../../Users/User/Documents/Unreal Projects/ProyectoUE2/Content/Game/UserInterface/InventoryS.uasset
[2016.04.05-22.12.12:860][937]LogMetaData: Removing '/Game/Game/UserInterface/InventoryStruct.InventoryStruct' ref from Metadata '/Game/Game/UserInterface/InventoryS.PackageMetaData'
[2016.04.05-22.12.12:860][937]LogMetaData: Removing '/Game/Game/UserInterface/InventoryStruct.InventoryStruct:MemberVar_0_13BFCBDF49D9A240A3A9639FD7085DE7' ref from Metadata '/Game/Game/UserInterface/InventoryS.PackageMetaData'
[2016.04.05-22.12.12:948][937]LogSavePackage: Save=9.085777ms
[2016.04.05-22.12.12:948][937]LogSavePackage: Moving '../../../../../../Users/User/Documents/Unreal Projects/ProyectoUE2/Saved/InventoryStruct4D8DB38746E99429EA1128BD299F4421.tmp' to '../../../../../../Users/User/Documents/Unreal Projects/ProyectoUE2/Content/Game/UserInterface/InventoryStruct.uasset'
[2016.04.05-22.12.12:960][937]LogSavePackage: Total save time: 21.920215ms
[2016.04.05-22.12.12:960][937]LogSavePackage:Display: Finished SavePackage ../../../../../../Users/User/Documents/Unreal Projects/ProyectoUE2/Content/Game/UserInterface/InventoryStruct.uasset
[2016.04.05-22.13.22:502][748]LogSavePackage: Save=12.929830ms
[2016.04.05-22.13.22:502][748]LogSavePackage: Moving '../../../../../../Users/User/Documents/Unreal Projects/ProyectoUE2/Saved/InventoryStructF38098DA47EFAAC46AAA79B99F979959.tmp' to '../../../../../../Users/User/Documents/Unreal Projects/ProyectoUE2/Content/Game/UserInterface/InventoryStruct.uasset'
[2016.04.05-22.13.22:517][748]LogSavePackage: Total save time: 296.465971ms
[2016.04.05-22.13.22:518][748]LogSavePackage:Display: Finished SavePackage ../../../../../../Users/User/Documents/Unreal Projects/ProyectoUE2/Content/Game/UserInterface/InventoryStruct.uasset
[2016.04.05-22.13.24:856][965]LogSavePackage: Save=18.280230ms
[2016.04.05-22.13.24:856][965]LogSavePackage: Moving '../../../../../../Users/User/Documents/Unreal Projects/ProyectoUE2/Saved/ActorInterfaceDF1498184317A67C3724DC8C21E3E407.tmp' to '../../../../../../Users/User/Documents/Unreal Projects/ProyectoUE2/Content/Game/UserInterface/ActorInterface.uasset'
[2016.04.05-22.13.24:872][965]LogSavePackage: Total save time: 271.729883ms
[2016.04.05-22.13.24:872][965]LogSavePackage:Display: Finished SavePackage ../../../../../../Users/User/Documents/Unreal Projects/ProyectoUE2/Content/Game/UserInterface/ActorInterface.uasset
[2016.04.05-22.14.20:099][ 35]LogSavePackage: Save=8.499539ms
[2016.04.05-22.14.20:099][ 35]LogSavePackage: Moving '../../../../../../Users/User/Documents/Unreal Projects/ProyectoUE2/Saved/InventoryStruct99ECD3EB43AB9408F9BCABA0299BC661.tmp' to '../../../../../../Users/User/Documents/Unreal Projects/ProyectoUE2/Content/Game/UserInterface/InventoryStruct.uasset'
[2016.04.05-22.14.20:113][ 35]LogSavePackage: Total save time: 294.242375ms
[2016.04.05-22.14.20:113][ 35]LogSavePackage:Display: Finished SavePackage ../../../../../../Users/User/Documents/Unreal Projects/ProyectoUE2/Content/Game/UserInterface/InventoryStruct.uasset
[2016.04.05-22.15.29:017][981]LogSavePackage: Save=8.803827ms
[2016.04.05-22.15.29:017][981]LogSavePackage: Moving '../../../../../../Users/User/Documents/Unreal Projects/ProyectoUE2/Saved/InventoryStructA39B5E784158FD1AAD356799EC14E6EA.tmp' to '../../../../../../Users/User/Documents/Unreal Projects/ProyectoUE2/Content/Game/UserInterface/InventoryStruct.uasset'
[2016.04.05-22.15.29:031][981]LogSavePackage: Total save time: 249.266900ms
[2016.04.05-22.15.29:031][981]LogSavePackage:Display: Finished SavePackage ../../../../../../Users/User/Documents/Unreal Projects/ProyectoUE2/Content/Game/UserInterface/InventoryStruct.uasset
[2016.04.05-22.15.44:181][850]LogSavePackage: Save=8.773037ms
[2016.04.05-22.15.44:181][850]LogSavePackage: Moving '../../../../../../Users/User/Documents/Unreal Projects/ProyectoUE2/Saved/InventoryStruct5A60A4C0473D168EE1A8C6BF43141696.tmp' to '../../../../../../Users/User/Documents/Unreal Projects/ProyectoUE2/Content/Game/UserInterface/InventoryStruct.uasset'
[2016.04.05-22.15.44:191][850]LogSavePackage: Total save time: 242.107674ms
[2016.04.05-22.15.44:191][850]LogSavePackage:Display: Finished SavePackage ../../../../../../Users/User/Documents/Unreal Projects/ProyectoUE2/Content/Game/UserInterface/InventoryStruct.uasset
[2016.04.05-22.16.03:257][222]LogSavePackage: Save=8.842467ms
[2016.04.05-22.16.03:258][222]LogSavePackage: Moving '../../../../../../Users/User/Documents/Unreal Projects/ProyectoUE2/Saved/InventoryStructE17AA4374B2E0D567BAB989E088F48DA.tmp' to '../../../../../../Users/User/Documents/Unreal Projects/ProyectoUE2/Content/Game/UserInterface/InventoryStruct.uasset'
[2016.04.05-22.16.03:265][222]LogSavePackage: Total save time: 251.051575ms
[2016.04.05-22.16.03:265][222]LogSavePackage:Display: Finished SavePackage ../../../../../../Users/User/Documents/Unreal Projects/ProyectoUE2/Content/Game/UserInterface/InventoryStruct.uasset
[2016.04.05-22.17.15:424][118]LogActorComponent: UnregisterComponent: (/Engine/Transient.CharMoveComp) Not registered. Aborting.
[2016.04.05-22.17.15:424][118]LogActorComponent: UnregisterComponent: (/Engine/Transient.PawnSensing_GEN_VARIABLE) Not registered. Aborting.
[2016.04.05-22.17.15:567][118]LogMetaData: Removing '/Game/Game/UserInterface/CallPickup.CallPickup:UserConstructionScript.K2Node_FunctionEntry_220' ref from Metadata '/Game/Game/UserInterface/NewBlueprint.PackageMetaData'
[2016.04.05-22.17.15:567][118]LogMetaData: Removing '/Game/Game/UserInterface/CallPickup.SKEL_CallPickup_C' ref from Metadata '/Game/Game/UserInterface/NewBlueprint.PackageMetaData'
[2016.04.05-22.17.15:567][118]LogMetaData: Removing '/Game/Game/UserInterface/CallPickup.CallPickup_C' ref from Metadata '/Game/Game/UserInterface/NewBlueprint.PackageMetaData'
[2016.04.05-22.17.15:567][118]LogMetaData: Removing '/Game/Game/UserInterface/CallPickup.CallPickup:EventGraph.K2Node_Event_212' ref from Metadata '/Game/Game/UserInterface/NewBlueprint.PackageMetaData'
[2016.04.05-22.17.15:567][118]LogMetaData: Removing '/Game/Game/UserInterface/CallPickup.CallPickup:EventGraph.K2Node_Event_213' ref from Metadata '/Game/Game/UserInterface/NewBlueprint.PackageMetaData'
[2016.04.05-22.17.15:567][118]LogMetaData: Removing '/Game/Game/UserInterface/CallPickup.CallPickup:EventGraph.K2Node_Event_214' ref from Metadata '/Game/Game/UserInterface/NewBlueprint.PackageMetaData'
[2016.04.05-22.17.15:638][118]Cmd: OBJ SAVEPACKAGE PACKAGE="/Game/Game/UserInterface/CallPickup" FILE="../../../../../../Users/User/Documents/Unreal Projects/ProyectoUE2/Content/Game/UserInterface/CallPickup.uasset" SILENT=true
[2016.04.05-22.17.15:681][118]LogSavePackage: Save=38.179707ms
[2016.04.05-22.17.15:682][118]LogSavePackage: Moving '../../../../../../Users/User/Documents/Unreal Projects/ProyectoUE2/Saved/CallPickup10D8BBF64C616BE02B1BA59F219C8610.tmp' to '../../../../../../Users/User/Documents/Unreal Projects/ProyectoUE2/Content/Game/UserInterface/CallPickup.uasset'
[2016.04.05-22.17.15:698][118]LogSavePackage: Total save time: 56.009538ms
[2016.04.05-22.17.15:698][118]LogSavePackage:Display: Finished SavePackage ../../../../../../Users/User/Documents/Unreal Projects/ProyectoUE2/Content/Game/UserInterface/CallPickup.uasset
[2016.04.05-22.21.42:240][399]BlueprintLog: New page: Compilar CallPickup
[2016.04.05-22.21.42:399][399]LogActorComponent: UnregisterComponent: (/Engine/Transient.CharMoveComp) Not registered. Aborting.
[2016.04.05-22.21.42:399][399]LogActorComponent: UnregisterComponent: (/Engine/Transient.PawnSensing_GEN_VARIABLE) Not registered. Aborting.
[2016.04.05-22.21.42:522][399]LogParticles: Destroying 0 GPU particle simulations for FXSystem 0x000000583A737F60
[2016.04.05-22.21.42:527][399]LogParticles: Destroying 0 GPU particle simulations for FXSystem 0x000000587B2EDBC0
[2016.04.05-22.21.42:543][399]BlueprintEditorCompileResults: Información [3666.51] Compile of CallPickup successful! [in 303 ms]
[2016.04.05-22.21.43:937][468]Cmd: OBJ SAVEPACKAGE PACKAGE="/Game/Game/UserInterface/CallPickup" FILE="../../../../../../Users/User/Documents/Unreal Projects/ProyectoUE2/Content/Game/UserInterface/CallPickup.uasset" SILENT=true
[2016.04.05-22.21.44:252][468]LogSavePackage: Save=43.813866ms
[2016.04.05-22.21.44:252][468]LogSavePackage: Moving '../../../../../../Users/User/Documents/Unreal Projects/ProyectoUE2/Saved/CallPickupFD392E9547AA7EDE665CE5A0A4746F25.tmp' to '../../../../../../Users/User/Documents/Unreal Projects/ProyectoUE2/Content/Game/UserInterface/CallPickup.uasset'
[2016.04.05-22.21.44:267][468]LogSavePackage: Total save time: 324.683260ms
[2016.04.05-22.21.44:267][468]LogSavePackage:Display: Finished SavePackage ../../../../../../Users/User/Documents/Unreal Projects/ProyectoUE2/Content/Game/UserInterface/CallPickup.uasset
[2016.04.05-22.21.50:283][780]LogActorComponent: UnregisterComponent: (/Engine/Transient.EditorFloorComp) Not registered. Aborting.
[2016.04.05-22.22.07:912][ 11]LogFileHelpers: Editor autosave (incl. sublevels) for '/Game/Game/Maps/Menu' took 0.168
[2016.04.05-22.22.07:947][ 11]LogSavePackage: Save=4.698353ms
[2016.04.05-22.22.07:947][ 11]LogSavePackage: Moving '../../../../../../Users/User/Documents/Unreal Projects/ProyectoUE2/Saved/NewBlueprint_Auto3552FBE0946722564CEDBDA9DBAFD7A25.tmp' to '../../../../../../Users/User/Documents/Unreal Projects/ProyectoUE2/Saved/Autosaves/Game/Game/UserInterface/NewBlueprint_Auto3.uasset'
[2016.04.05-22.22.07:958][ 11]LogSavePackage: Total save time: 16.497366ms
[2016.04.05-22.22.07:958][ 11]LogSavePackage:Display: Finished SavePackage ../../../../../../Users/User/Documents/Unreal Projects/ProyectoUE2/Saved/Autosaves/Game/Game/UserInterface/NewBlueprint_Auto3.uasset
[2016.04.05-22.22.07:958][ 11]LogFileHelpers: Auto-saving content packages took 0.043
[2016.04.05-22.22.56:360][254]Cmd: OBJ SAVEPACKAGE PACKAGE="/Game/Game/UserInterface/NewBlueprint" FILE="../../../../../../Users/User/Documents/Unreal Projects/ProyectoUE2/Content/Game/UserInterface/NewBlueprint.uasset" SILENT=true
[2016.04.05-22.22.56:373][254]LogSavePackage: Save=6.764373ms
[2016.04.05-22.22.56:373][254]LogSavePackage: Moving '../../../../../../Users/User/Documents/Unreal Projects/ProyectoUE2/Saved/NewBlueprintA774368D4A103A1113DACF985BEE0547.tmp' to '../../../../../../Users/User/Documents/Unreal Projects/ProyectoUE2/Content/Game/UserInterface/NewBlueprint.uasset'
[2016.04.05-22.22.56:393][254]LogSavePackage: Total save time: 27.344875ms
[2016.04.05-22.22.56:393][254]LogSavePackage:Display: Finished SavePackage ../../../../../../Users/User/Documents/Unreal Projects/ProyectoUE2/Content/Game/UserInterface/NewBlueprint.uasset
[2016.04.05-22.22.56:416][254]Cmd: OBJ SAVEPACKAGE PACKAGE="/Game/Game/UserInterface/NewInterface" FILE="../../../../../../Users/User/Documents/Unreal Projects/ProyectoUE2/Content/Game/UserInterface/NewInterface.uasset" SILENT=true
[2016.04.05-22.22.56:431][254]LogSavePackage: Save=7.215975ms
[2016.04.05-22.22.56:431][254]LogSavePackage: Moving '../../../../../../Users/User/Documents/Unreal Projects/ProyectoUE2/Saved/NewInterfaceDE60E82342AEA8A915065CA25D76C21E.tmp' to '../../../../../../Users/User/Documents/Unreal Projects/ProyectoUE2/Content/Game/UserInterface/NewInterface.uasset'
[2016.04.05-22.22.56:446][254]LogSavePackage: Total save time: 23.742322ms
[2016.04.05-22.22.56:446][254]LogSavePackage:Display: Finished SavePackage ../../../../../../Users/User/Documents/Unreal Projects/ProyectoUE2/Content/Game/UserInterface/NewInterface.uasset
[2016.04.05-22.22.57:088][254]LogWindowsTextInputMethodSystem:Display: IME system now deactivated.
[2016.04.05-22.22.57:090][254]LogWindowsTextInputMethodSystem:Display: IME system now deactivated.
[2016.04.05-22.22.57:894][255]Cmd: QUIT_EDITOR
[2016.04.05-22.22.58:844][255]LogExit: Preparing to exit.
[2016.04.05-22.22.59:501][255]LogExit: Editor shut down
[2016.04.05-22.22.59:502][255]LogExit: Transaction tracking system shut down
[2016.04.05-22.22.59:512][255]LogParticles: Destroying 0 GPU particle simulations for FXSystem 0x0000005817AED760
[2016.04.05-22.22.59:513][255]LogParticles: Destroying 0 GPU particle simulations for FXSystem 0x000000582DECB880
[2016.04.05-22.22.59:513][255]LogParticles: Destroying 0 GPU particle simulations for FXSystem 0x000000582E3468E0
[2016.04.05-22.22.59:520][255]LogParticles: Destroying 0 GPU particle simulations for FXSystem 0x000000583AB27CE0
[2016.04.05-22.22.59:536][255]LogParticles: Destroying 0 GPU particle simulations for FXSystem 0x00000058834FBEC0
[2016.04.05-22.22.59:536][255]LogParticles: Destroying 0 GPU particle simulations for FXSystem 0x000000587C865120
[2016.04.05-22.23.01:379][255]LogExit: Object subsystem successfully closed.
[2016.04.05-22.23.01:442][255]LogD3D11RHI: Shutdown
[2016.04.05-22.23.01:442][255]LogD3D11RHI: CleanupD3DDevice
[2016.04.05-22.23.01:740][255]LogD3D11RHI: ~FD3D11DynamicRHI
[2016.04.05-22.23.02:259][255]LogModuleManager: Shutting down and abandoning module BlueprintGraph (201)
[2016.04.05-22.23.02:259][255]LogModuleManager: Shutting down and abandoning module CookingStats (200)
[2016.04.05-22.23.02:259][255]LogModuleManager: Shutting down and abandoning module TextureEditor (199)
[2016.04.05-22.23.02:259][255]LogModuleManager: Shutting down and abandoning module CrashTracker (198)
[2016.04.05-22.23.02:259][255]LogModuleManager: Shutting down and abandoning module SceneOutliner (197)
[2016.04.05-22.23.02:259][255]LogModuleManager: Shutting down and abandoning module SuperSearch (196)
[2016.04.05-22.23.02:259][255]LogModuleManager: Shutting down and abandoning module WidgetCarousel (195)
[2016.04.05-22.23.02:259][255]LogModuleManager: Shutting down and abandoning module AddContentDialog (194)
[2016.04.05-22.23.02:323][255]LogModuleManager: Shutting down and abandoning module EditorWidgets (193)
[2016.04.05-22.23.02:323][255]LogModuleManager: Shutting down and abandoning module CollectionManager (192)
[2016.04.05-22.23.02:327][255]LogModuleManager: Shutting down and abandoning module StatsViewer (191)
[2016.04.05-22.23.02:353][255]LogModuleManager: Shutting down and abandoning module FoliageEdit (190)
[2016.04.05-22.23.02:353][255]LogModuleManager: Shutting down and abandoning module LandscapeEditor (189)
[2016.04.05-22.23.02:353][255]LogModuleManager: Shutting down and abandoning module ActorPickerMode (188)
[2016.04.05-22.23.02:353][255]LogModuleManager: Shutting down and abandoning module GeometryMode (187)
[2016.04.05-22.23.02:353][255]LogModuleManager: Shutting down and abandoning module TextureAlignMode (186)
[2016.04.05-22.23.02:353][255]LogModuleManager: Shutting down and abandoning module BspMode (185)
[2016.04.05-22.23.02:354][255]LogModuleManager: Shutting down and abandoning module PlacementMode (184)
[2016.04.05-22.23.02:354][255]LogModuleManager: Shutting down and abandoning module AutomationWorker (183)
[2016.04.05-22.23.02:354][255]LogModuleManager: Shutting down and abandoning module CharacterAI (182)
[2016.04.05-22.23.02:354][255]LogModuleManager: Shutting down and abandoning module SmartSnapping (181)
[2016.04.05-22.23.02:354][255]LogModuleManager: Shutting down and abandoning module ViewportSnapping (180)
[2016.04.05-22.23.02:354][255]LogModuleManager: Shutting down and abandoning module LogVisualizer (179)
[2016.04.05-22.23.02:354][255]LogModuleManager: Shutting down and abandoning module GameProjectGeneration (178)
[2016.04.05-22.23.02:427][255]LogModuleManager: Shutting down and abandoning module IntroTutorials (177)
[2016.04.05-22.23.02:428][255]LogModuleManager: Shutting down and abandoning module EditorLiveStreaming (176)
[2016.04.05-22.23.02:429][255]LogModuleManager: Shutting down and abandoning module IOSPlatformEditor (175)
[2016.04.05-22.23.02:429][255]LogModuleManager: Shutting down and abandoning module HTML5PlatformEditor (174)
[2016.04.05-22.23.02:429][255]LogModuleManager: Shutting down and abandoning module AndroidDeviceDetection (173)
[2016.04.05-22.23.03:088][255]LogModuleManager: Shutting down and abandoning module AndroidPlatformEditor (172)
[2016.04.05-22.23.03:088][255]LogModuleManager: Shutting down and abandoning module IOSRuntimeSettings (171)
[2016.04.05-22.23.03:088][255]LogModuleManager: Shutting down and abandoning module AndroidRuntimeSettings (170)
[2016.04.05-22.23.03:088][255]LogModuleManager: Shutting down and abandoning module MergeActors (169)
[2016.04.05-22.23.03:088][255]LogModuleManager: Shutting down and abandoning module SizeMap (168)
[2016.04.05-22.23.03:088][255]LogModuleManager: Shutting down and abandoning module TreeMap (167)
[2016.04.05-22.23.03:088][255]LogModuleManager: Shutting down and abandoning module ReferenceViewer (166)
[2016.04.05-22.23.03:088][255]LogModuleManager: Shutting down and abandoning module LocalizationService (165)
[2016.04.05-22.23.03:088][255]LogModuleManager: Shutting down and abandoning module LocalizationDashboard (164)
[2016.04.05-22.23.03:088][255]LogModuleManager: Shutting down and abandoning module HardwareTargeting (163)
[2016.04.05-22.23.03:098][255]LogModuleManager: Shutting down and abandoning module DeviceProfileEditor (162)
[2016.04.05-22.23.03:098][255]LogModuleManager: Shutting down and abandoning module UndoHistory (161)
[2016.04.05-22.23.03:098][255]LogModuleManager: Shutting down and abandoning module GameplayTagsEditor (160)
[2016.04.05-22.23.03:098][255]LogModuleManager: Shutting down and abandoning module UserFeedback (159)
[2016.04.05-22.23.03:098][255]LogModuleManager: Shutting down and abandoning module XmlParser (158)
[2016.04.05-22.23.03:098][255]LogModuleManager: Shutting down and abandoning module Blutility (157)
[2016.04.05-22.23.03:098][255]LogModuleManager: Shutting down and abandoning module ProjectTargetPlatformEditor (156)
[2016.04.05-22.23.03:099][255]LogModuleManager: Shutting down and abandoning module ProjectSettingsViewer (155)
[2016.04.05-22.23.03:099][255]LogModuleManager: Shutting down and abandoning module InputBindingEditor (154)
[2016.04.05-22.23.03:099][255]LogModuleManager: Shutting down and abandoning module EditorSettingsViewer (153)
[2016.04.05-22.23.03:099][255]LogModuleManager: Shutting down and abandoning module SettingsEditor (152)
[2016.04.05-22.23.03:099][255]LogModuleManager: Shutting down and abandoning module ProjectLauncher (151)
[2016.04.05-22.23.03:099][255]LogModuleManager: Shutting down and abandoning module SessionFrontend (150)
[2016.04.05-22.23.03:100][255]LogModuleManager: Shutting down and abandoning module ProfilerClient (149)
[2016.04.05-22.23.03:100][255]LogModuleManager: Shutting down and abandoning module TargetDeviceServices (148)
[2016.04.05-22.23.03:100][255]LogModuleManager: Shutting down and abandoning module DeviceManager (147)
[2016.04.05-22.23.03:100][255]LogModuleManager: Shutting down and abandoning module AutomationController (146)
[2016.04.05-22.23.03:100][255]LogModuleManager: Shutting down and abandoning module AutomationWindow (145)
[2016.04.05-22.23.03:100][255]LogModuleManager: Shutting down and abandoning module Layers (144)
[2016.04.05-22.23.03:100][255]LogModuleManager: Shutting down and abandoning module ComponentVisualizers (143)
[2016.04.05-22.23.03:100][255]LogModuleManager: Shutting down and abandoning module DetailCustomizations (142)
[2016.04.05-22.23.03:100][255]LogModuleManager: Shutting down and abandoning module PackagesDialog (141)
[2016.04.05-22.23.03:101][255]LogModuleManager: Shutting down and abandoning module Persona (140)
[2016.04.05-22.23.03:101][255]LogModuleManager: Shutting down and abandoning module Kismet (139)
[2016.04.05-22.23.03:118][255]LogModuleManager: Shutting down and abandoning module GraphEditor (138)
[2016.04.05-22.23.03:118][255]LogModuleManager: Shutting down and abandoning module ClassViewer (137)
[2016.04.05-22.23.03:122][255]LogModuleManager: Shutting down and abandoning module Toolbox (136)
[2016.04.05-22.23.03:122][255]LogModuleManager: Shutting down and abandoning module ModuleUI (135)
[2016.04.05-22.23.03:122][255]LogModuleManager: Shutting down and abandoning module MovieSceneTools (134)
[2016.04.05-22.23.03:122][255]LogModuleManager: Shutting down and abandoning module OutputLog (133)
[2016.04.05-22.23.03:122][255]LogModuleManager: Shutting down and abandoning module GammaUI (132)
[2016.04.05-22.23.03:122][255]LogModuleManager: Shutting down and abandoning module Documentation (131)
[2016.04.05-22.23.03:122][255]LogModuleManager: Shutting down and abandoning module GameLiveStreaming (130)
[2016.04.05-22.23.03:122][255]LogModuleManager: Shutting down and abandoning module StreamingPauseRendering (129)
[2016.04.05-22.23.03:122][255]LogModuleManager: Shutting down and abandoning module AnalyticsET (128)
[2016.04.05-22.23.03:122][255]LogModuleManager: Shutting down and abandoning module Analytics (127)
[2016.04.05-22.23.03:122][255]LogModuleManager: Shutting down and abandoning module AITestSuite (126)
[2016.04.05-22.23.03:122][255]LogModuleManager: Shutting down and abandoning module GameplayDebugger (125)
[2016.04.05-22.23.03:122][255]LogModuleManager: Shutting down and abandoning module AIModule (124)
[2016.04.05-22.23.03:122][255]LogModuleManager: Shutting down and abandoning module ProfilerService (123)
[2016.04.05-22.23.03:319][255]LogModuleManager: Shutting down and abandoning module TaskGraph (122)
[2016.04.05-22.23.03:319][255]LogModuleManager: Shutting down and abandoning module SlateRemote (121)
[2016.04.05-22.23.03:319][255]LogModuleManager: Shutting down and abandoning module SteamVRController (120)
[2016.04.05-22.23.03:319][255]LogModuleManager: Shutting down and abandoning module SteamVR (119)
[2016.04.05-22.23.03:319][255]LogModuleManager: Shutting down and abandoning module ProceduralMeshComponent (118)
[2016.04.05-22.23.03:319][255]LogModuleManager: Shutting down and abandoning module OculusLibrary (117)
[2016.04.05-22.23.03:319][255]LogModuleManager: Shutting down and abandoning module OculusInput (116)
[2016.04.05-22.23.03:320][255]LogModuleManager: Shutting down and abandoning module LeapMotionController (115)
[2016.04.05-22.23.03:369][255]LogModuleManager: Shutting down and abandoning module CustomMeshComponent (114)
[2016.04.05-22.23.03:369][255]LogModuleManager: Shutting down and abandoning module CableComponent (113)
[2016.04.05-22.23.03:369][255]LogModuleManager: Shutting down and abandoning module ArchVisCharacter (112)
[2016.04.05-22.23.03:369][255]LogModuleManager: Shutting down and abandoning module MessagingDebugger (111)
[2016.04.05-22.23.03:370][255]LogModuleManager: Shutting down and abandoning module MediaPlayerEditor (110)
[2016.04.05-22.23.03:370][255]LogModuleManager: Shutting down and abandoning module HTML5Networking (109)
[2016.04.05-22.23.03:370][255]LogModuleManager: Shutting down and abandoning module SpeedTreeImporter (108)
[2016.04.05-22.23.03:370][255]LogModuleManager: Shutting down and abandoning module PluginBrowser (107)
[2016.04.05-22.23.03:371][255]LogModuleManager: Shutting down and abandoning module EpicSurvey (106)
[2016.04.05-22.23.03:372][255]LogModuleManager: Shutting down and abandoning module DesktopPlatform (105)
[2016.04.05-22.23.03:445][255]LogModuleManager: Shutting down and abandoning module VisualStudioSourceCodeAccess (104)
[2016.04.05-22.23.03:445][255]LogModuleManager: Shutting down and abandoning module UObjectPlugin (103)
[2016.04.05-22.23.03:445][255]LogModuleManager: Shutting down and abandoning module SubversionSourceControl (102)
[2016.04.05-22.23.03:445][255]LogModuleManager: Shutting down and abandoning module PerforceSourceControl (101)
[2016.04.05-22.23.03:445][255]LogModuleManager: Shutting down and abandoning module SourceControl (100)
[2016.04.05-22.23.03:523][255]LogModuleManager: Shutting down and abandoning module GitSourceControl (99)
[2016.04.05-22.23.03:523][255]LogModuleManager: Shutting down and abandoning module LightPropagationVolumeEditor (98)
[2016.04.05-22.23.03:523][255]LogModuleManager: Shutting down and abandoning module PaperTiledImporter (97)
[2016.04.05-22.23.03:523][255]LogModuleManager: Shutting down and abandoning module PaperSpriteSheetImporter (96)
[2016.04.05-22.23.03:523][255]LogModuleManager: Shutting down and abandoning module MeshPaint (95)
[2016.04.05-22.23.03:523][255]LogModuleManager: Shutting down and abandoning module SlateReflector (94)
[2016.04.05-22.23.03:523][255]LogModuleManager: Shutting down and abandoning module HotReload (93)
[2016.04.05-22.23.03:523][255]LogModuleManager: Shutting down and abandoning module MainFrame (92)
[2016.04.05-22.23.03:523][255]LogModuleManager: Shutting down and abandoning module LevelEditor (91)
[2016.04.05-22.23.03:526][255]LogModuleManager: Shutting down and abandoning module DirectoryWatcher (90)
[2016.04.05-22.23.03:535][255]LogModuleManager: Shutting down and abandoning module AssetRegistry (89)
[2016.04.05-22.23.03:781][255]LogModuleManager: Shutting down and abandoning module ContentBrowser (88)
[2016.04.05-22.23.03:785][255]LogModuleManager: Shutting down and abandoning module Paper2DEditor (87)
[2016.04.05-22.23.03:785][255]LogModuleManager: Shutting down and abandoning module UdpMessaging (86)
[2016.04.05-22.23.03:886][255]LogModuleManager: Shutting down and abandoning module LightPropagationVolumeRuntime (85)
[2016.04.05-22.23.03:886][255]LogModuleManager: Shutting down and abandoning module Paper2D (84)
[2016.04.05-22.23.03:886][255]LogModuleManager: Shutting down and abandoning module WindowsMoviePlayer (83)
[2016.04.05-22.23.03:896][255]LogModuleManager: Shutting down and abandoning module Media (82)
[2016.04.05-22.23.03:896][255]LogModuleManager: Shutting down and abandoning module WmfMedia (81)
[2016.04.05-22.23.03:897][255]LogModuleManager: Shutting down and abandoning module OnlineBlueprintSupport (80)
[2016.04.05-22.23.03:897][255]LogModuleManager: Shutting down and abandoning module GameplayTasksEditor (79)
[2016.04.05-22.23.03:897][255]LogModuleManager: Shutting down and abandoning module PropertyEditor (78)
[2016.04.05-22.23.03:897][255]LogModuleManager: Shutting down and abandoning module BehaviorTreeEditor (77)
[2016.04.05-22.23.03:897][255]LogModuleManager: Shutting down and abandoning module FunctionalTesting (76)
[2016.04.05-22.23.03:897][255]LogModuleManager: Shutting down and abandoning module CollisionAnalyzer (75)
[2016.04.05-22.23.03:897][255]LogModuleManager: Shutting down and abandoning module WorkspaceMenuStructure (74)
[2016.04.05-22.23.03:898][255]LogModuleManager: Shutting down and abandoning module MessageLog (73)
[2016.04.05-22.23.03:898][255]LogModuleManager: Shutting down and abandoning module Sequencer (72)
[2016.04.05-22.23.03:898][255]LogModuleManager: Shutting down and abandoning module AssetTools (71)
[2016.04.05-22.23.03:898][255]LogModuleManager: Shutting down and abandoning module UMGEditor (70)
[2016.04.05-22.23.03:898][255]LogModuleManager: Shutting down and abandoning module UMG (69)
[2016.04.05-22.23.03:898][255]LogModuleManager: Shutting down and abandoning module Slate (68)
[2016.04.05-22.23.03:898][255]LogModuleManager: Shutting down and abandoning module EditorStyle (67)
[2016.04.05-22.23.03:914][255]LogModuleManager: Shutting down and abandoning module SessionServices (66)
[2016.04.05-22.23.03:914][255]LogModuleManager: Shutting down and abandoning module SourceCodeAccess (65)
[2016.04.05-22.23.03:914][255]LogModuleManager: Shutting down and abandoning module HeadMountedDisplay (64)
[2016.04.05-22.23.03:914][255]LogModuleManager: Shutting down and abandoning module XAudio2 (63)
[2016.04.05-22.23.03:914][255]LogModuleManager: Shutting down and abandoning module Networking (61)
[2016.04.05-22.23.03:914][255]LogModuleManager: Shutting down and abandoning module Core (60)
[2016.04.05-22.23.03:914][255]LogModuleManager: Shutting down and abandoning module KismetCompiler (59)
[2016.04.05-22.23.03:914][255]LogModuleManager: Shutting down and abandoning module PhysXFormats (58)
[2016.04.05-22.23.03:914][255]LogModuleManager: Shutting down and abandoning module MeshUtilities (57)
[2016.04.05-22.23.03:915][255]LogModuleManager: Shutting down and abandoning module DerivedDataCache (56)
[2016.04.05-22.23.03:920][255]LogDerivedDataCache: Shutdown
[2016.04.05-22.23.03:921][255]LogModuleManager: Shutting down and abandoning module ShaderFormatOpenGL (55)
[2016.04.05-22.23.03:921][255]LogModuleManager: Shutting down and abandoning module ShaderFormatD3D (54)
[2016.04.05-22.23.03:921][255]LogModuleManager: Shutting down and abandoning module MetalShaderFormat (53)
[2016.04.05-22.23.03:921][255]LogModuleManager: Shutting down and abandoning module TextureFormatUncompressed (52)
[2016.04.05-22.23.03:921][255]LogModuleManager: Shutting down and abandoning module TextureFormatPVR (51)
[2016.04.05-22.23.03:921][255]LogModuleManager: Shutting down and abandoning module TextureFormatIntelISPCTexComp (50)
[2016.04.05-22.23.03:921][255]LogModuleManager: Shutting down and abandoning module TextureFormatDXT (49)
[2016.04.05-22.23.03:922][255]LogModuleManager: Shutting down and abandoning module ImageWrapper (48)
[2016.04.05-22.23.03:922][255]LogModuleManager: Shutting down and abandoning module TextureFormatASTC (47)
[2016.04.05-22.23.03:922][255]LogModuleManager: Shutting down and abandoning module TextureFormatAndroid (46)
[2016.04.05-22.23.03:922][255]LogModuleManager: Shutting down and abandoning module AudioFormatOpus (45)
[2016.04.05-22.23.03:922][255]LogModuleManager: Shutting down and abandoning module AudioFormatOgg (44)
[2016.04.05-22.23.03:923][255]LogModuleManager: Shutting down and abandoning module AudioFormatADPCM (43)
[2016.04.05-22.23.03:923][255]LogModuleManager: Shutting down and abandoning module LinuxTargetPlatform (42)
[2016.04.05-22.23.03:924][255]LogModuleManager: Shutting down and abandoning module LinuxServerTargetPlatform (41)
[2016.04.05-22.23.03:924][255]LogModuleManager: Shutting down and abandoning module LinuxNoEditorTargetPlatform (40)
[2016.04.05-22.23.03:924][255]LogModuleManager: Shutting down and abandoning module Messaging (39)
[2016.04.05-22.23.03:925][255]LogModuleManager: Shutting down and abandoning module IOSTargetPlatform (38)
[2016.04.05-22.23.03:925][255]LogModuleManager: Shutting down and abandoning module HTML5TargetPlatform (37)
[2016.04.05-22.23.03:925][255]LogModuleManager: Shutting down and abandoning module Android_PVRTCTargetPlatform (36)
[2016.04.05-22.23.03:925][255]LogModuleManager: Shutting down and abandoning module Android_MultiTargetPlatform (35)
[2016.04.05-22.23.03:925][255]LogModuleManager: Shutting down and abandoning module Android_ETC2TargetPlatform (34)
[2016.04.05-22.23.03:925][255]LogModuleManager: Shutting down and abandoning module Android_ETC1TargetPlatform (33)
[2016.04.05-22.23.03:925][255]LogModuleManager: Shutting down and abandoning module Android_DXTTargetPlatform (32)
[2016.04.05-22.23.03:925][255]LogModuleManager: Shutting down and abandoning module Android_ATCTargetPlatform (31)
[2016.04.05-22.23.03:925][255]LogModuleManager: Shutting down and abandoning module Android_ASTCTargetPlatform (30)
[2016.04.05-22.23.03:926][255]LogModuleManager: Shutting down and abandoning module AndroidTargetPlatform (29)
[2016.04.05-22.23.03:926][255]LogModuleManager: Shutting down and abandoning module WindowsTargetPlatform (28)
[2016.04.05-22.23.03:926][255]LogModuleManager: Shutting down and abandoning module WindowsServerTargetPlatform (27)
[2016.04.05-22.23.03:926][255]LogModuleManager: Shutting down and abandoning module WindowsNoEditorTargetPlatform (26)
[2016.04.05-22.23.03:926][255]LogModuleManager: Shutting down and abandoning module WindowsClientTargetPlatform (25)
[2016.04.05-22.23.03:926][255]LogModuleManager: Shutting down and abandoning module AllDesktopTargetPlatform (24)
[2016.04.05-22.23.03:926][255]LogModuleManager: Shutting down and abandoning module TargetPlatform (23)
[2016.04.05-22.23.03:926][255]LogModuleManager: Shutting down and abandoning module InputCore (22)
[2016.04.05-22.23.03:926][255]LogModuleManager: Shutting down and abandoning module Settings (21)
[2016.04.05-22.23.03:927][255]LogModuleManager: Shutting down and abandoning module OnlineSubsystem (19)
[2016.04.05-22.23.03:929][255]LogModuleManager: Shutting down and abandoning module HTTP (18)
[2016.04.05-23.30.01:965][255]LogModuleManager: Shutting down and abandoning module XMPP (17)
[2016.04.05-23.30.03:073][255]LogModuleManager: Shutting down and abandoning module OculusRift (16)
[2016.04.05-23.30.03:717][255]LogModuleManager: Shutting down and abandoning module ExampleDeviceProfileSelector (15)
[2016.04.05-23.30.03:717][255]LogModuleManager: Shutting down and abandoning module TextureCompressor (14)
[2016.04.05-23.30.04:339][255]LogModuleManager: Shutting down and abandoning module ShaderCore (13)
[2016.04.05-23.30.04:339][255]LogModuleManager: Shutting down and abandoning module Landscape (12)
[2016.04.05-23.30.04:339][255]LogModuleManager: Shutting down and abandoning module SlateRHIRenderer (11)
[2016.04.05-23.30.05:144][255]LogModuleManager: Shutting down and abandoning module OpenGLDrv (10)
[2016.04.05-23.30.05:180][255]LogModuleManager: Shutting down and abandoning module D3D11RHI (9)
[2016.04.05-23.30.05:180][255]LogModuleManager: Shutting down and abandoning module AnimGraphRuntime (8)
[2016.04.05-23.30.05:180][255]LogModuleManager: Shutting down and abandoning module Renderer (7)
[2016.04.05-23.30.05:180][255]LogModuleManager: Shutting down and abandoning module Engine (6)
[2016.04.05-23.30.05:180][255]LogModuleManager: Shutting down and abandoning module CoreUObject (5)
[2016.04.05-23.30.05:180][255]LogModuleManager: Shutting down and abandoning module NetworkFile (4)
[2016.04.05-23.30.05:278][255]LogModuleManager: Shutting down and abandoning module StreamingFile (3)
[2016.04.05-23.30.05:412][255]LogModuleManager: Shutting down and abandoning module SandboxFile (2)
[2016.04.05-23.30.05:656][255]LogModuleManager: Shutting down and abandoning module PakFile (1)
[2016.04.05-23.30.06:058][255]LogExit: Exiting.
[2016.04.05-23.30.06:420][255]Log file closed, 04/05/16 18:30:06
