[2016.04.15-16.15.58:761][  0]Log file open, 04/15/16 11:15:58
[2016.04.15-16.15.58:761][  0]LogInit:Display: Running engine for game: ProyectoUE2
[2016.04.15-16.15.58:761][  0]LogPlatformFile: Not using cached read wrapper
[2016.04.15-16.15.58:761][  0]LogInit:Display: RandInit(-972503135) SRandInit(-972503134).
[2016.04.15-16.15.58:761][  0]LogTaskGraph: Started task graph with 4 named threads and 5 total threads.
[2016.04.15-16.15.58:761][  0]LogStats: Stats thread started at 0.316890
[2016.04.15-16.15.58:761][  0]LogInit: Version: 4.10.4-2872498+++depot+UE4-Releases+4.10
[2016.04.15-16.15.58:761][  0]LogInit: API Version: 2758231
[2016.04.15-16.15.58:761][  0]LogInit: Compiled (64-bit): Feb 18 2016 15:47:04
[2016.04.15-16.15.58:761][  0]LogInit: Compiled with Visual C++: 19.00.23026.00
[2016.04.15-16.15.58:761][  0]LogInit: Build Configuration: Development
[2016.04.15-16.15.58:761][  0]LogInit: Branch Name: ++depot+UE4-Releases+4.10
[2016.04.15-16.15.58:761][  0]LogInit: Command line:  
[2016.04.15-16.15.58:761][  0]LogInit: Base directory: C:/Program Files (x86)/Epic Games/4.10/Engine/Binaries/Win64/
[2016.04.15-16.15.58:761][  0]LogInit: Rocket: 1
[2016.04.15-16.16.00:093][  0]LogInit: Using libcurl 7.41.0
[2016.04.15-16.16.00:093][  0]LogInit:  - built for x86_64-pc-win32
[2016.04.15-16.16.00:093][  0]LogInit:  - supports SSL with WinSSL
[2016.04.15-16.16.00:093][  0]LogInit:  - other features:
[2016.04.15-16.16.00:093][  0]LogInit:      CURL_VERSION_SSL
[2016.04.15-16.16.00:093][  0]LogInit:      CURL_VERSION_IPV6
[2016.04.15-16.16.00:093][  0]LogInit:      CURL_VERSION_ASYNCHDNS
[2016.04.15-16.16.00:093][  0]LogInit:      CURL_VERSION_LARGEFILE
[2016.04.15-16.16.00:093][  0]LogInit:      CURL_VERSION_IDN
[2016.04.15-16.16.00:094][  0]LogInit:  CurlRequestOptions (configurable via config and command line):
[2016.04.15-16.16.00:094][  0]LogInit:  - bVerifyPeer = true  - Libcurl will verify peer certificate
[2016.04.15-16.16.00:094][  0]LogInit:  - bUseHttpProxy = false  - Libcurl will NOT use HTTP proxy
[2016.04.15-16.16.00:094][  0]LogInit:  - bDontReuseConnections = false  - Libcurl will reuse connections
[2016.04.15-16.16.00:094][  0]LogInit:  - CertBundlePath = nullptr  - Libcurl will use whatever was configured at build time.
[2016.04.15-16.16.01:203][  0]LogInit: Presizing for 0 objects not considered by GC, pre-allocating 0 bytes.
[2016.04.15-16.16.01:214][  0]LogInit: Object subsystem initialized
[2016.04.15-16.16.01:215][  0]LogInit: Selected Device Profile: [Windows]
[2016.04.15-16.16.01:215][  0]LogInit: Applying CVar settings loaded from the selected device profile: [Windows]
[2016.04.15-16.16.01:250][  0]LogInit: Computer: ACER
[2016.04.15-16.16.01:250][  0]LogInit: User: MieL
[2016.04.15-16.16.01:250][  0]LogInit: CPU Page size=4096, Cores=2
[2016.04.15-16.16.01:250][  0]LogInit: High frequency timer resolution =1.656323 MHz
[2016.04.15-16.16.01:250][  0]LogMemory: Memory total: Physical=5.9GB (6GB approx)
[2016.04.15-16.16.01:250][  0]LogMemory: Platform Memory Stats for Windows
[2016.04.15-16.16.01:250][  0]LogMemory: Process Physical Memory: 54.67 MB used, 54.67 MB peak
[2016.04.15-16.16.01:250][  0]LogMemory: Process Virtual Memory: 55.34 MB used, 55.34 MB peak
[2016.04.15-16.16.01:250][  0]LogMemory: Physical Memory: 3497.18 MB used, 6024.27 MB total
[2016.04.15-16.16.01:250][  0]LogMemory: Virtual Memory: 358.65 MB used, 134217728.00 MB total
[2016.04.15-16.16.03:346][  0]LogTextLocalizationManager: No specific translations for ('es-MX') exist, so ('es') translations will be used.
[2016.04.15-16.16.04:373][  0]LogD3D11RHI: Found D3D11 adapter 0: Intel(R) HD Graphics Family (Feature Level 11_0)
[2016.04.15-16.16.04:373][  0]LogD3D11RHI: Adapter has 32MB of dedicated video memory, 0MB of dedicated system memory, and 1760MB of shared system memory, 1 output[s]
[2016.04.15-16.16.04:376][  0]LogD3D11RHI: Found D3D11 adapter 1: Microsoft Basic Render Driver (Feature Level 11_0)
[2016.04.15-16.16.04:376][  0]LogD3D11RHI: Adapter has 0MB of dedicated video memory, 0MB of dedicated system memory, and 256MB of shared system memory, 0 output[s]
[2016.04.15-16.16.04:376][  0]LogD3D11RHI: Chosen D3D11 Adapter Id = 0
[2016.04.15-16.16.04:383][  0]LogD3D11RHI: !Direct3DDevice
[2016.04.15-16.16.04:383][  0]LogRHI: Texture pool is 638 MB (70% of 912 MB)
[2016.04.15-16.16.04:394][  0]LogD3D11RHI: Async texture creation enabled
[2016.04.15-16.16.04:404][  0]LogShaderCompilers: Guid format shader working directory is -21 characters bigger than the processId version (../../../../../../Users/User/Documents/Unreal Projects/ProyectoUE2/Intermediate/Shaders/WorkingDirectory/5684/).
[2016.04.15-16.16.04:404][  0]LogShaderCompilers: Cleaned the shader compiler working directory 'C:/Users/User/AppData/Local/Temp/UnrealShaderWorkingDir/E7E60F3B4AC629F59B8BDB9ABCD09610/'.
[2016.04.15-16.16.04:404][  0]LogShaderCompilers:Display: Using Local Shader Compiler.
[2016.04.15-16.16.15:477][  0]LogTemp:Display: Loaded TP AllDesktopTargetPlatform
[2016.04.15-16.16.15:608][  0]LogTemp:Display: Loaded TP WindowsClientTargetPlatform
[2016.04.15-16.16.15:775][  0]LogTemp:Display: Loaded TP WindowsNoEditorTargetPlatform
[2016.04.15-16.16.16:134][  0]LogTemp:Display: Loaded TP WindowsServerTargetPlatform
[2016.04.15-16.16.16:218][  0]LogTemp:Display: Loaded TP WindowsTargetPlatform
[2016.04.15-16.16.16:465][  0]LogTemp:Display: Loaded TP AndroidTargetPlatform
[2016.04.15-16.16.16:714][  0]LogTemp:Display: Loaded TP Android_ASTCTargetPlatform
[2016.04.15-16.16.16:878][  0]LogTemp:Display: Loaded TP Android_ATCTargetPlatform
[2016.04.15-16.16.17:095][  0]LogTemp:Display: Loaded TP Android_DXTTargetPlatform
[2016.04.15-16.16.17:302][  0]LogTemp:Display: Loaded TP Android_ETC1TargetPlatform
[2016.04.15-16.16.17:380][  0]LogTemp:Display: Loaded TP Android_ETC2TargetPlatform
[2016.04.15-16.16.17:836][  0]LogTemp:Display: Loaded TP Android_MultiTargetPlatform
[2016.04.15-16.16.17:836][  0]LogTemp:Display: Loaded TP Android_PVRTCTargetPlatform
[2016.04.15-16.16.17:928][  0]LogTemp:Display: Loaded TP HTML5TargetPlatform
[2016.04.15-16.16.18:541][  0]LogTemp:Display: Loaded TP IOSTargetPlatform
[2016.04.15-16.16.18:653][  0]LogTemp:Display: Loaded TP LinuxNoEditorTargetPlatform
[2016.04.15-16.16.18:719][  0]LogTemp:Display: Loaded TP LinuxServerTargetPlatform
[2016.04.15-16.16.18:931][  0]LogTemp:Display: Loaded TP LinuxTargetPlatform
[2016.04.15-16.16.18:931][  0]LogTargetPlatformManager:Display: Building Assets For Windows
[2016.04.15-16.16.25:622][  0]LogDerivedDataCache:Display: Max Cache Size: 512 MB
[2016.04.15-16.16.28:135][  0]LogDerivedDataCache: Loaded boot cache 2.51s 41MB C:/Users/User/AppData/Local/UnrealEngine/4.10/DerivedDataCache/Boot.ddc.
[2016.04.15-16.16.28:135][  0]LogDerivedDataCache:Display: Loaded Boot cache: C:/Users/User/AppData/Local/UnrealEngine/4.10/DerivedDataCache/Boot.ddc
[2016.04.15-16.16.28:135][  0]LogDerivedDataCache: FDerivedDataBackendGraph:  Pak pak cache file ../../../../../../Users/User/Documents/Unreal Projects/ProyectoUE2/DerivedDataCache/DDC.ddp not found, will not use a pak cache.
[2016.04.15-16.16.28:136][  0]LogDerivedDataCache: Unable to find inner node Pak for hierarchical cache Hierarchy.
[2016.04.15-16.16.28:136][  0]LogDerivedDataCache: FDerivedDataBackendGraph:  CompressedPak pak cache file ../../../../../../Users/User/Documents/Unreal Projects/ProyectoUE2/DerivedDataCache/Compressed.ddp not found, will not use a pak cache.
[2016.04.15-16.16.28:136][  0]LogDerivedDataCache: Unable to find inner node CompressedPak for hierarchical cache Hierarchy.
[2016.04.15-16.16.28:797][  0]LogDerivedDataCache:Display: Pak cache opened for reading ../../../Engine/DerivedDataCache/Compressed.ddp.
[2016.04.15-16.16.28:888][  0]LogDerivedDataCache: Using Local data cache path C:/Users/User/AppData/Local/UnrealEngine/Common/DerivedDataCache: Writable
[2016.04.15-16.16.54:689][  0]LogInit: Selected Device Profile: [Windows]
[2016.04.15-16.16.54:693][  0]LogContentStreaming: Texture pool size is 0.000000MB
[2016.04.15-16.16.55:332][  0]LogMeshUtilities: No automatic mesh reduction module available
[2016.04.15-16.16.55:332][  0]LogMeshUtilities: No automatic mesh merging module available
[2016.04.15-16.16.58:331][  0]LogInit: WinSock: version 1.1 (2.2), MaxSocks=32767, MaxUdp=65467
[2016.04.15-16.17.44:475][  0]UdpMessaging: Initializing bridge on interface 0.0.0.0:0 to multicast group 230.0.0.1:6666.
[2016.04.15-16.17.46:292][  0]LogAssetRegistry: FAssetRegistry took 0.0115 seconds to start up
[2016.04.15-16.17.54:426][  0]SourceControl: Información El control de código fuente está desactivado
[2016.04.15-16.17.54:496][  0]SourceControl: Información El control de código fuente está desactivado
[2016.04.15-16.17.55:000][  0]SourceControl: Información El control de código fuente está desactivado
[2016.04.15-16.17.55:255][  0]SourceControl: Información El control de código fuente está desactivado
[2016.04.15-16.18.00:946][  0]LogObj: 28633 objects as part of root set at end of initial load.
[2016.04.15-16.18.00:946][  0]LogUObjectAllocator: 6099744 out of 0 bytes used by permanent object pool.
[2016.04.15-16.18.02:317][  0]LogEngine: Initializing Engine...
[2016.04.15-16.18.02:325][  0]LogHMD: Can't find Oculus library dev build: is proper Runtime installed? Version: 0.8.0.0
[2016.04.15-16.18.02:581][  0]LogHMD: SteamVR failed to initialize.  Err: 110
[2016.04.15-16.18.04:941][  0]LogAIModule: Creating AISystem for world NewWorld
[2016.04.15-16.18.05:116][  0]LogInit: XAudio2 using 'Altavoces (Realtek High Definition Audio)' : 2 channels at 48 kHz using 32 bits per sample (channel mask 0x3)
[2016.04.15-16.18.05:135][  0]LogInit: FAudioDevice initialized.
[2016.04.15-16.18.05:170][  0]LogDerivedDataCache: Saved boot cache 0.03s 41MB C:/Users/User/AppData/Local/UnrealEngine/4.10/DerivedDataCache/Boot.ddc.
[2016.04.15-16.18.05:174][  0]LogInit: Texture streaming: Enabled
[2016.04.15-16.18.05:600][  0]LogAnalytics: Creating configured Analytics provider AnalyticsET
[2016.04.15-16.18.05:600][  0]LogAnalytics: [UEEditor.Rocket.Release] APIServer = http://et2.epicgames.com/ET2/. AppVersion = 4.10.4-2872498+++depot+UE4-Releases+4.10
[2016.04.15-16.18.05:601][  0]LogAnalytics: [UEEditor.Rocket.Release] SetUserId 7d6e982040bdfa2d37207091dd9f6648|703d63ca085b4982a6f34989b8311170|423990dd-a1b8-4259-9077-6163d5ea4614
[2016.04.15-16.18.05:601][  0]LogAnalytics: [UEEditor.Rocket.Release] AnalyticsET::StartSession
[2016.04.15-16.18.05:797][  0]LogInit: Transaction tracking system initialized
[2016.04.15-16.18.07:623][  0]BlueprintLog: New page: Cargar el editor
[2016.04.15-16.18.11:338][  0]LocalizationService: Información Localization service is disabled
[2016.04.15-16.18.13:065][  0]LogLinker:Warning: No puede encontrar el archivo '/Game/ThirdPersonBP/ThirdPersonOverview'
[2016.04.15-16.18.13:065][  0]LogLinker:Warning: No puede encontrar el archivo '/Game/ThirdPersonBP/ThirdPersonOverview'
[2016.04.15-16.18.13:065][  0]LogUObjectGlobals:Warning: Error al encontrar el objeto 'Class /Game/ThirdPersonBP/ThirdPersonOverview.ThirdPersonOverview_C'
[2016.04.15-16.18.13:542][  0]LogConsoleResponse:Display: 
[2016.04.15-16.18.17:912][  0]LogFileCache: Scanning file cache for directory 'C:/Users/User/Documents/Unreal Projects/ProyectoUE2/Content/' took 0.02s
[2016.04.15-16.18.17:912][  0]LogCook:Display: Done creating registry. It took  0.00s.
[2016.04.15-16.18.20:729][  0]SourceControl: Información El control de código fuente está desactivado
[2016.04.15-16.18.20:729][  0]Cmd: MAP LOAD FILE="../../../../../../Users/User/Documents/Unreal Projects/ProyectoUE2/Content/Game/Maps/Menu.umap" TEMPLATE=0 SHOWPROGRESS=1 FEATURELEVEL=3
[2016.04.15-16.18.20:832][  0]LightingResults: New page: Diseñar la iluminación
[2016.04.15-16.18.20:838][  0]MapCheck: New page: Revisión del mapa
[2016.04.15-16.18.20:838][  0]LightingResults: New page: Diseñar la iluminación
[2016.04.15-16.18.20:868][  0]LogParticles: Destroying 0 GPU particle simulations for FXSystem 0x00000013F65AB420
[2016.04.15-16.18.24:455][  0]LogAIModule: Creating AISystem for world Menu
[2016.04.15-16.18.24:583][  0]LogEditorServer: Finished looking for orphan Actors (0.000 secs)
[2016.04.15-16.18.24:584][  0]Cmd: MAP CHECKDEP NOCLEARLOG
[2016.04.15-16.18.24:776][  0]MapCheck: Información Map check complete: 0 Error(s), 0 Warning(s), took 192.048ms to complete.
[2016.04.15-16.18.24:776][  0]LogFileHelpers: Loading map 'Menu' took 4.047
[2016.04.15-16.18.25:823][  0]LogCollectionManager: Loaded 0 collections in 0.006437 seconds
[2016.04.15-16.18.25:875][  0]LogFileCache: Scanning file cache for directory 'C:/Users/User/Documents/Unreal Projects/ProyectoUE2/Saved/Collections/' took 0.01s
[2016.04.15-16.18.25:875][  0]LogFileCache: Scanning file cache for directory 'C:/Users/User/Documents/Unreal Projects/ProyectoUE2/Content/Developers/MieL/Collections/' took 0.01s
[2016.04.15-16.18.25:875][  0]LogFileCache: Scanning file cache for directory 'C:/Users/User/Documents/Unreal Projects/ProyectoUE2/Content/Collections/' took 0.01s
[2016.04.15-16.18.25:875][  0]LogCollectionManager: Rebuilt the GUID cache for 0 collections in 0.000007 seconds
[2016.04.15-16.18.25:890][  0]LogContentBrowser: Native class hierarchy populated in 0.0147 seconds. Added 1893 classes and 338 folders.
[2016.04.15-16.18.25:904][  0]LogContentBrowser: Native class hierarchy updated for 'WidgetCarousel' in 0.0007 seconds. Added 0 classes and 0 folders.
[2016.04.15-16.18.27:699][  0]LogContentBrowser: Native class hierarchy updated for 'AddContentDialog' in 0.0007 seconds. Added 0 classes and 0 folders.
[2016.04.15-16.18.27:793][  0]LogContentBrowser: Native class hierarchy updated for 'SceneOutliner' in 0.0007 seconds. Added 1 classes and 2 folders.
[2016.04.15-16.18.28:612][  0]LogCrashTracker: Crashtracker disabled due to settings.
[2016.04.15-16.18.28:620][  0]LogUObjectGlobals:Warning: Error al encontrar el objeto 'Class Ninguno.'
[2016.04.15-16.18.28:645][  0]LogLoad: Full Startup: 156.00 seconds (BP compile: 0.33 seconds)
[2016.04.15-16.18.28:992][  0]LogOcInput: Can't find Oculus library dev build: is proper Runtime installed? Version: 0.8.0.0
[2016.04.15-16.18.29:750][  0]LogContentStreaming: Texture pool size now 200 MB
[2016.04.15-16.18.30:350][  0]LogRenderer: Reallocating scene render targets to support 1228x256 (Frame:2).
[2016.04.15-16.18.33:735][  5]LogAssetRegistry: Asset discovery search completed in 47.4556 seconds
[2016.04.15-16.18.33:735][  5]LogCollectionManager: Rebuilt the object cache for 0 collections in 0.000001 seconds (found 0 objects)
[2016.04.15-16.18.33:736][  5]LogCollectionManager: Fixed up redirectors for 0 collections in 0.000039 seconds (updated 0 objects)
[2016.04.15-16.19.35:527][299]LogWindowsTextInputMethodSystem:Display: IME system now deactivated.
[2016.04.15-16.19.35:528][299]LogWindowsTextInputMethodSystem:Display: IME system now deactivated.
[2016.04.15-16.19.35:807][300]Cmd: QUIT_EDITOR
[2016.04.15-16.19.36:206][300]LogExit: Preparing to exit.
[2016.04.15-16.19.36:580][300]LogExit: Editor shut down
[2016.04.15-16.19.36:581][300]LogExit: Transaction tracking system shut down
[2016.04.15-16.19.36:583][300]LogParticles: Destroying 0 GPU particle simulations for FXSystem 0x00000013E5792FC0
[2016.04.15-16.19.36:584][300]LogParticles: Destroying 0 GPU particle simulations for FXSystem 0x00000013FD5667A0
[2016.04.15-16.19.36:584][300]LogParticles: Destroying 0 GPU particle simulations for FXSystem 0x00000013FD078D60
[2016.04.15-16.19.36:584][300]LogParticles: Destroying 0 GPU particle simulations for FXSystem 0x00000013FD08BA60
[2016.04.15-16.19.36:796][300]LogExit: Object subsystem successfully closed.
[2016.04.15-16.19.36:811][300]LogD3D11RHI: Shutdown
[2016.04.15-16.19.36:811][300]LogD3D11RHI: CleanupD3DDevice
[2016.04.15-16.19.36:866][300]LogD3D11RHI: ~FD3D11DynamicRHI
[2016.04.15-16.19.37:094][300]LogModuleManager: Shutting down and abandoning module CrashTracker (198)
[2016.04.15-16.19.37:094][300]LogModuleManager: Shutting down and abandoning module SceneOutliner (197)
[2016.04.15-16.19.37:094][300]LogModuleManager: Shutting down and abandoning module SuperSearch (196)
[2016.04.15-16.19.37:094][300]LogModuleManager: Shutting down and abandoning module WidgetCarousel (195)
[2016.04.15-16.19.37:094][300]LogModuleManager: Shutting down and abandoning module AddContentDialog (194)
[2016.04.15-16.19.37:096][300]LogModuleManager: Shutting down and abandoning module EditorWidgets (193)
[2016.04.15-16.19.37:096][300]LogModuleManager: Shutting down and abandoning module CollectionManager (192)
[2016.04.15-16.19.37:096][300]LogModuleManager: Shutting down and abandoning module StatsViewer (191)
[2016.04.15-16.19.37:096][300]LogModuleManager: Shutting down and abandoning module FoliageEdit (190)
[2016.04.15-16.19.37:096][300]LogModuleManager: Shutting down and abandoning module LandscapeEditor (189)
[2016.04.15-16.19.37:096][300]LogModuleManager: Shutting down and abandoning module ActorPickerMode (188)
[2016.04.15-16.19.37:096][300]LogModuleManager: Shutting down and abandoning module GeometryMode (187)
[2016.04.15-16.19.37:096][300]LogModuleManager: Shutting down and abandoning module TextureAlignMode (186)
[2016.04.15-16.19.37:096][300]LogModuleManager: Shutting down and abandoning module BspMode (185)
[2016.04.15-16.19.37:096][300]LogModuleManager: Shutting down and abandoning module PlacementMode (184)
[2016.04.15-16.19.37:096][300]LogModuleManager: Shutting down and abandoning module AutomationWorker (183)
[2016.04.15-16.19.37:096][300]LogModuleManager: Shutting down and abandoning module CharacterAI (182)
[2016.04.15-16.19.37:096][300]LogModuleManager: Shutting down and abandoning module SmartSnapping (181)
[2016.04.15-16.19.37:097][300]LogModuleManager: Shutting down and abandoning module ViewportSnapping (180)
[2016.04.15-16.19.37:097][300]LogModuleManager: Shutting down and abandoning module LogVisualizer (179)
[2016.04.15-16.19.37:097][300]LogModuleManager: Shutting down and abandoning module GameProjectGeneration (178)
[2016.04.15-16.19.37:097][300]LogModuleManager: Shutting down and abandoning module IntroTutorials (177)
[2016.04.15-16.19.37:097][300]LogModuleManager: Shutting down and abandoning module EditorLiveStreaming (176)
[2016.04.15-16.19.37:097][300]LogModuleManager: Shutting down and abandoning module IOSPlatformEditor (175)
[2016.04.15-16.19.37:097][300]LogModuleManager: Shutting down and abandoning module HTML5PlatformEditor (174)
[2016.04.15-16.19.37:097][300]LogModuleManager: Shutting down and abandoning module AndroidDeviceDetection (173)
[2016.04.15-16.19.38:160][300]LogModuleManager: Shutting down and abandoning module AndroidPlatformEditor (172)
[2016.04.15-16.19.38:160][300]LogModuleManager: Shutting down and abandoning module IOSRuntimeSettings (171)
[2016.04.15-16.19.38:160][300]LogModuleManager: Shutting down and abandoning module AndroidRuntimeSettings (170)
[2016.04.15-16.19.38:160][300]LogModuleManager: Shutting down and abandoning module MergeActors (169)
[2016.04.15-16.19.38:160][300]LogModuleManager: Shutting down and abandoning module SizeMap (168)
[2016.04.15-16.19.38:160][300]LogModuleManager: Shutting down and abandoning module TreeMap (167)
[2016.04.15-16.19.38:160][300]LogModuleManager: Shutting down and abandoning module ReferenceViewer (166)
[2016.04.15-16.19.38:160][300]LogModuleManager: Shutting down and abandoning module LocalizationService (165)
[2016.04.15-16.19.38:160][300]LogModuleManager: Shutting down and abandoning module LocalizationDashboard (164)
[2016.04.15-16.19.38:160][300]LogModuleManager: Shutting down and abandoning module HardwareTargeting (163)
[2016.04.15-16.19.38:160][300]LogModuleManager: Shutting down and abandoning module DeviceProfileEditor (162)
[2016.04.15-16.19.38:160][300]LogModuleManager: Shutting down and abandoning module UndoHistory (161)
[2016.04.15-16.19.38:160][300]LogModuleManager: Shutting down and abandoning module GameplayTagsEditor (160)
[2016.04.15-16.19.38:161][300]LogModuleManager: Shutting down and abandoning module UserFeedback (159)
[2016.04.15-16.19.38:161][300]LogModuleManager: Shutting down and abandoning module XmlParser (158)
[2016.04.15-16.19.38:183][300]LogModuleManager: Shutting down and abandoning module Blutility (157)
[2016.04.15-16.19.38:183][300]LogModuleManager: Shutting down and abandoning module ProjectTargetPlatformEditor (156)
[2016.04.15-16.19.38:183][300]LogModuleManager: Shutting down and abandoning module ProjectSettingsViewer (155)
[2016.04.15-16.19.38:183][300]LogModuleManager: Shutting down and abandoning module InputBindingEditor (154)
[2016.04.15-16.19.38:183][300]LogModuleManager: Shutting down and abandoning module EditorSettingsViewer (153)
[2016.04.15-16.19.38:183][300]LogModuleManager: Shutting down and abandoning module SettingsEditor (152)
[2016.04.15-16.19.38:183][300]LogModuleManager: Shutting down and abandoning module ProjectLauncher (151)
[2016.04.15-16.19.38:183][300]LogModuleManager: Shutting down and abandoning module SessionFrontend (150)
[2016.04.15-16.19.38:183][300]LogModuleManager: Shutting down and abandoning module ProfilerClient (149)
[2016.04.15-16.19.38:183][300]LogModuleManager: Shutting down and abandoning module TargetDeviceServices (148)
[2016.04.15-16.19.38:183][300]LogModuleManager: Shutting down and abandoning module DeviceManager (147)
[2016.04.15-16.19.38:183][300]LogModuleManager: Shutting down and abandoning module AutomationController (146)
[2016.04.15-16.19.38:183][300]LogModuleManager: Shutting down and abandoning module AutomationWindow (145)
[2016.04.15-16.19.38:183][300]LogModuleManager: Shutting down and abandoning module Layers (144)
[2016.04.15-16.19.38:184][300]LogModuleManager: Shutting down and abandoning module ComponentVisualizers (143)
[2016.04.15-16.19.38:184][300]LogModuleManager: Shutting down and abandoning module DetailCustomizations (142)
[2016.04.15-16.19.38:184][300]LogModuleManager: Shutting down and abandoning module PackagesDialog (141)
[2016.04.15-16.19.38:184][300]LogModuleManager: Shutting down and abandoning module Persona (140)
[2016.04.15-16.19.38:184][300]LogModuleManager: Shutting down and abandoning module Kismet (139)
[2016.04.15-16.19.38:184][300]LogModuleManager: Shutting down and abandoning module GraphEditor (138)
[2016.04.15-16.19.38:184][300]LogModuleManager: Shutting down and abandoning module ClassViewer (137)
[2016.04.15-16.19.38:184][300]LogModuleManager: Shutting down and abandoning module Toolbox (136)
[2016.04.15-16.19.38:184][300]LogModuleManager: Shutting down and abandoning module ModuleUI (135)
[2016.04.15-16.19.38:184][300]LogModuleManager: Shutting down and abandoning module MovieSceneTools (134)
[2016.04.15-16.19.38:184][300]LogModuleManager: Shutting down and abandoning module OutputLog (133)
[2016.04.15-16.19.38:184][300]LogModuleManager: Shutting down and abandoning module GammaUI (132)
[2016.04.15-16.19.38:184][300]LogModuleManager: Shutting down and abandoning module Documentation (131)
[2016.04.15-16.19.38:184][300]LogModuleManager: Shutting down and abandoning module GameLiveStreaming (130)
[2016.04.15-16.19.38:184][300]LogModuleManager: Shutting down and abandoning module StreamingPauseRendering (129)
[2016.04.15-16.19.38:184][300]LogModuleManager: Shutting down and abandoning module AnalyticsET (128)
[2016.04.15-16.19.38:184][300]LogModuleManager: Shutting down and abandoning module Analytics (127)
[2016.04.15-16.19.38:184][300]LogModuleManager: Shutting down and abandoning module AITestSuite (126)
[2016.04.15-16.19.38:184][300]LogModuleManager: Shutting down and abandoning module GameplayDebugger (125)
[2016.04.15-16.19.38:184][300]LogModuleManager: Shutting down and abandoning module AIModule (124)
[2016.04.15-16.19.38:184][300]LogModuleManager: Shutting down and abandoning module ProfilerService (123)
[2016.04.15-16.19.38:297][300]LogModuleManager: Shutting down and abandoning module TaskGraph (122)
[2016.04.15-16.19.38:297][300]LogModuleManager: Shutting down and abandoning module SlateRemote (121)
[2016.04.15-16.19.38:297][300]LogModuleManager: Shutting down and abandoning module SteamVRController (120)
[2016.04.15-16.19.38:297][300]LogModuleManager: Shutting down and abandoning module SteamVR (119)
[2016.04.15-16.19.38:297][300]LogModuleManager: Shutting down and abandoning module ProceduralMeshComponent (118)
[2016.04.15-16.19.38:297][300]LogModuleManager: Shutting down and abandoning module OculusLibrary (117)
[2016.04.15-16.19.38:297][300]LogModuleManager: Shutting down and abandoning module OculusInput (116)
[2016.04.15-16.19.38:297][300]LogModuleManager: Shutting down and abandoning module LeapMotionController (115)
[2016.04.15-16.19.38:322][300]LogModuleManager: Shutting down and abandoning module CustomMeshComponent (114)
[2016.04.15-16.19.38:322][300]LogModuleManager: Shutting down and abandoning module CableComponent (113)
[2016.04.15-16.19.38:322][300]LogModuleManager: Shutting down and abandoning module ArchVisCharacter (112)
[2016.04.15-16.19.38:322][300]LogModuleManager: Shutting down and abandoning module MessagingDebugger (111)
[2016.04.15-16.19.38:322][300]LogModuleManager: Shutting down and abandoning module MediaPlayerEditor (110)
[2016.04.15-16.19.38:322][300]LogModuleManager: Shutting down and abandoning module HTML5Networking (109)
[2016.04.15-16.19.38:322][300]LogModuleManager: Shutting down and abandoning module SpeedTreeImporter (108)
[2016.04.15-16.19.38:322][300]LogModuleManager: Shutting down and abandoning module PluginBrowser (107)
[2016.04.15-16.19.38:322][300]LogModuleManager: Shutting down and abandoning module EpicSurvey (106)
[2016.04.15-16.19.38:322][300]LogModuleManager: Shutting down and abandoning module DesktopPlatform (105)
[2016.04.15-16.19.38:322][300]LogModuleManager: Shutting down and abandoning module VisualStudioSourceCodeAccess (104)
[2016.04.15-16.19.38:322][300]LogModuleManager: Shutting down and abandoning module UObjectPlugin (103)
[2016.04.15-16.19.38:322][300]LogModuleManager: Shutting down and abandoning module SubversionSourceControl (102)
[2016.04.15-16.19.38:323][300]LogModuleManager: Shutting down and abandoning module PerforceSourceControl (101)
[2016.04.15-16.19.38:386][300]LogModuleManager: Shutting down and abandoning module SourceControl (100)
[2016.04.15-16.19.38:386][300]LogModuleManager: Shutting down and abandoning module GitSourceControl (99)
[2016.04.15-16.19.38:386][300]LogModuleManager: Shutting down and abandoning module LightPropagationVolumeEditor (98)
[2016.04.15-16.19.38:386][300]LogModuleManager: Shutting down and abandoning module PaperTiledImporter (97)
[2016.04.15-16.19.38:386][300]LogModuleManager: Shutting down and abandoning module PaperSpriteSheetImporter (96)
[2016.04.15-16.19.38:386][300]LogModuleManager: Shutting down and abandoning module MeshPaint (95)
[2016.04.15-16.19.38:386][300]LogModuleManager: Shutting down and abandoning module SlateReflector (94)
[2016.04.15-16.19.38:386][300]LogModuleManager: Shutting down and abandoning module HotReload (93)
[2016.04.15-16.19.38:387][300]LogModuleManager: Shutting down and abandoning module MainFrame (92)
[2016.04.15-16.19.38:387][300]LogModuleManager: Shutting down and abandoning module LevelEditor (91)
[2016.04.15-16.19.38:388][300]LogModuleManager: Shutting down and abandoning module DirectoryWatcher (90)
[2016.04.15-16.19.38:389][300]LogModuleManager: Shutting down and abandoning module AssetRegistry (89)
[2016.04.15-16.19.38:445][300]LogModuleManager: Shutting down and abandoning module ContentBrowser (88)
[2016.04.15-16.19.38:447][300]LogModuleManager: Shutting down and abandoning module Paper2DEditor (87)
[2016.04.15-16.19.38:448][300]LogModuleManager: Shutting down and abandoning module UdpMessaging (86)
[2016.04.15-16.19.38:548][300]LogModuleManager: Shutting down and abandoning module LightPropagationVolumeRuntime (85)
[2016.04.15-16.19.38:548][300]LogModuleManager: Shutting down and abandoning module Paper2D (84)
[2016.04.15-16.19.38:548][300]LogModuleManager: Shutting down and abandoning module WindowsMoviePlayer (83)
[2016.04.15-16.19.38:552][300]LogModuleManager: Shutting down and abandoning module Media (82)
[2016.04.15-16.19.38:552][300]LogModuleManager: Shutting down and abandoning module WmfMedia (81)
[2016.04.15-16.19.38:552][300]LogModuleManager: Shutting down and abandoning module OnlineBlueprintSupport (80)
[2016.04.15-16.19.38:553][300]LogModuleManager: Shutting down and abandoning module GameplayTasksEditor (79)
[2016.04.15-16.19.38:553][300]LogModuleManager: Shutting down and abandoning module PropertyEditor (78)
[2016.04.15-16.19.38:553][300]LogModuleManager: Shutting down and abandoning module BehaviorTreeEditor (77)
[2016.04.15-16.19.38:553][300]LogModuleManager: Shutting down and abandoning module FunctionalTesting (76)
[2016.04.15-16.19.38:553][300]LogModuleManager: Shutting down and abandoning module CollisionAnalyzer (75)
[2016.04.15-16.19.38:553][300]LogModuleManager: Shutting down and abandoning module WorkspaceMenuStructure (74)
[2016.04.15-16.19.38:553][300]LogModuleManager: Shutting down and abandoning module MessageLog (73)
[2016.04.15-16.19.38:553][300]LogModuleManager: Shutting down and abandoning module Sequencer (72)
[2016.04.15-16.19.38:553][300]LogModuleManager: Shutting down and abandoning module AssetTools (71)
[2016.04.15-16.19.38:553][300]LogModuleManager: Shutting down and abandoning module UMGEditor (70)
[2016.04.15-16.19.38:553][300]LogModuleManager: Shutting down and abandoning module UMG (69)
[2016.04.15-16.19.38:553][300]LogModuleManager: Shutting down and abandoning module Slate (68)
[2016.04.15-16.19.38:553][300]LogModuleManager: Shutting down and abandoning module EditorStyle (67)
[2016.04.15-16.19.38:558][300]LogModuleManager: Shutting down and abandoning module SessionServices (66)
[2016.04.15-16.19.38:558][300]LogModuleManager: Shutting down and abandoning module SourceCodeAccess (65)
[2016.04.15-16.19.38:558][300]LogModuleManager: Shutting down and abandoning module HeadMountedDisplay (64)
[2016.04.15-16.19.38:558][300]LogModuleManager: Shutting down and abandoning module XAudio2 (63)
[2016.04.15-16.19.38:558][300]LogModuleManager: Shutting down and abandoning module Networking (61)
[2016.04.15-16.19.38:558][300]LogModuleManager: Shutting down and abandoning module Core (60)
[2016.04.15-16.19.38:558][300]LogModuleManager: Shutting down and abandoning module KismetCompiler (59)
[2016.04.15-16.19.38:558][300]LogModuleManager: Shutting down and abandoning module PhysXFormats (58)
[2016.04.15-16.19.38:558][300]LogModuleManager: Shutting down and abandoning module MeshUtilities (57)
[2016.04.15-16.19.38:558][300]LogModuleManager: Shutting down and abandoning module DerivedDataCache (56)
[2016.04.15-16.19.38:596][300]LogDerivedDataCache: Shutdown
[2016.04.15-16.19.38:596][300]LogModuleManager: Shutting down and abandoning module ShaderFormatOpenGL (55)
[2016.04.15-16.19.38:596][300]LogModuleManager: Shutting down and abandoning module ShaderFormatD3D (54)
[2016.04.15-16.19.38:627][300]LogModuleManager: Shutting down and abandoning module MetalShaderFormat (53)
[2016.04.15-16.19.38:627][300]LogModuleManager: Shutting down and abandoning module TextureFormatUncompressed (52)
[2016.04.15-16.19.38:627][300]LogModuleManager: Shutting down and abandoning module TextureFormatPVR (51)
[2016.04.15-16.19.38:635][300]LogModuleManager: Shutting down and abandoning module TextureFormatIntelISPCTexComp (50)
[2016.04.15-16.19.38:642][300]LogModuleManager: Shutting down and abandoning module TextureFormatDXT (49)
[2016.04.15-16.19.38:654][300]LogModuleManager: Shutting down and abandoning module ImageWrapper (48)
[2016.04.15-16.19.38:654][300]LogModuleManager: Shutting down and abandoning module TextureFormatASTC (47)
[2016.04.15-16.19.38:654][300]LogModuleManager: Shutting down and abandoning module TextureFormatAndroid (46)
[2016.04.15-16.19.38:654][300]LogModuleManager: Shutting down and abandoning module AudioFormatOpus (45)
[2016.04.15-16.19.38:654][300]LogModuleManager: Shutting down and abandoning module AudioFormatOgg (44)
[2016.04.15-16.19.38:654][300]LogModuleManager: Shutting down and abandoning module AudioFormatADPCM (43)
[2016.04.15-16.19.38:654][300]LogModuleManager: Shutting down and abandoning module LinuxTargetPlatform (42)
[2016.04.15-16.19.38:654][300]LogModuleManager: Shutting down and abandoning module LinuxServerTargetPlatform (41)
[2016.04.15-16.19.38:654][300]LogModuleManager: Shutting down and abandoning module LinuxNoEditorTargetPlatform (40)
[2016.04.15-16.19.38:654][300]LogModuleManager: Shutting down and abandoning module Messaging (39)
[2016.04.15-16.19.38:654][300]LogModuleManager: Shutting down and abandoning module IOSTargetPlatform (38)
[2016.04.15-16.19.38:654][300]LogModuleManager: Shutting down and abandoning module HTML5TargetPlatform (37)
[2016.04.15-16.19.38:654][300]LogModuleManager: Shutting down and abandoning module Android_PVRTCTargetPlatform (36)
[2016.04.15-16.19.38:654][300]LogModuleManager: Shutting down and abandoning module Android_MultiTargetPlatform (35)
[2016.04.15-16.19.38:654][300]LogModuleManager: Shutting down and abandoning module Android_ETC2TargetPlatform (34)
[2016.04.15-16.19.38:654][300]LogModuleManager: Shutting down and abandoning module Android_ETC1TargetPlatform (33)
[2016.04.15-16.19.38:654][300]LogModuleManager: Shutting down and abandoning module Android_DXTTargetPlatform (32)
[2016.04.15-16.19.38:654][300]LogModuleManager: Shutting down and abandoning module Android_ATCTargetPlatform (31)
[2016.04.15-16.19.38:654][300]LogModuleManager: Shutting down and abandoning module Android_ASTCTargetPlatform (30)
[2016.04.15-16.19.38:654][300]LogModuleManager: Shutting down and abandoning module AndroidTargetPlatform (29)
[2016.04.15-16.19.38:654][300]LogModuleManager: Shutting down and abandoning module WindowsTargetPlatform (28)
[2016.04.15-16.19.38:654][300]LogModuleManager: Shutting down and abandoning module WindowsServerTargetPlatform (27)
[2016.04.15-16.19.38:654][300]LogModuleManager: Shutting down and abandoning module WindowsNoEditorTargetPlatform (26)
[2016.04.15-16.19.38:654][300]LogModuleManager: Shutting down and abandoning module WindowsClientTargetPlatform (25)
[2016.04.15-16.19.38:654][300]LogModuleManager: Shutting down and abandoning module AllDesktopTargetPlatform (24)
[2016.04.15-16.19.38:654][300]LogModuleManager: Shutting down and abandoning module TargetPlatform (23)
[2016.04.15-16.19.38:654][300]LogModuleManager: Shutting down and abandoning module InputCore (22)
[2016.04.15-16.19.38:654][300]LogModuleManager: Shutting down and abandoning module Settings (21)
[2016.04.15-16.19.38:654][300]LogModuleManager: Shutting down and abandoning module OnlineSubsystem (19)
[2016.04.15-16.19.38:654][300]LogModuleManager: Shutting down and abandoning module HTTP (18)
[2016.04.15-16.19.39:657][300]LogModuleManager: Shutting down and abandoning module XMPP (17)
[2016.04.15-16.19.39:657][300]LogModuleManager: Shutting down and abandoning module OculusRift (16)
[2016.04.15-16.19.39:657][300]LogModuleManager: Shutting down and abandoning module ExampleDeviceProfileSelector (15)
[2016.04.15-16.19.39:657][300]LogModuleManager: Shutting down and abandoning module TextureCompressor (14)
[2016.04.15-16.19.39:657][300]LogModuleManager: Shutting down and abandoning module ShaderCore (13)
[2016.04.15-16.19.39:657][300]LogModuleManager: Shutting down and abandoning module Landscape (12)
[2016.04.15-16.19.39:657][300]LogModuleManager: Shutting down and abandoning module SlateRHIRenderer (11)
[2016.04.15-16.19.39:659][300]LogModuleManager: Shutting down and abandoning module OpenGLDrv (10)
[2016.04.15-16.19.39:659][300]LogModuleManager: Shutting down and abandoning module D3D11RHI (9)
[2016.04.15-16.19.39:659][300]LogModuleManager: Shutting down and abandoning module AnimGraphRuntime (8)
[2016.04.15-16.19.39:659][300]LogModuleManager: Shutting down and abandoning module Renderer (7)
[2016.04.15-16.19.39:659][300]LogModuleManager: Shutting down and abandoning module Engine (6)
[2016.04.15-16.19.39:659][300]LogModuleManager: Shutting down and abandoning module CoreUObject (5)
[2016.04.15-16.19.39:659][300]LogModuleManager: Shutting down and abandoning module NetworkFile (4)
[2016.04.15-16.19.39:659][300]LogModuleManager: Shutting down and abandoning module StreamingFile (3)
[2016.04.15-16.19.39:659][300]LogModuleManager: Shutting down and abandoning module SandboxFile (2)
[2016.04.15-16.19.39:659][300]LogModuleManager: Shutting down and abandoning module PakFile (1)
[2016.04.15-16.19.39:660][300]LogExit: Exiting.
[2016.04.15-16.19.39:662][300]Log file closed, 04/15/16 11:19:39
